-------------------------------------------------------------------------------
Test set: com.toolshare.log.web.AdminLogControllerTests
-------------------------------------------------------------------------------
Tests run: 3, Failures: 2, Errors: 0, Skipped: 0, Time elapsed: 0.253 s <<< FAILURE! -- in com.toolshare.log.web.AdminLogControllerTests
com.toolshare.log.web.AdminLogControllerTests.adminShouldListAuditAndOperationLogs -- Time elapsed: 0.113 s <<< FAILURE!
org.opentest4j.AssertionFailedError: 

expected: 1
 but was: 2
	at java.base/jdk.internal.reflect.DirectConstructorHandleAccessor.newInstance(DirectConstructorHandleAccessor.java:62)
	at java.base/java.lang.reflect.Constructor.newInstanceWithCaller(Constructor.java:502)
	at com.toolshare.log.web.AdminLogControllerTests.adminShouldListAuditAndOperationLogs(AdminLogControllerTests.java:88)
	at java.base/java.lang.reflect.Method.invoke(Method.java:580)
	at java.base/java.util.ArrayList.forEach(ArrayList.java:1596)
	at java.base/java.util.ArrayList.forEach(ArrayList.java:1596)

com.toolshare.log.web.AdminLogControllerTests.operationLogsShouldKeepOnlyLatestTwoHundredRows -- Time elapsed: 0.042 s <<< FAILURE!
java.lang.AssertionError: Status expected:<200> but was:<400>
	at org.springframework.test.util.AssertionErrors.fail(AssertionErrors.java:59)
	at org.springframework.test.util.AssertionErrors.assertEquals(AssertionErrors.java:122)
	at org.springframework.test.web.servlet.result.StatusResultMatchers.lambda$matcher$9(StatusResultMatchers.java:637)
	at org.springframework.test.web.servlet.MockMvc$1.andExpect(MockMvc.java:214)
	at com.toolshare.log.web.AdminLogControllerTests.operationLogsShouldKeepOnlyLatestTwoHundredRows(AdminLogControllerTests.java:114)
	at java.base/java.lang.reflect.Method.invoke(Method.java:580)
	at java.base/java.util.ArrayList.forEach(ArrayList.java:1596)
	at java.base/java.util.ArrayList.forEach(ArrayList.java:1596)

