<?xml version="1.0" encoding="UTF-8"?>
<testsuite xmlns:xsi="http://www.w3.org/2001/XMLSchema-instance" xsi:noNamespaceSchemaLocation="https://maven.apache.org/surefire/maven-surefire-plugin/xsd/surefire-test-report-3.0.xsd" version="3.0" name="com.toolshare.review.web.ToolReviewAdminControllerTests" time="0.487" tests="5" errors="0" skipped="0" failures="0">
  <properties>
[...]
</properties>
  <testcase name="adminShouldRejectSubmissionAndRequireReason" classname="com.toolshare.review.web.ToolReviewAdminControllerTests" time="0.116">
    <system-out><![CDATA[2026-05-27T00:18:39.717+08:00 DEBUG 56753 --- [tool-share-backend] [           main] .b.t.c.SpringBootTestContextBootstrapper : Neither @ContextConfiguration nor @ContextHierarchy found for test class [ToolReviewAdminControllerTests]: using SpringBootContextLoader
2026-05-27T00:18:39.717+08:00  INFO 56753 --- [tool-share-backend] [           main] t.c.s.AnnotationConfigContextLoaderUtils : Could not detect default configuration classes for test class [com.toolshare.review.web.ToolReviewAdminControllerTests]: ToolReviewAdminControllerTests does not declare any static, non-private, non-final, nested classes annotated with @Configuration.
2026-05-27T00:18:39.718+08:00 DEBUG 56753 --- [tool-share-backend] [           main] .b.t.c.SpringBootTestContextBootstrapper : Using ContextCustomizerFactory implementations for test class [ToolReviewAdminControllerTests]: [ImportsContextCustomizerFactory, ExcludeFilterContextCustomizerFactory, HttpGraphQlTesterContextCustomizerFactory, DuplicateJsonObjectContextCustomizerFactory, MockitoContextCustomizerFactory, TestRestTemplateContextCustomizerFactory, WebTestClientContextCustomizerFactory, DisableReactorResourceFactoryGlobalResourcesContextCustomizerFactory, OverrideAutoConfigurationContextCustomizerFactory, ObservabilityContextCustomizerFactory, TypeExcludeFiltersContextCustomizerFactory, PropertyMappingContextCustomizerFactory, WebDriverContextCustomizerFactory, MockServerContainerContextCustomizerFactory, DynamicPropertiesContextCustomizerFactory]
2026-05-27T00:18:39.719+08:00 DEBUG 56753 --- [tool-share-backend] [           main] .b.t.c.SpringBootTestContextBootstrapper : Using ContextCustomizers for test class [ToolReviewAdminControllerTests]: [ImportsContextCustomizer, ExcludeFilterContextCustomizer, DuplicateJsonObjectContextCustomizer, MockitoContextCustomizer, TestRestTemplateContextCustomizer, DisableReactorResourceFactoryGlobalResourcesContextCustomizerCustomizer, DisableObservabilityContextCustomizer, PropertyMappingContextCustomizer, WebDriverContextCustomizer]
2026-05-27T00:18:39.732+08:00  INFO 56753 --- [tool-share-backend] [           main] .b.t.c.SpringBootTestContextBootstrapper : Found @SpringBootConfiguration com.toolshare.ToolShareApplication for test class com.toolshare.review.web.ToolReviewAdminControllerTests
2026-05-27T00:18:39.733+08:00 DEBUG 56753 --- [tool-share-backend] [           main] .b.t.c.SpringBootTestContextBootstrapper : Using TestExecutionListeners for test class [ToolReviewAdminControllerTests]: [ServletTestExecutionListener, DirtiesContextBeforeModesTestExecutionListener, ApplicationEventsTestExecutionListener, MockitoTestExecutionListener, DependencyInjectionTestExecutionListener, DirtiesContextTestExecutionListener, TransactionalTestExecutionListener, SqlScriptsTestExecutionListener, EventPublishingTestExecutionListener, ResetMocksTestExecutionListener, RestDocsTestExecutionListener, MockRestServiceServerResetTestExecutionListener, MockMvcPrintOnlyOnFailureTestExecutionListener, WebDriverTestExecutionListener, MockWebServiceServerTestExecutionListener]
2026-05-27T00:18:39.736+08:00 DEBUG 56753 --- [tool-share-backend] [           main] o.s.jdbc.core.JdbcTemplate               : Executing SQL query [SELECT id FROM users WHERE username = 'admin']
2026-05-27T00:18:39.736+08:00 DEBUG 56753 --- [tool-share-backend] [           main] o.s.jdbc.core.JdbcTemplate               : Executing prepared SQL query
2026-05-27T00:18:39.736+08:00 DEBUG 56753 --- [tool-share-backend] [           main] o.s.jdbc.core.JdbcTemplate               : Executing prepared SQL statement [SELECT id FROM roles WHERE code = ?]
2026-05-27T00:18:39.819+08:00 DEBUG 56753 --- [tool-share-backend] [           main] o.s.jdbc.core.JdbcTemplate               : Executing prepared SQL update
2026-05-27T00:18:39.820+08:00 DEBUG 56753 --- [tool-share-backend] [           main] o.s.jdbc.core.JdbcTemplate               : Executing prepared SQL statement [INSERT INTO users (username, email, password_hash, real_name, nickname, status, user_code, created_by, updated_by)
VALUES (?, ?, ?, ?, ?, ?, ?, ?, ?)
]
2026-05-27T00:18:39.820+08:00 DEBUG 56753 --- [tool-share-backend] [           main] o.s.jdbc.core.JdbcTemplate               : Executing prepared SQL query
2026-05-27T00:18:39.820+08:00 DEBUG 56753 --- [tool-share-backend] [           main] o.s.jdbc.core.JdbcTemplate               : Executing prepared SQL statement [SELECT id FROM users WHERE username = ?]
2026-05-27T00:18:39.820+08:00 DEBUG 56753 --- [tool-share-backend] [           main] o.s.jdbc.core.JdbcTemplate               : Executing prepared SQL update
2026-05-27T00:18:39.820+08:00 DEBUG 56753 --- [tool-share-backend] [           main] o.s.jdbc.core.JdbcTemplate               : Executing prepared SQL statement [INSERT INTO user_roles (user_id, role_id) VALUES (?, ?)]
2026-05-27T00:18:39.821+08:00 DEBUG 56753 --- [tool-share-backend] [           main] o.s.jdbc.core.JdbcTemplate               : Executing prepared SQL update
2026-05-27T00:18:39.821+08:00 DEBUG 56753 --- [tool-share-backend] [           main] o.s.jdbc.core.JdbcTemplate               : Executing prepared SQL statement [INSERT INTO tools (name, summary, description, url, usage_guide, recommender_id, status, star_count, favorite_count, comment_count, created_by, updated_by)
VALUES (?, ?, ?, ?, ?, ?, 'PENDING_REVIEW', 0, 0, 0, ?, ?)
]
2026-05-27T00:18:39.821+08:00 DEBUG 56753 --- [tool-share-backend] [           main] o.s.jdbc.core.JdbcTemplate               : Executing prepared SQL query
2026-05-27T00:18:39.821+08:00 DEBUG 56753 --- [tool-share-backend] [           main] o.s.jdbc.core.JdbcTemplate               : Executing prepared SQL statement [SELECT id FROM tools WHERE name = ?]
2026-05-27T00:18:39.821+08:00 DEBUG 56753 --- [tool-share-backend] [           main] o.s.jdbc.core.JdbcTemplate               : Executing prepared SQL update
2026-05-27T00:18:39.821+08:00 DEBUG 56753 --- [tool-share-backend] [           main] o.s.jdbc.core.JdbcTemplate               : Executing prepared SQL statement [INSERT INTO tool_submissions (tool_id, submitter_id, status, remark, created_by, updated_by)
VALUES (?, ?, 'PENDING', '等待管理员审核', ?, ?)
]
2026-05-27T00:18:39.822+08:00 DEBUG 56753 --- [tool-share-backend] [           main] o.s.jdbc.core.JdbcTemplate               : Executing prepared SQL query
2026-05-27T00:18:39.822+08:00 DEBUG 56753 --- [tool-share-backend] [           main] o.s.jdbc.core.JdbcTemplate               : Executing prepared SQL statement [SELECT id FROM tool_submissions WHERE tool_id = ?]
2026-05-27T00:18:39.823+08:00 DEBUG 56753 --- [tool-share-backend] [           main] s.w.s.m.m.a.RequestMappingHandlerMapping : Mapped to com.toolshare.review.web.AdminToolReviewController#rejectReview(Long, ReviewDecisionRequest)
2026-05-27T00:18:39.823+08:00 DEBUG 56753 --- [tool-share-backend] [           main] o.s.jdbc.core.JdbcTemplate               : Executing prepared SQL query
2026-05-27T00:18:39.823+08:00 DEBUG 56753 --- [tool-share-backend] [           main] o.s.jdbc.core.JdbcTemplate               : Executing prepared SQL statement [SELECT id, user_code, username, email, real_name, nickname, status, password_hash, login_fail_count, last_login_at, login_locked_until, deleted, created_at, updated_at
FROM users
WHERE id = ?
  AND deleted = FALSE
]
2026-05-27T00:18:39.823+08:00 DEBUG 56753 --- [tool-share-backend] [           main] o.s.jdbc.core.JdbcTemplate               : Executing prepared SQL query
2026-05-27T00:18:39.823+08:00 DEBUG 56753 --- [tool-share-backend] [           main] o.s.jdbc.core.JdbcTemplate               : Executing prepared SQL statement [SELECT ur.user_id, ur.role_id, r.code AS role_code, r.name AS role_name
FROM user_roles ur
JOIN roles r ON r.id = ur.role_id
WHERE ur.user_id IN (?)
  AND r.deleted = FALSE
ORDER BY ur.user_id, ur.role_id
]
2026-05-27T00:18:39.826+08:00 DEBUG 56753 --- [tool-share-backend] [           main] m.m.a.RequestResponseBodyMethodProcessor : Read "application/json;charset=UTF-8" to [ReviewDecisionRequest[remark= ]]
2026-05-27T00:18:39.827+08:00 DEBUG 56753 --- [tool-share-backend] [           main] o.s.jdbc.core.JdbcTemplate               : Executing prepared SQL query
2026-05-27T00:18:39.827+08:00 DEBUG 56753 --- [tool-share-backend] [           main] o.s.jdbc.core.JdbcTemplate               : Executing prepared SQL statement [SELECT ts.id,
       ts.tool_id,
       ts.submitter_id,
       u.real_name AS submitter_name,
       ts.status,
       ts.remark,
       ts.deleted,
       ts.created_at,
       ts.updated_at
FROM tool_submissions ts
JOIN users u ON u.id = ts.submitter_id
WHERE ts.id = ?
  AND ts.deleted = FALSE
]
2026-05-27T00:18:39.828+08:00 DEBUG 56753 --- [tool-share-backend] [           main] o.s.jdbc.core.JdbcTemplate               : Executing prepared SQL query
2026-05-27T00:18:39.828+08:00 DEBUG 56753 --- [tool-share-backend] [           main] o.s.jdbc.core.JdbcTemplate               : Executing prepared SQL statement [SELECT t.id,
       t.name,
       t.summary,
       t.description,
       t.url,
       t.usage_guide,
       t.recommender_id,
       u.real_name AS recommender_name,
       t.status,
       t.star_count,
       t.favorite_count,
       t.comment_count,
       t.deleted,
       t.created_at,
       t.updated_at
FROM tools t
JOIN users u ON u.id = t.recommender_id
WHERE t.id = ?
  AND t.deleted = FALSE
]
2026-05-27T00:18:39.829+08:00 DEBUG 56753 --- [tool-share-backend] [           main] .m.m.a.ExceptionHandlerExceptionResolver : Using @ExceptionHandler com.toolshare.config.GlobalExceptionHandler#handleBadRequest(BadRequestException, HttpServletRequest)
2026-05-27T00:18:39.829+08:00  WARN 56753 --- [tool-share-backend] [           main] c.t.config.GlobalExceptionHandler        : bad request: method=POST, path=/api/admin/reviews/1/reject, user=admin#1, 驳回原因不能为空
2026-05-27T00:18:39.829+08:00 DEBUG 56753 --- [tool-share-backend] [           main] o.s.w.s.m.m.a.HttpEntityMethodProcessor  : Using 'application/json', given [*/*] and supported [application/json, application/*+json]
2026-05-27T00:18:39.829+08:00 DEBUG 56753 --- [tool-share-backend] [           main] o.s.w.s.m.m.a.HttpEntityMethodProcessor  : Writing [ApiResponse[status=error, data=null, message=驳回原因不能为空]]
2026-05-27T00:18:39.829+08:00 DEBUG 56753 --- [tool-share-backend] [           main] .m.m.a.ExceptionHandlerExceptionResolver : Resolved [com.toolshare.exception.BadRequestException: 驳回原因不能为空]
2026-05-27T00:18:39.831+08:00 DEBUG 56753 --- [tool-share-backend] [           main] s.w.s.m.m.a.RequestMappingHandlerMapping : Mapped to com.toolshare.review.web.AdminToolReviewController#rejectReview(Long, ReviewDecisionRequest)
2026-05-27T00:18:39.831+08:00 DEBUG 56753 --- [tool-share-backend] [           main] o.s.jdbc.core.JdbcTemplate               : Executing prepared SQL query
2026-05-27T00:18:39.831+08:00 DEBUG 56753 --- [tool-share-backend] [           main] o.s.jdbc.core.JdbcTemplate               : Executing prepared SQL statement [SELECT id, user_code, username, email, real_name, nickname, status, password_hash, login_fail_count, last_login_at, login_locked_until, deleted, created_at, updated_at
FROM users
WHERE id = ?
  AND deleted = FALSE
]
2026-05-27T00:18:39.831+08:00 DEBUG 56753 --- [tool-share-backend] [           main] o.s.jdbc.core.JdbcTemplate               : Executing prepared SQL query
2026-05-27T00:18:39.831+08:00 DEBUG 56753 --- [tool-share-backend] [           main] o.s.jdbc.core.JdbcTemplate               : Executing prepared SQL statement [SELECT ur.user_id, ur.role_id, r.code AS role_code, r.name AS role_name
FROM user_roles ur
JOIN roles r ON r.id = ur.role_id
WHERE ur.user_id IN (?)
  AND r.deleted = FALSE
ORDER BY ur.user_id, ur.role_id
]
2026-05-27T00:18:39.832+08:00 DEBUG 56753 --- [tool-share-backend] [           main] m.m.a.RequestResponseBodyMethodProcessor : Read "application/json;charset=UTF-8" to [ReviewDecisionRequest[remark=内容描述不足]]
2026-05-27T00:18:39.832+08:00 DEBUG 56753 --- [tool-share-backend] [           main] o.s.jdbc.core.JdbcTemplate               : Executing prepared SQL query
2026-05-27T00:18:39.833+08:00 DEBUG 56753 --- [tool-share-backend] [           main] o.s.jdbc.core.JdbcTemplate               : Executing prepared SQL statement [SELECT ts.id,
       ts.tool_id,
       ts.submitter_id,
       u.real_name AS submitter_name,
       ts.status,
       ts.remark,
       ts.deleted,
       ts.created_at,
       ts.updated_at
FROM tool_submissions ts
JOIN users u ON u.id = ts.submitter_id
WHERE ts.id = ?
  AND ts.deleted = FALSE
]
2026-05-27T00:18:39.833+08:00 DEBUG 56753 --- [tool-share-backend] [           main] o.s.jdbc.core.JdbcTemplate               : Executing prepared SQL query
2026-05-27T00:18:39.833+08:00 DEBUG 56753 --- [tool-share-backend] [           main] o.s.jdbc.core.JdbcTemplate               : Executing prepared SQL statement [SELECT t.id,
       t.name,
       t.summary,
       t.description,
       t.url,
       t.usage_guide,
       t.recommender_id,
       u.real_name AS recommender_name,
       t.status,
       t.star_count,
       t.favorite_count,
       t.comment_count,
       t.deleted,
       t.created_at,
       t.updated_at
FROM tools t
JOIN users u ON u.id = t.recommender_id
WHERE t.id = ?
  AND t.deleted = FALSE
]
2026-05-27T00:18:39.836+08:00 DEBUG 56753 --- [tool-share-backend] [           main] o.s.jdbc.core.JdbcTemplate               : Executing prepared SQL update
2026-05-27T00:18:39.836+08:00 DEBUG 56753 --- [tool-share-backend] [           main] o.s.jdbc.core.JdbcTemplate               : Executing prepared SQL statement [UPDATE tool_submissions
SET status = ?, remark = ?, updated_by = ?, updated_at = NOW()
WHERE id = ?
  AND deleted = FALSE
]
2026-05-27T00:18:39.836+08:00 DEBUG 56753 --- [tool-share-backend] [           main] o.s.jdbc.core.JdbcTemplate               : Executing prepared SQL update
2026-05-27T00:18:39.836+08:00 DEBUG 56753 --- [tool-share-backend] [           main] o.s.jdbc.core.JdbcTemplate               : Executing prepared SQL statement [UPDATE tools
SET status = ?, updated_by = ?, updated_at = NOW()
WHERE id = ?
  AND deleted = FALSE
]
2026-05-27T00:18:39.837+08:00 DEBUG 56753 --- [tool-share-backend] [           main] o.s.jdbc.core.JdbcTemplate               : Executing prepared SQL update
2026-05-27T00:18:39.837+08:00 DEBUG 56753 --- [tool-share-backend] [           main] o.s.jdbc.core.JdbcTemplate               : Executing prepared SQL statement [INSERT INTO audit_logs (action, object_type, object_id, operator_id, operator_name, detail)
VALUES (?, ?, ?, ?, ?, ?)
]
2026-05-27T00:18:39.837+08:00 DEBUG 56753 --- [tool-share-backend] [           main] o.s.jdbc.core.JdbcTemplate               : Executing prepared SQL query
2026-05-27T00:18:39.837+08:00 DEBUG 56753 --- [tool-share-backend] [           main] o.s.jdbc.core.JdbcTemplate               : Executing prepared SQL statement [SELECT ts.id AS submission_id,
       ts.tool_id,
       ts.submitter_id,
       u.real_name AS submitter_name,
       t.name AS tool_name,
       t.summary AS tool_summary,
       t.status AS tool_status,
       ts.status AS submission_status,
       ts.remark,
       ts.created_at,
       ts.updated_at
FROM tool_submissions ts
JOIN tools t ON t.id = ts.tool_id
JOIN users u ON u.id = ts.submitter_id
WHERE ts.id = ?
  AND ts.deleted = FALSE
  AND t.deleted = FALSE
]
2026-05-27T00:18:39.838+08:00 DEBUG 56753 --- [tool-share-backend] [           main] o.s.jdbc.core.JdbcTemplate               : Executing prepared SQL query
2026-05-27T00:18:39.838+08:00 DEBUG 56753 --- [tool-share-backend] [           main] o.s.jdbc.core.JdbcTemplate               : Executing prepared SQL statement [SELECT tt.tool_id, t.id, t.name, t.description, t.deleted, t.created_at, t.updated_at
FROM tool_tags tt
JOIN tags t ON t.id = tt.tag_id
WHERE tt.tool_id IN (?)
  AND t.deleted = FALSE
ORDER BY tt.tool_id ASC, t.name ASC, t.id ASC
]
2026-05-27T00:18:39.839+08:00 DEBUG 56753 --- [tool-share-backend] [           main] m.m.a.RequestResponseBodyMethodProcessor : Using 'application/json', given [*/*] and supported [application/json, application/*+json]
2026-05-27T00:18:39.844+08:00 DEBUG 56753 --- [tool-share-backend] [           main] m.m.a.RequestResponseBodyMethodProcessor : Writing [ApiResponse[status=ok, data=ToolReviewResponse[submissionId=1, toolId=6, submitterId=13, submitterNa (truncated)...]
]]></system-out>
  </testcase>
  <testcase name="reviewerShouldAccessReviewApisButNotUpdateConfig" classname="com.toolshare.review.web.ToolReviewAdminControllerTests" time="0.169">
    <system-out><![CDATA[2026-05-27T00:18:39.855+08:00 DEBUG 56753 --- [tool-share-backend] [           main] o.s.jdbc.core.JdbcTemplate               : Executing prepared SQL query
2026-05-27T00:18:39.855+08:00 DEBUG 56753 --- [tool-share-backend] [           main] o.s.jdbc.core.JdbcTemplate               : Executing prepared SQL statement [SELECT id FROM roles WHERE code = ?]
2026-05-27T00:18:39.935+08:00 DEBUG 56753 --- [tool-share-backend] [           main] o.s.jdbc.core.JdbcTemplate               : Executing prepared SQL update
2026-05-27T00:18:39.935+08:00 DEBUG 56753 --- [tool-share-backend] [           main] o.s.jdbc.core.JdbcTemplate               : Executing prepared SQL statement [INSERT INTO users (username, email, password_hash, real_name, nickname, status, user_code, created_by, updated_by)
VALUES (?, ?, ?, ?, ?, ?, ?, ?, ?)
]
2026-05-27T00:18:39.935+08:00 DEBUG 56753 --- [tool-share-backend] [           main] o.s.jdbc.core.JdbcTemplate               : Executing prepared SQL query
2026-05-27T00:18:39.936+08:00 DEBUG 56753 --- [tool-share-backend] [           main] o.s.jdbc.core.JdbcTemplate               : Executing prepared SQL statement [SELECT id FROM users WHERE username = ?]
2026-05-27T00:18:39.936+08:00 DEBUG 56753 --- [tool-share-backend] [           main] o.s.jdbc.core.JdbcTemplate               : Executing prepared SQL update
2026-05-27T00:18:39.936+08:00 DEBUG 56753 --- [tool-share-backend] [           main] o.s.jdbc.core.JdbcTemplate               : Executing prepared SQL statement [INSERT INTO user_roles (user_id, role_id) VALUES (?, ?)]
2026-05-27T00:18:39.936+08:00 DEBUG 56753 --- [tool-share-backend] [           main] o.s.jdbc.core.JdbcTemplate               : Executing prepared SQL query
2026-05-27T00:18:39.936+08:00 DEBUG 56753 --- [tool-share-backend] [           main] o.s.jdbc.core.JdbcTemplate               : Executing prepared SQL statement [SELECT id FROM roles WHERE code = ?]
2026-05-27T00:18:39.999+08:00 DEBUG 56753 --- [tool-share-backend] [           main] o.s.jdbc.core.JdbcTemplate               : Executing prepared SQL update
2026-05-27T00:18:39.999+08:00 DEBUG 56753 --- [tool-share-backend] [           main] o.s.jdbc.core.JdbcTemplate               : Executing prepared SQL statement [INSERT INTO users (username, email, password_hash, real_name, nickname, status, user_code, created_by, updated_by)
VALUES (?, ?, ?, ?, ?, ?, ?, ?, ?)
]
2026-05-27T00:18:39.999+08:00 DEBUG 56753 --- [tool-share-backend] [           main] o.s.jdbc.core.JdbcTemplate               : Executing prepared SQL query
2026-05-27T00:18:39.999+08:00 DEBUG 56753 --- [tool-share-backend] [           main] o.s.jdbc.core.JdbcTemplate               : Executing prepared SQL statement [SELECT id FROM users WHERE username = ?]
2026-05-27T00:18:39.999+08:00 DEBUG 56753 --- [tool-share-backend] [           main] o.s.jdbc.core.JdbcTemplate               : Executing prepared SQL update
2026-05-27T00:18:39.999+08:00 DEBUG 56753 --- [tool-share-backend] [           main] o.s.jdbc.core.JdbcTemplate               : Executing prepared SQL statement [INSERT INTO user_roles (user_id, role_id) VALUES (?, ?)]
2026-05-27T00:18:39.999+08:00 DEBUG 56753 --- [tool-share-backend] [           main] o.s.jdbc.core.JdbcTemplate               : Executing prepared SQL update
2026-05-27T00:18:39.999+08:00 DEBUG 56753 --- [tool-share-backend] [           main] o.s.jdbc.core.JdbcTemplate               : Executing prepared SQL statement [INSERT INTO tools (name, summary, description, url, usage_guide, recommender_id, status, star_count, favorite_count, comment_count, created_by, updated_by)
VALUES (?, ?, ?, ?, ?, ?, 'PENDING_REVIEW', 0, 0, 0, ?, ?)
]
2026-05-27T00:18:40.000+08:00 DEBUG 56753 --- [tool-share-backend] [           main] o.s.jdbc.core.JdbcTemplate               : Executing prepared SQL query
2026-05-27T00:18:40.000+08:00 DEBUG 56753 --- [tool-share-backend] [           main] o.s.jdbc.core.JdbcTemplate               : Executing prepared SQL statement [SELECT id FROM tools WHERE name = ?]
2026-05-27T00:18:40.000+08:00 DEBUG 56753 --- [tool-share-backend] [           main] o.s.jdbc.core.JdbcTemplate               : Executing prepared SQL update
2026-05-27T00:18:40.000+08:00 DEBUG 56753 --- [tool-share-backend] [           main] o.s.jdbc.core.JdbcTemplate               : Executing prepared SQL statement [INSERT INTO tool_submissions (tool_id, submitter_id, status, remark, created_by, updated_by)
VALUES (?, ?, 'PENDING', '等待管理员审核', ?, ?)
]
2026-05-27T00:18:40.000+08:00 DEBUG 56753 --- [tool-share-backend] [           main] o.s.jdbc.core.JdbcTemplate               : Executing prepared SQL query
2026-05-27T00:18:40.000+08:00 DEBUG 56753 --- [tool-share-backend] [           main] o.s.jdbc.core.JdbcTemplate               : Executing prepared SQL statement [SELECT id FROM tool_submissions WHERE tool_id = ?]
2026-05-27T00:18:40.001+08:00 DEBUG 56753 --- [tool-share-backend] [           main] s.w.s.m.m.a.RequestMappingHandlerMapping : Mapped to com.toolshare.review.web.AdminToolReviewController#listReviews(String)
2026-05-27T00:18:40.001+08:00 DEBUG 56753 --- [tool-share-backend] [           main] o.s.jdbc.core.JdbcTemplate               : Executing prepared SQL query
2026-05-27T00:18:40.001+08:00 DEBUG 56753 --- [tool-share-backend] [           main] o.s.jdbc.core.JdbcTemplate               : Executing prepared SQL statement [SELECT id, user_code, username, email, real_name, nickname, status, password_hash, login_fail_count, last_login_at, login_locked_until, deleted, created_at, updated_at
FROM users
WHERE id = ?
  AND deleted = FALSE
]
2026-05-27T00:18:40.002+08:00 DEBUG 56753 --- [tool-share-backend] [           main] o.s.jdbc.core.JdbcTemplate               : Executing prepared SQL query
2026-05-27T00:18:40.002+08:00 DEBUG 56753 --- [tool-share-backend] [           main] o.s.jdbc.core.JdbcTemplate               : Executing prepared SQL statement [SELECT ur.user_id, ur.role_id, r.code AS role_code, r.name AS role_name
FROM user_roles ur
JOIN roles r ON r.id = ur.role_id
WHERE ur.user_id IN (?)
  AND r.deleted = FALSE
ORDER BY ur.user_id, ur.role_id
]
2026-05-27T00:18:40.005+08:00 DEBUG 56753 --- [tool-share-backend] [           main] o.s.jdbc.core.JdbcTemplate               : Executing prepared SQL query
2026-05-27T00:18:40.005+08:00 DEBUG 56753 --- [tool-share-backend] [           main] o.s.jdbc.core.JdbcTemplate               : Executing prepared SQL statement [SELECT ts.id AS submission_id,
       ts.tool_id,
       ts.submitter_id,
       u.real_name AS submitter_name,
       t.name AS tool_name,
       t.summary AS tool_summary,
       t.status AS tool_status,
       ts.status AS submission_status,
       ts.remark,
       ts.created_at,
       ts.updated_at
FROM tool_submissions ts
JOIN tools t ON t.id = ts.tool_id
JOIN users u ON u.id = ts.submitter_id
WHERE ts.deleted = FALSE
  AND t.deleted = FALSE
  AND ts.status = ?
ORDER BY ts.created_at ASC, ts.id ASC
]
2026-05-27T00:18:40.006+08:00 DEBUG 56753 --- [tool-share-backend] [           main] o.s.jdbc.core.JdbcTemplate               : Executing prepared SQL query
2026-05-27T00:18:40.006+08:00 DEBUG 56753 --- [tool-share-backend] [           main] o.s.jdbc.core.JdbcTemplate               : Executing prepared SQL statement [SELECT tt.tool_id, t.id, t.name, t.description, t.deleted, t.created_at, t.updated_at
FROM tool_tags tt
JOIN tags t ON t.id = tt.tag_id
WHERE tt.tool_id IN (?)
  AND t.deleted = FALSE
ORDER BY tt.tool_id ASC, t.name ASC, t.id ASC
]
2026-05-27T00:18:40.007+08:00 DEBUG 56753 --- [tool-share-backend] [           main] m.m.a.RequestResponseBodyMethodProcessor : Using 'application/json', given [*/*] and supported [application/json, application/*+json]
2026-05-27T00:18:40.007+08:00 DEBUG 56753 --- [tool-share-backend] [           main] m.m.a.RequestResponseBodyMethodProcessor : Writing [ApiResponse[status=ok, data=[ToolReviewResponse[submissionId=2, toolId=7, submitterId=15, submitterN (truncated)...]
2026-05-27T00:18:40.014+08:00 DEBUG 56753 --- [tool-share-backend] [           main] s.w.s.m.m.a.RequestMappingHandlerMapping : Mapped to com.toolshare.review.web.AdminToolReviewController#getToolReviewConfig()
2026-05-27T00:18:40.014+08:00 DEBUG 56753 --- [tool-share-backend] [           main] o.s.jdbc.core.JdbcTemplate               : Executing prepared SQL query
2026-05-27T00:18:40.014+08:00 DEBUG 56753 --- [tool-share-backend] [           main] o.s.jdbc.core.JdbcTemplate               : Executing prepared SQL statement [SELECT id, user_code, username, email, real_name, nickname, status, password_hash, login_fail_count, last_login_at, login_locked_until, deleted, created_at, updated_at
FROM users
WHERE id = ?
  AND deleted = FALSE
]
2026-05-27T00:18:40.014+08:00 DEBUG 56753 --- [tool-share-backend] [           main] o.s.jdbc.core.JdbcTemplate               : Executing prepared SQL query
2026-05-27T00:18:40.014+08:00 DEBUG 56753 --- [tool-share-backend] [           main] o.s.jdbc.core.JdbcTemplate               : Executing prepared SQL statement [SELECT ur.user_id, ur.role_id, r.code AS role_code, r.name AS role_name
FROM user_roles ur
JOIN roles r ON r.id = ur.role_id
WHERE ur.user_id IN (?)
  AND r.deleted = FALSE
ORDER BY ur.user_id, ur.role_id
]
2026-05-27T00:18:40.015+08:00 DEBUG 56753 --- [tool-share-backend] [           main] o.s.jdbc.core.JdbcTemplate               : Executing prepared SQL query
2026-05-27T00:18:40.015+08:00 DEBUG 56753 --- [tool-share-backend] [           main] o.s.jdbc.core.JdbcTemplate               : Executing prepared SQL statement [SELECT id, config_key, config_value, description, deleted, created_at, updated_at
FROM system_configs
WHERE config_key = ?
  AND deleted = FALSE
]
2026-05-27T00:18:40.016+08:00 DEBUG 56753 --- [tool-share-backend] [           main] m.m.a.RequestResponseBodyMethodProcessor : Using 'application/json', given [*/*] and supported [application/json, application/*+json]
2026-05-27T00:18:40.017+08:00 DEBUG 56753 --- [tool-share-backend] [           main] m.m.a.RequestResponseBodyMethodProcessor : Writing [ApiResponse[status=ok, data=ToolReviewConfigResponse[toolReviewEnabled=true], message=success]]
2026-05-27T00:18:40.018+08:00 DEBUG 56753 --- [tool-share-backend] [           main] s.w.s.m.m.a.RequestMappingHandlerMapping : Mapped to com.toolshare.review.web.AdminToolReviewController#updateToolReviewConfig(ToolReviewConfigUpdateRequest)
2026-05-27T00:18:40.018+08:00 DEBUG 56753 --- [tool-share-backend] [           main] o.s.jdbc.core.JdbcTemplate               : Executing prepared SQL query
2026-05-27T00:18:40.018+08:00 DEBUG 56753 --- [tool-share-backend] [           main] o.s.jdbc.core.JdbcTemplate               : Executing prepared SQL statement [SELECT id, user_code, username, email, real_name, nickname, status, password_hash, login_fail_count, last_login_at, login_locked_until, deleted, created_at, updated_at
FROM users
WHERE id = ?
  AND deleted = FALSE
]
2026-05-27T00:18:40.019+08:00 DEBUG 56753 --- [tool-share-backend] [           main] o.s.jdbc.core.JdbcTemplate               : Executing prepared SQL query
2026-05-27T00:18:40.019+08:00 DEBUG 56753 --- [tool-share-backend] [           main] o.s.jdbc.core.JdbcTemplate               : Executing prepared SQL statement [SELECT ur.user_id, ur.role_id, r.code AS role_code, r.name AS role_name
FROM user_roles ur
JOIN roles r ON r.id = ur.role_id
WHERE ur.user_id IN (?)
  AND r.deleted = FALSE
ORDER BY ur.user_id, ur.role_id
]
2026-05-27T00:18:40.019+08:00 DEBUG 56753 --- [tool-share-backend] [           main] .m.m.a.ExceptionHandlerExceptionResolver : Using @ExceptionHandler com.toolshare.config.GlobalExceptionHandler#handleForbidden(ForbiddenException, HttpServletRequest)
2026-05-27T00:18:40.019+08:00  WARN 56753 --- [tool-share-backend] [           main] c.t.config.GlobalExceptionHandler        : forbidden request: method=PUT, path=/api/admin/reviews/config/tool-review, user=plain-reviewer#14, 当前账号无权访问该管理资源
2026-05-27T00:18:40.019+08:00 DEBUG 56753 --- [tool-share-backend] [           main] o.s.w.s.m.m.a.HttpEntityMethodProcessor  : Using 'application/json', given [*/*] and supported [application/json, application/*+json]
2026-05-27T00:18:40.019+08:00 DEBUG 56753 --- [tool-share-backend] [           main] o.s.w.s.m.m.a.HttpEntityMethodProcessor  : Writing [ApiResponse[status=error, data=null, message=当前账号无权访问该管理资源]]
2026-05-27T00:18:40.019+08:00 DEBUG 56753 --- [tool-share-backend] [           main] .m.m.a.ExceptionHandlerExceptionResolver : Resolved [com.toolshare.exception.ForbiddenException: 当前账号无权访问该管理资源]
]]></system-out>
  </testcase>
  <testcase name="nonAdminShouldNotAccessReviewApis" classname="com.toolshare.review.web.ToolReviewAdminControllerTests" time="0.088">
    <system-out><![CDATA[2026-05-27T00:18:40.024+08:00 DEBUG 56753 --- [tool-share-backend] [           main] o.s.jdbc.core.JdbcTemplate               : Executing prepared SQL query
2026-05-27T00:18:40.024+08:00 DEBUG 56753 --- [tool-share-backend] [           main] o.s.jdbc.core.JdbcTemplate               : Executing prepared SQL statement [SELECT id FROM roles WHERE code = ?]
2026-05-27T00:18:40.104+08:00 DEBUG 56753 --- [tool-share-backend] [           main] o.s.jdbc.core.JdbcTemplate               : Executing prepared SQL update
2026-05-27T00:18:40.104+08:00 DEBUG 56753 --- [tool-share-backend] [           main] o.s.jdbc.core.JdbcTemplate               : Executing prepared SQL statement [INSERT INTO users (username, email, password_hash, real_name, nickname, status, user_code, created_by, updated_by)
VALUES (?, ?, ?, ?, ?, ?, ?, ?, ?)
]
2026-05-27T00:18:40.105+08:00 DEBUG 56753 --- [tool-share-backend] [           main] o.s.jdbc.core.JdbcTemplate               : Executing prepared SQL query
2026-05-27T00:18:40.105+08:00 DEBUG 56753 --- [tool-share-backend] [           main] o.s.jdbc.core.JdbcTemplate               : Executing prepared SQL statement [SELECT id FROM users WHERE username = ?]
2026-05-27T00:18:40.105+08:00 DEBUG 56753 --- [tool-share-backend] [           main] o.s.jdbc.core.JdbcTemplate               : Executing prepared SQL update
2026-05-27T00:18:40.105+08:00 DEBUG 56753 --- [tool-share-backend] [           main] o.s.jdbc.core.JdbcTemplate               : Executing prepared SQL statement [INSERT INTO user_roles (user_id, role_id) VALUES (?, ?)]
2026-05-27T00:18:40.106+08:00 DEBUG 56753 --- [tool-share-backend] [           main] s.w.s.m.m.a.RequestMappingHandlerMapping : Mapped to com.toolshare.review.web.AdminToolReviewController#listReviews(String)
2026-05-27T00:18:40.106+08:00 DEBUG 56753 --- [tool-share-backend] [           main] o.s.jdbc.core.JdbcTemplate               : Executing prepared SQL query
2026-05-27T00:18:40.106+08:00 DEBUG 56753 --- [tool-share-backend] [           main] o.s.jdbc.core.JdbcTemplate               : Executing prepared SQL statement [SELECT id, user_code, username, email, real_name, nickname, status, password_hash, login_fail_count, last_login_at, login_locked_until, deleted, created_at, updated_at
FROM users
WHERE id = ?
  AND deleted = FALSE
]
2026-05-27T00:18:40.106+08:00 DEBUG 56753 --- [tool-share-backend] [           main] o.s.jdbc.core.JdbcTemplate               : Executing prepared SQL query
2026-05-27T00:18:40.106+08:00 DEBUG 56753 --- [tool-share-backend] [           main] o.s.jdbc.core.JdbcTemplate               : Executing prepared SQL statement [SELECT ur.user_id, ur.role_id, r.code AS role_code, r.name AS role_name
FROM user_roles ur
JOIN roles r ON r.id = ur.role_id
WHERE ur.user_id IN (?)
  AND r.deleted = FALSE
ORDER BY ur.user_id, ur.role_id
]
2026-05-27T00:18:40.106+08:00 DEBUG 56753 --- [tool-share-backend] [           main] .m.m.a.ExceptionHandlerExceptionResolver : Using @ExceptionHandler com.toolshare.config.GlobalExceptionHandler#handleForbidden(ForbiddenException, HttpServletRequest)
2026-05-27T00:18:40.106+08:00  WARN 56753 --- [tool-share-backend] [           main] c.t.config.GlobalExceptionHandler        : forbidden request: method=GET, path=/api/admin/reviews, user=plain-review-user#16, 当前账号无权访问该管理资源
2026-05-27T00:18:40.107+08:00 DEBUG 56753 --- [tool-share-backend] [           main] o.s.w.s.m.m.a.HttpEntityMethodProcessor  : Using 'application/json', given [*/*] and supported [application/json, application/*+json]
2026-05-27T00:18:40.107+08:00 DEBUG 56753 --- [tool-share-backend] [           main] o.s.w.s.m.m.a.HttpEntityMethodProcessor  : Writing [ApiResponse[status=error, data=null, message=当前账号无权访问该管理资源]]
2026-05-27T00:18:40.107+08:00 DEBUG 56753 --- [tool-share-backend] [           main] .m.m.a.ExceptionHandlerExceptionResolver : Resolved [com.toolshare.exception.ForbiddenException: 当前账号无权访问该管理资源]
2026-05-27T00:18:40.108+08:00 DEBUG 56753 --- [tool-share-backend] [           main] s.w.s.m.m.a.RequestMappingHandlerMapping : Mapped to com.toolshare.review.web.AdminToolReviewController#getToolReviewConfig()
2026-05-27T00:18:40.108+08:00 DEBUG 56753 --- [tool-share-backend] [           main] o.s.jdbc.core.JdbcTemplate               : Executing prepared SQL query
2026-05-27T00:18:40.108+08:00 DEBUG 56753 --- [tool-share-backend] [           main] o.s.jdbc.core.JdbcTemplate               : Executing prepared SQL statement [SELECT id, user_code, username, email, real_name, nickname, status, password_hash, login_fail_count, last_login_at, login_locked_until, deleted, created_at, updated_at
FROM users
WHERE id = ?
  AND deleted = FALSE
]
2026-05-27T00:18:40.108+08:00 DEBUG 56753 --- [tool-share-backend] [           main] o.s.jdbc.core.JdbcTemplate               : Executing prepared SQL query
2026-05-27T00:18:40.108+08:00 DEBUG 56753 --- [tool-share-backend] [           main] o.s.jdbc.core.JdbcTemplate               : Executing prepared SQL statement [SELECT ur.user_id, ur.role_id, r.code AS role_code, r.name AS role_name
FROM user_roles ur
JOIN roles r ON r.id = ur.role_id
WHERE ur.user_id IN (?)
  AND r.deleted = FALSE
ORDER BY ur.user_id, ur.role_id
]
2026-05-27T00:18:40.108+08:00 DEBUG 56753 --- [tool-share-backend] [           main] .m.m.a.ExceptionHandlerExceptionResolver : Using @ExceptionHandler com.toolshare.config.GlobalExceptionHandler#handleForbidden(ForbiddenException, HttpServletRequest)
2026-05-27T00:18:40.108+08:00  WARN 56753 --- [tool-share-backend] [           main] c.t.config.GlobalExceptionHandler        : forbidden request: method=GET, path=/api/admin/reviews/config/tool-review, user=plain-review-user#16, 当前账号无权访问该管理资源
2026-05-27T00:18:40.108+08:00 DEBUG 56753 --- [tool-share-backend] [           main] o.s.w.s.m.m.a.HttpEntityMethodProcessor  : Using 'application/json', given [*/*] and supported [application/json, application/*+json]
2026-05-27T00:18:40.109+08:00 DEBUG 56753 --- [tool-share-backend] [           main] o.s.w.s.m.m.a.HttpEntityMethodProcessor  : Writing [ApiResponse[status=error, data=null, message=当前账号无权访问该管理资源]]
2026-05-27T00:18:40.109+08:00 DEBUG 56753 --- [tool-share-backend] [           main] .m.m.a.ExceptionHandlerExceptionResolver : Resolved [com.toolshare.exception.ForbiddenException: 当前账号无权访问该管理资源]
]]></system-out>
  </testcase>
  <testcase name="adminShouldReviewSubmissionAndUpdateToolStatus" classname="com.toolshare.review.web.ToolReviewAdminControllerTests" time="0.08">
    <system-out><![CDATA[2026-05-27T00:18:40.113+08:00 DEBUG 56753 --- [tool-share-backend] [           main] o.s.jdbc.core.JdbcTemplate               : Executing SQL query [SELECT id FROM users WHERE username = 'admin']
2026-05-27T00:18:40.113+08:00 DEBUG 56753 --- [tool-share-backend] [           main] o.s.jdbc.core.JdbcTemplate               : Executing prepared SQL query
2026-05-27T00:18:40.113+08:00 DEBUG 56753 --- [tool-share-backend] [           main] o.s.jdbc.core.JdbcTemplate               : Executing prepared SQL statement [SELECT id FROM roles WHERE code = ?]
2026-05-27T00:18:40.181+08:00 DEBUG 56753 --- [tool-share-backend] [           main] o.s.jdbc.core.JdbcTemplate               : Executing prepared SQL update
2026-05-27T00:18:40.181+08:00 DEBUG 56753 --- [tool-share-backend] [           main] o.s.jdbc.core.JdbcTemplate               : Executing prepared SQL statement [INSERT INTO users (username, email, password_hash, real_name, nickname, status, user_code, created_by, updated_by)
VALUES (?, ?, ?, ?, ?, ?, ?, ?, ?)
]
2026-05-27T00:18:40.181+08:00 DEBUG 56753 --- [tool-share-backend] [           main] o.s.jdbc.core.JdbcTemplate               : Executing prepared SQL query
2026-05-27T00:18:40.181+08:00 DEBUG 56753 --- [tool-share-backend] [           main] o.s.jdbc.core.JdbcTemplate               : Executing prepared SQL statement [SELECT id FROM users WHERE username = ?]
2026-05-27T00:18:40.181+08:00 DEBUG 56753 --- [tool-share-backend] [           main] o.s.jdbc.core.JdbcTemplate               : Executing prepared SQL update
2026-05-27T00:18:40.181+08:00 DEBUG 56753 --- [tool-share-backend] [           main] o.s.jdbc.core.JdbcTemplate               : Executing prepared SQL statement [INSERT INTO user_roles (user_id, role_id) VALUES (?, ?)]
2026-05-27T00:18:40.181+08:00 DEBUG 56753 --- [tool-share-backend] [           main] o.s.jdbc.core.JdbcTemplate               : Executing prepared SQL update
2026-05-27T00:18:40.181+08:00 DEBUG 56753 --- [tool-share-backend] [           main] o.s.jdbc.core.JdbcTemplate               : Executing prepared SQL statement [INSERT INTO tools (name, summary, description, url, usage_guide, recommender_id, status, star_count, favorite_count, comment_count, created_by, updated_by)
VALUES (?, ?, ?, ?, ?, ?, 'PENDING_REVIEW', 0, 0, 0, ?, ?)
]
2026-05-27T00:18:40.181+08:00 DEBUG 56753 --- [tool-share-backend] [           main] o.s.jdbc.core.JdbcTemplate               : Executing prepared SQL query
2026-05-27T00:18:40.181+08:00 DEBUG 56753 --- [tool-share-backend] [           main] o.s.jdbc.core.JdbcTemplate               : Executing prepared SQL statement [SELECT id FROM tools WHERE name = ?]
2026-05-27T00:18:40.182+08:00 DEBUG 56753 --- [tool-share-backend] [           main] o.s.jdbc.core.JdbcTemplate               : Executing prepared SQL update
2026-05-27T00:18:40.182+08:00 DEBUG 56753 --- [tool-share-backend] [           main] o.s.jdbc.core.JdbcTemplate               : Executing prepared SQL statement [INSERT INTO tool_submissions (tool_id, submitter_id, status, remark, created_by, updated_by)
VALUES (?, ?, 'PENDING', '等待管理员审核', ?, ?)
]
2026-05-27T00:18:40.182+08:00 DEBUG 56753 --- [tool-share-backend] [           main] o.s.jdbc.core.JdbcTemplate               : Executing prepared SQL query
2026-05-27T00:18:40.182+08:00 DEBUG 56753 --- [tool-share-backend] [           main] o.s.jdbc.core.JdbcTemplate               : Executing prepared SQL statement [SELECT id FROM tool_submissions WHERE tool_id = ?]
2026-05-27T00:18:40.183+08:00 DEBUG 56753 --- [tool-share-backend] [           main] s.w.s.m.m.a.RequestMappingHandlerMapping : Mapped to com.toolshare.review.web.AdminToolReviewController#listReviews(String)
2026-05-27T00:18:40.183+08:00 DEBUG 56753 --- [tool-share-backend] [           main] o.s.jdbc.core.JdbcTemplate               : Executing prepared SQL query
2026-05-27T00:18:40.183+08:00 DEBUG 56753 --- [tool-share-backend] [           main] o.s.jdbc.core.JdbcTemplate               : Executing prepared SQL statement [SELECT id, user_code, username, email, real_name, nickname, status, password_hash, login_fail_count, last_login_at, login_locked_until, deleted, created_at, updated_at
FROM users
WHERE id = ?
  AND deleted = FALSE
]
2026-05-27T00:18:40.183+08:00 DEBUG 56753 --- [tool-share-backend] [           main] o.s.jdbc.core.JdbcTemplate               : Executing prepared SQL query
2026-05-27T00:18:40.183+08:00 DEBUG 56753 --- [tool-share-backend] [           main] o.s.jdbc.core.JdbcTemplate               : Executing prepared SQL statement [SELECT ur.user_id, ur.role_id, r.code AS role_code, r.name AS role_name
FROM user_roles ur
JOIN roles r ON r.id = ur.role_id
WHERE ur.user_id IN (?)
  AND r.deleted = FALSE
ORDER BY ur.user_id, ur.role_id
]
2026-05-27T00:18:40.184+08:00 DEBUG 56753 --- [tool-share-backend] [           main] o.s.jdbc.core.JdbcTemplate               : Executing prepared SQL query
2026-05-27T00:18:40.184+08:00 DEBUG 56753 --- [tool-share-backend] [           main] o.s.jdbc.core.JdbcTemplate               : Executing prepared SQL statement [SELECT ts.id AS submission_id,
       ts.tool_id,
       ts.submitter_id,
       u.real_name AS submitter_name,
       t.name AS tool_name,
       t.summary AS tool_summary,
       t.status AS tool_status,
       ts.status AS submission_status,
       ts.remark,
       ts.created_at,
       ts.updated_at
FROM tool_submissions ts
JOIN tools t ON t.id = ts.tool_id
JOIN users u ON u.id = ts.submitter_id
WHERE ts.deleted = FALSE
  AND t.deleted = FALSE
  AND ts.status = ?
ORDER BY ts.created_at ASC, ts.id ASC
]
2026-05-27T00:18:40.184+08:00 DEBUG 56753 --- [tool-share-backend] [           main] o.s.jdbc.core.JdbcTemplate               : Executing prepared SQL query
2026-05-27T00:18:40.184+08:00 DEBUG 56753 --- [tool-share-backend] [           main] o.s.jdbc.core.JdbcTemplate               : Executing prepared SQL statement [SELECT tt.tool_id, t.id, t.name, t.description, t.deleted, t.created_at, t.updated_at
FROM tool_tags tt
JOIN tags t ON t.id = tt.tag_id
WHERE tt.tool_id IN (?,?)
  AND t.deleted = FALSE
ORDER BY tt.tool_id ASC, t.name ASC, t.id ASC
]
2026-05-27T00:18:40.185+08:00 DEBUG 56753 --- [tool-share-backend] [           main] m.m.a.RequestResponseBodyMethodProcessor : Using 'application/json', given [*/*] and supported [application/json, application/*+json]
2026-05-27T00:18:40.185+08:00 DEBUG 56753 --- [tool-share-backend] [           main] m.m.a.RequestResponseBodyMethodProcessor : Writing [ApiResponse[status=ok, data=[ToolReviewResponse[submissionId=2, toolId=7, submitterId=15, submitterN (truncated)...]
2026-05-27T00:18:40.186+08:00 DEBUG 56753 --- [tool-share-backend] [           main] s.w.s.m.m.a.RequestMappingHandlerMapping : Mapped to com.toolshare.review.web.AdminToolReviewController#approveReview(Long, ReviewDecisionRequest)
2026-05-27T00:18:40.186+08:00 DEBUG 56753 --- [tool-share-backend] [           main] o.s.jdbc.core.JdbcTemplate               : Executing prepared SQL query
2026-05-27T00:18:40.186+08:00 DEBUG 56753 --- [tool-share-backend] [           main] o.s.jdbc.core.JdbcTemplate               : Executing prepared SQL statement [SELECT id, user_code, username, email, real_name, nickname, status, password_hash, login_fail_count, last_login_at, login_locked_until, deleted, created_at, updated_at
FROM users
WHERE id = ?
  AND deleted = FALSE
]
2026-05-27T00:18:40.186+08:00 DEBUG 56753 --- [tool-share-backend] [           main] o.s.jdbc.core.JdbcTemplate               : Executing prepared SQL query
2026-05-27T00:18:40.186+08:00 DEBUG 56753 --- [tool-share-backend] [           main] o.s.jdbc.core.JdbcTemplate               : Executing prepared SQL statement [SELECT ur.user_id, ur.role_id, r.code AS role_code, r.name AS role_name
FROM user_roles ur
JOIN roles r ON r.id = ur.role_id
WHERE ur.user_id IN (?)
  AND r.deleted = FALSE
ORDER BY ur.user_id, ur.role_id
]
2026-05-27T00:18:40.186+08:00 DEBUG 56753 --- [tool-share-backend] [           main] m.m.a.RequestResponseBodyMethodProcessor : Read "application/json;charset=UTF-8" to [ReviewDecisionRequest[remark=可以上线]]
2026-05-27T00:18:40.187+08:00 DEBUG 56753 --- [tool-share-backend] [           main] o.s.jdbc.core.JdbcTemplate               : Executing prepared SQL query
2026-05-27T00:18:40.187+08:00 DEBUG 56753 --- [tool-share-backend] [           main] o.s.jdbc.core.JdbcTemplate               : Executing prepared SQL statement [SELECT ts.id,
       ts.tool_id,
       ts.submitter_id,
       u.real_name AS submitter_name,
       ts.status,
       ts.remark,
       ts.deleted,
       ts.created_at,
       ts.updated_at
FROM tool_submissions ts
JOIN users u ON u.id = ts.submitter_id
WHERE ts.id = ?
  AND ts.deleted = FALSE
]
2026-05-27T00:18:40.187+08:00 DEBUG 56753 --- [tool-share-backend] [           main] o.s.jdbc.core.JdbcTemplate               : Executing prepared SQL query
2026-05-27T00:18:40.187+08:00 DEBUG 56753 --- [tool-share-backend] [           main] o.s.jdbc.core.JdbcTemplate               : Executing prepared SQL statement [SELECT t.id,
       t.name,
       t.summary,
       t.description,
       t.url,
       t.usage_guide,
       t.recommender_id,
       u.real_name AS recommender_name,
       t.status,
       t.star_count,
       t.favorite_count,
       t.comment_count,
       t.deleted,
       t.created_at,
       t.updated_at
FROM tools t
JOIN users u ON u.id = t.recommender_id
WHERE t.id = ?
  AND t.deleted = FALSE
]
2026-05-27T00:18:40.187+08:00 DEBUG 56753 --- [tool-share-backend] [           main] o.s.jdbc.core.JdbcTemplate               : Executing prepared SQL update
2026-05-27T00:18:40.187+08:00 DEBUG 56753 --- [tool-share-backend] [           main] o.s.jdbc.core.JdbcTemplate               : Executing prepared SQL statement [UPDATE tool_submissions
SET status = ?, remark = ?, updated_by = ?, updated_at = NOW()
WHERE id = ?
  AND deleted = FALSE
]
2026-05-27T00:18:40.187+08:00 DEBUG 56753 --- [tool-share-backend] [           main] o.s.jdbc.core.JdbcTemplate               : Executing prepared SQL update
2026-05-27T00:18:40.187+08:00 DEBUG 56753 --- [tool-share-backend] [           main] o.s.jdbc.core.JdbcTemplate               : Executing prepared SQL statement [UPDATE tools
SET status = ?, updated_by = ?, updated_at = NOW()
WHERE id = ?
  AND deleted = FALSE
]
2026-05-27T00:18:40.188+08:00 DEBUG 56753 --- [tool-share-backend] [           main] o.s.jdbc.core.JdbcTemplate               : Executing prepared SQL update
2026-05-27T00:18:40.188+08:00 DEBUG 56753 --- [tool-share-backend] [           main] o.s.jdbc.core.JdbcTemplate               : Executing prepared SQL statement [INSERT INTO audit_logs (action, object_type, object_id, operator_id, operator_name, detail)
VALUES (?, ?, ?, ?, ?, ?)
]
2026-05-27T00:18:40.188+08:00 DEBUG 56753 --- [tool-share-backend] [           main] o.s.jdbc.core.JdbcTemplate               : Executing prepared SQL query
2026-05-27T00:18:40.188+08:00 DEBUG 56753 --- [tool-share-backend] [           main] o.s.jdbc.core.JdbcTemplate               : Executing prepared SQL statement [SELECT ts.id AS submission_id,
       ts.tool_id,
       ts.submitter_id,
       u.real_name AS submitter_name,
       t.name AS tool_name,
       t.summary AS tool_summary,
       t.status AS tool_status,
       ts.status AS submission_status,
       ts.remark,
       ts.created_at,
       ts.updated_at
FROM tool_submissions ts
JOIN tools t ON t.id = ts.tool_id
JOIN users u ON u.id = ts.submitter_id
WHERE ts.id = ?
  AND ts.deleted = FALSE
  AND t.deleted = FALSE
]
2026-05-27T00:18:40.188+08:00 DEBUG 56753 --- [tool-share-backend] [           main] o.s.jdbc.core.JdbcTemplate               : Executing prepared SQL query
2026-05-27T00:18:40.188+08:00 DEBUG 56753 --- [tool-share-backend] [           main] o.s.jdbc.core.JdbcTemplate               : Executing prepared SQL statement [SELECT tt.tool_id, t.id, t.name, t.description, t.deleted, t.created_at, t.updated_at
FROM tool_tags tt
JOIN tags t ON t.id = tt.tag_id
WHERE tt.tool_id IN (?)
  AND t.deleted = FALSE
ORDER BY tt.tool_id ASC, t.name ASC, t.id ASC
]
2026-05-27T00:18:40.188+08:00 DEBUG 56753 --- [tool-share-backend] [           main] m.m.a.RequestResponseBodyMethodProcessor : Using 'application/json', given [*/*] and supported [application/json, application/*+json]
2026-05-27T00:18:40.189+08:00 DEBUG 56753 --- [tool-share-backend] [           main] m.m.a.RequestResponseBodyMethodProcessor : Writing [ApiResponse[status=ok, data=ToolReviewResponse[submissionId=3, toolId=8, submitterId=17, submitterNa (truncated)...]
2026-05-27T00:18:40.189+08:00 DEBUG 56753 --- [tool-share-backend] [           main] o.s.jdbc.core.JdbcTemplate               : Executing prepared SQL query
2026-05-27T00:18:40.189+08:00 DEBUG 56753 --- [tool-share-backend] [           main] o.s.jdbc.core.JdbcTemplate               : Executing prepared SQL statement [SELECT status FROM tools WHERE id = ?]
2026-05-27T00:18:40.189+08:00 DEBUG 56753 --- [tool-share-backend] [           main] o.s.jdbc.core.JdbcTemplate               : Executing prepared SQL query
2026-05-27T00:18:40.189+08:00 DEBUG 56753 --- [tool-share-backend] [           main] o.s.jdbc.core.JdbcTemplate               : Executing prepared SQL statement [SELECT status FROM tool_submissions WHERE id = ?]
]]></system-out>
  </testcase>
  <testcase name="adminShouldManageToolReviewConfig" classname="com.toolshare.review.web.ToolReviewAdminControllerTests" time="0.012">
    <system-out><![CDATA[2026-05-27T00:18:40.193+08:00 DEBUG 56753 --- [tool-share-backend] [           main] o.s.jdbc.core.JdbcTemplate               : Executing SQL query [SELECT id FROM users WHERE username = 'admin']
2026-05-27T00:18:40.194+08:00 DEBUG 56753 --- [tool-share-backend] [           main] s.w.s.m.m.a.RequestMappingHandlerMapping : Mapped to com.toolshare.review.web.AdminToolReviewController#getToolReviewConfig()
2026-05-27T00:18:40.194+08:00 DEBUG 56753 --- [tool-share-backend] [           main] o.s.jdbc.core.JdbcTemplate               : Executing prepared SQL query
2026-05-27T00:18:40.194+08:00 DEBUG 56753 --- [tool-share-backend] [           main] o.s.jdbc.core.JdbcTemplate               : Executing prepared SQL statement [SELECT id, user_code, username, email, real_name, nickname, status, password_hash, login_fail_count, last_login_at, login_locked_until, deleted, created_at, updated_at
FROM users
WHERE id = ?
  AND deleted = FALSE
]
2026-05-27T00:18:40.195+08:00 DEBUG 56753 --- [tool-share-backend] [           main] o.s.jdbc.core.JdbcTemplate               : Executing prepared SQL query
2026-05-27T00:18:40.195+08:00 DEBUG 56753 --- [tool-share-backend] [           main] o.s.jdbc.core.JdbcTemplate               : Executing prepared SQL statement [SELECT ur.user_id, ur.role_id, r.code AS role_code, r.name AS role_name
FROM user_roles ur
JOIN roles r ON r.id = ur.role_id
WHERE ur.user_id IN (?)
  AND r.deleted = FALSE
ORDER BY ur.user_id, ur.role_id
]
2026-05-27T00:18:40.195+08:00 DEBUG 56753 --- [tool-share-backend] [           main] o.s.jdbc.core.JdbcTemplate               : Executing prepared SQL query
2026-05-27T00:18:40.195+08:00 DEBUG 56753 --- [tool-share-backend] [           main] o.s.jdbc.core.JdbcTemplate               : Executing prepared SQL statement [SELECT id, config_key, config_value, description, deleted, created_at, updated_at
FROM system_configs
WHERE config_key = ?
  AND deleted = FALSE
]
2026-05-27T00:18:40.195+08:00 DEBUG 56753 --- [tool-share-backend] [           main] m.m.a.RequestResponseBodyMethodProcessor : Using 'application/json', given [*/*] and supported [application/json, application/*+json]
2026-05-27T00:18:40.195+08:00 DEBUG 56753 --- [tool-share-backend] [           main] m.m.a.RequestResponseBodyMethodProcessor : Writing [ApiResponse[status=ok, data=ToolReviewConfigResponse[toolReviewEnabled=true], message=success]]
2026-05-27T00:18:40.196+08:00 DEBUG 56753 --- [tool-share-backend] [           main] s.w.s.m.m.a.RequestMappingHandlerMapping : Mapped to com.toolshare.review.web.AdminToolReviewController#updateToolReviewConfig(ToolReviewConfigUpdateRequest)
2026-05-27T00:18:40.196+08:00 DEBUG 56753 --- [tool-share-backend] [           main] o.s.jdbc.core.JdbcTemplate               : Executing prepared SQL query
2026-05-27T00:18:40.196+08:00 DEBUG 56753 --- [tool-share-backend] [           main] o.s.jdbc.core.JdbcTemplate               : Executing prepared SQL statement [SELECT id, user_code, username, email, real_name, nickname, status, password_hash, login_fail_count, last_login_at, login_locked_until, deleted, created_at, updated_at
FROM users
WHERE id = ?
  AND deleted = FALSE
]
2026-05-27T00:18:40.196+08:00 DEBUG 56753 --- [tool-share-backend] [           main] o.s.jdbc.core.JdbcTemplate               : Executing prepared SQL query
2026-05-27T00:18:40.196+08:00 DEBUG 56753 --- [tool-share-backend] [           main] o.s.jdbc.core.JdbcTemplate               : Executing prepared SQL statement [SELECT ur.user_id, ur.role_id, r.code AS role_code, r.name AS role_name
FROM user_roles ur
JOIN roles r ON r.id = ur.role_id
WHERE ur.user_id IN (?)
  AND r.deleted = FALSE
ORDER BY ur.user_id, ur.role_id
]
2026-05-27T00:18:40.199+08:00 DEBUG 56753 --- [tool-share-backend] [           main] m.m.a.RequestResponseBodyMethodProcessor : Read "application/json;charset=UTF-8" to [ToolReviewConfigUpdateRequest[toolReviewEnabled=false]]
2026-05-27T00:18:40.200+08:00 DEBUG 56753 --- [tool-share-backend] [           main] o.s.jdbc.core.JdbcTemplate               : Executing prepared SQL query
2026-05-27T00:18:40.200+08:00 DEBUG 56753 --- [tool-share-backend] [           main] o.s.jdbc.core.JdbcTemplate               : Executing prepared SQL statement [SELECT id, config_key, config_value, description, deleted, created_at, updated_at
FROM system_configs
WHERE config_key = ?
  AND deleted = FALSE
]
2026-05-27T00:18:40.200+08:00 DEBUG 56753 --- [tool-share-backend] [           main] o.s.jdbc.core.JdbcTemplate               : Executing prepared SQL update
2026-05-27T00:18:40.200+08:00 DEBUG 56753 --- [tool-share-backend] [           main] o.s.jdbc.core.JdbcTemplate               : Executing prepared SQL statement [UPDATE system_configs
SET config_value = ?, updated_by = ?, updated_at = NOW()
WHERE config_key = ?
  AND deleted = FALSE
]
2026-05-27T00:18:40.201+08:00 DEBUG 56753 --- [tool-share-backend] [           main] o.s.jdbc.core.JdbcTemplate               : Executing prepared SQL update
2026-05-27T00:18:40.201+08:00 DEBUG 56753 --- [tool-share-backend] [           main] o.s.jdbc.core.JdbcTemplate               : Executing prepared SQL statement [INSERT INTO audit_logs (action, object_type, object_id, operator_id, operator_name, detail)
VALUES (?, ?, ?, ?, ?, ?)
]
2026-05-27T00:18:40.201+08:00 DEBUG 56753 --- [tool-share-backend] [           main] m.m.a.RequestResponseBodyMethodProcessor : Using 'application/json', given [*/*] and supported [application/json, application/*+json]
2026-05-27T00:18:40.201+08:00 DEBUG 56753 --- [tool-share-backend] [           main] m.m.a.RequestResponseBodyMethodProcessor : Writing [ApiResponse[status=ok, data=ToolReviewConfigResponse[toolReviewEnabled=false], message=success]]
2026-05-27T00:18:40.202+08:00 DEBUG 56753 --- [tool-share-backend] [           main] o.s.jdbc.core.JdbcTemplate               : Executing SQL query [SELECT config_value
FROM system_configs
WHERE config_key = 'TOOL_REVIEW_ENABLED'
]
]]></system-out>
  </testcase>
</testsuite>