<?xml version="1.0" encoding="UTF-8"?>
<testsuite xmlns:xsi="http://www.w3.org/2001/XMLSchema-instance" xsi:noNamespaceSchemaLocation="https://maven.apache.org/surefire/maven-surefire-plugin/xsd/surefire-test-report-3.0.xsd" version="3.0" name="com.toolshare.log.web.AdminLogControllerTests" time="0.253" tests="3" errors="0" skipped="0" failures="2">
  <properties>
[...]
</properties>
  <testcase name="nonAdminShouldBeRejectedFromLogApis" classname="com.toolshare.log.web.AdminLogControllerTests" time="0.077">
    <system-out><![CDATA[2026-05-27T00:18:40.855+08:00 DEBUG 56753 --- [tool-share-backend] [           main] .b.t.c.SpringBootTestContextBootstrapper : Neither @ContextConfiguration nor @ContextHierarchy found for test class [AdminLogControllerTests]: using SpringBootContextLoader
2026-05-27T00:18:40.856+08:00  INFO 56753 --- [tool-share-backend] [           main] t.c.s.AnnotationConfigContextLoaderUtils : Could not detect default configuration classes for test class [com.toolshare.log.web.AdminLogControllerTests]: AdminLogControllerTests does not declare any static, non-private, non-final, nested classes annotated with @Configuration.
2026-05-27T00:18:40.857+08:00 DEBUG 56753 --- [tool-share-backend] [           main] .b.t.c.SpringBootTestContextBootstrapper : Using ContextCustomizerFactory implementations for test class [AdminLogControllerTests]: [ImportsContextCustomizerFactory, ExcludeFilterContextCustomizerFactory, HttpGraphQlTesterContextCustomizerFactory, DuplicateJsonObjectContextCustomizerFactory, MockitoContextCustomizerFactory, TestRestTemplateContextCustomizerFactory, WebTestClientContextCustomizerFactory, DisableReactorResourceFactoryGlobalResourcesContextCustomizerFactory, OverrideAutoConfigurationContextCustomizerFactory, ObservabilityContextCustomizerFactory, TypeExcludeFiltersContextCustomizerFactory, PropertyMappingContextCustomizerFactory, WebDriverContextCustomizerFactory, MockServerContainerContextCustomizerFactory, DynamicPropertiesContextCustomizerFactory]
2026-05-27T00:18:40.858+08:00 DEBUG 56753 --- [tool-share-backend] [           main] .b.t.c.SpringBootTestContextBootstrapper : Using ContextCustomizers for test class [AdminLogControllerTests]: [ImportsContextCustomizer, ExcludeFilterContextCustomizer, DuplicateJsonObjectContextCustomizer, MockitoContextCustomizer, TestRestTemplateContextCustomizer, DisableReactorResourceFactoryGlobalResourcesContextCustomizerCustomizer, DisableObservabilityContextCustomizer, PropertyMappingContextCustomizer, WebDriverContextCustomizer]
2026-05-27T00:18:40.869+08:00  INFO 56753 --- [tool-share-backend] [           main] .b.t.c.SpringBootTestContextBootstrapper : Found @SpringBootConfiguration com.toolshare.ToolShareApplication for test class com.toolshare.log.web.AdminLogControllerTests
2026-05-27T00:18:40.870+08:00 DEBUG 56753 --- [tool-share-backend] [           main] .b.t.c.SpringBootTestContextBootstrapper : Using TestExecutionListeners for test class [AdminLogControllerTests]: [ServletTestExecutionListener, DirtiesContextBeforeModesTestExecutionListener, ApplicationEventsTestExecutionListener, MockitoTestExecutionListener, DependencyInjectionTestExecutionListener, DirtiesContextTestExecutionListener, TransactionalTestExecutionListener, SqlScriptsTestExecutionListener, EventPublishingTestExecutionListener, ResetMocksTestExecutionListener, RestDocsTestExecutionListener, MockRestServiceServerResetTestExecutionListener, MockMvcPrintOnlyOnFailureTestExecutionListener, WebDriverTestExecutionListener, MockWebServiceServerTestExecutionListener]
2026-05-27T00:18:40.872+08:00 DEBUG 56753 --- [tool-share-backend] [           main] o.s.jdbc.core.JdbcTemplate               : Executing SQL query [SELECT id FROM roles WHERE code = 'USER']
2026-05-27T00:18:40.944+08:00 DEBUG 56753 --- [tool-share-backend] [           main] o.s.jdbc.core.JdbcTemplate               : Executing prepared SQL update
2026-05-27T00:18:40.944+08:00 DEBUG 56753 --- [tool-share-backend] [           main] o.s.jdbc.core.JdbcTemplate               : Executing prepared SQL statement [INSERT INTO users (username, email, password_hash, real_name, nickname, status, created_by, updated_by)
VALUES (?, ?, ?, ?, ?, ?, ?, ?)
]
2026-05-27T00:18:40.945+08:00 DEBUG 56753 --- [tool-share-backend] [           main] o.s.jdbc.core.JdbcTemplate               : Executing SQL query [SELECT id FROM users WHERE username = 'member-log']
2026-05-27T00:18:40.945+08:00 DEBUG 56753 --- [tool-share-backend] [           main] o.s.jdbc.core.JdbcTemplate               : Executing prepared SQL update
2026-05-27T00:18:40.945+08:00 DEBUG 56753 --- [tool-share-backend] [           main] o.s.jdbc.core.JdbcTemplate               : Executing prepared SQL statement [UPDATE users SET user_code = ? WHERE id = ?]
2026-05-27T00:18:40.945+08:00 DEBUG 56753 --- [tool-share-backend] [           main] o.s.jdbc.core.JdbcTemplate               : Executing prepared SQL update
2026-05-27T00:18:40.945+08:00 DEBUG 56753 --- [tool-share-backend] [           main] o.s.jdbc.core.JdbcTemplate               : Executing prepared SQL statement [INSERT INTO user_roles (user_id, role_id) VALUES (?, ?)]
2026-05-27T00:18:40.946+08:00 DEBUG 56753 --- [tool-share-backend] [           main] s.w.s.m.m.a.RequestMappingHandlerMapping : Mapped to com.toolshare.log.web.AdminLogController#listAuditLogs(String, String, String, Integer, Integer)
2026-05-27T00:18:40.946+08:00 DEBUG 56753 --- [tool-share-backend] [           main] o.s.jdbc.core.JdbcTemplate               : Executing prepared SQL query
2026-05-27T00:18:40.946+08:00 DEBUG 56753 --- [tool-share-backend] [           main] o.s.jdbc.core.JdbcTemplate               : Executing prepared SQL statement [SELECT id, user_code, username, email, real_name, nickname, status, password_hash, login_fail_count, last_login_at, login_locked_until, deleted, created_at, updated_at
FROM users
WHERE id = ?
  AND deleted = FALSE
]
2026-05-27T00:18:40.946+08:00 DEBUG 56753 --- [tool-share-backend] [           main] o.s.jdbc.core.JdbcTemplate               : Executing prepared SQL query
2026-05-27T00:18:40.946+08:00 DEBUG 56753 --- [tool-share-backend] [           main] o.s.jdbc.core.JdbcTemplate               : Executing prepared SQL statement [SELECT ur.user_id, ur.role_id, r.code AS role_code, r.name AS role_name
FROM user_roles ur
JOIN roles r ON r.id = ur.role_id
WHERE ur.user_id IN (?)
  AND r.deleted = FALSE
ORDER BY ur.user_id, ur.role_id
]
2026-05-27T00:18:40.946+08:00 DEBUG 56753 --- [tool-share-backend] [           main] .m.m.a.ExceptionHandlerExceptionResolver : Using @ExceptionHandler com.toolshare.config.GlobalExceptionHandler#handleForbidden(ForbiddenException, HttpServletRequest)
2026-05-27T00:18:40.946+08:00  WARN 56753 --- [tool-share-backend] [           main] c.t.config.GlobalExceptionHandler        : forbidden request: method=GET, path=/api/admin/logs/audit, user=member-log#21, 当前账号无权访问该管理资源
2026-05-27T00:18:40.946+08:00 DEBUG 56753 --- [tool-share-backend] [           main] o.s.w.s.m.m.a.HttpEntityMethodProcessor  : Using 'application/json', given [*/*] and supported [application/json, application/*+json]
2026-05-27T00:18:40.947+08:00 DEBUG 56753 --- [tool-share-backend] [           main] o.s.w.s.m.m.a.HttpEntityMethodProcessor  : Writing [ApiResponse[status=error, data=null, message=当前账号无权访问该管理资源]]
2026-05-27T00:18:40.947+08:00 DEBUG 56753 --- [tool-share-backend] [           main] .m.m.a.ExceptionHandlerExceptionResolver : Resolved [com.toolshare.exception.ForbiddenException: 当前账号无权访问该管理资源]
]]></system-out>
  </testcase>
  <testcase name="adminShouldListAuditAndOperationLogs" classname="com.toolshare.log.web.AdminLogControllerTests" time="0.113">
    <failure message="&#10;expected: 1&#10; but was: 2" type="org.opentest4j.AssertionFailedError"><![CDATA[org.opentest4j.AssertionFailedError: 

expected: 1
 but was: 2
	at java.base/jdk.internal.reflect.DirectConstructorHandleAccessor.newInstance(DirectConstructorHandleAccessor.java:62)
	at java.base/java.lang.reflect.Constructor.newInstanceWithCaller(Constructor.java:502)
	at com.toolshare.log.web.AdminLogControllerTests.adminShouldListAuditAndOperationLogs(AdminLogControllerTests.java:88)
	at java.base/java.lang.reflect.Method.invoke(Method.java:580)
	at java.base/java.util.ArrayList.forEach(ArrayList.java:1596)
	at java.base/java.util.ArrayList.forEach(ArrayList.java:1596)
]]></failure>
    <system-out><![CDATA[2026-05-27T00:18:40.950+08:00 DEBUG 56753 --- [tool-share-backend] [           main] o.s.jdbc.core.JdbcTemplate               : Executing SQL query [SELECT id FROM users WHERE username = 'admin']
2026-05-27T00:18:40.950+08:00 DEBUG 56753 --- [tool-share-backend] [           main] o.s.jdbc.core.JdbcTemplate               : Executing SQL query [SELECT id FROM roles WHERE code = 'USER']
2026-05-27T00:18:41.027+08:00 DEBUG 56753 --- [tool-share-backend] [           main] o.s.jdbc.core.JdbcTemplate               : Executing prepared SQL update
2026-05-27T00:18:41.027+08:00 DEBUG 56753 --- [tool-share-backend] [           main] o.s.jdbc.core.JdbcTemplate               : Executing prepared SQL statement [INSERT INTO users (username, email, password_hash, real_name, nickname, status, user_code, created_by, updated_by)
VALUES (?, ?, ?, ?, ?, ?, ?, ?, ?)
]
2026-05-27T00:18:41.027+08:00 DEBUG 56753 --- [tool-share-backend] [           main] o.s.jdbc.core.JdbcTemplate               : Executing prepared SQL query
2026-05-27T00:18:41.027+08:00 DEBUG 56753 --- [tool-share-backend] [           main] o.s.jdbc.core.JdbcTemplate               : Executing prepared SQL statement [SELECT id FROM users WHERE username = ?]
2026-05-27T00:18:41.027+08:00 DEBUG 56753 --- [tool-share-backend] [           main] o.s.jdbc.core.JdbcTemplate               : Executing prepared SQL update
2026-05-27T00:18:41.027+08:00 DEBUG 56753 --- [tool-share-backend] [           main] o.s.jdbc.core.JdbcTemplate               : Executing prepared SQL statement [INSERT INTO user_roles (user_id, role_id) VALUES (?, ?)]
2026-05-27T00:18:41.028+08:00 DEBUG 56753 --- [tool-share-backend] [           main] o.s.jdbc.core.JdbcTemplate               : Executing prepared SQL update
2026-05-27T00:18:41.028+08:00 DEBUG 56753 --- [tool-share-backend] [           main] o.s.jdbc.core.JdbcTemplate               : Executing prepared SQL statement [INSERT INTO tags (name, description, created_by, updated_by)
VALUES (?, ?, ?, ?)
]
2026-05-27T00:18:41.028+08:00 DEBUG 56753 --- [tool-share-backend] [           main] o.s.jdbc.core.JdbcTemplate               : Executing SQL query [SELECT id FROM tags WHERE name = '日志标签']
2026-05-27T00:18:41.028+08:00 DEBUG 56753 --- [tool-share-backend] [           main] s.w.s.m.m.a.RequestMappingHandlerMapping : Mapped to com.toolshare.tool.web.ToolController#submitTool(ToolUpsertRequest)
2026-05-27T00:18:41.028+08:00 DEBUG 56753 --- [tool-share-backend] [           main] o.s.jdbc.core.JdbcTemplate               : Executing prepared SQL query
2026-05-27T00:18:41.028+08:00 DEBUG 56753 --- [tool-share-backend] [           main] o.s.jdbc.core.JdbcTemplate               : Executing prepared SQL statement [SELECT id, user_code, username, email, real_name, nickname, status, password_hash, login_fail_count, last_login_at, login_locked_until, deleted, created_at, updated_at
FROM users
WHERE id = ?
  AND deleted = FALSE
]
2026-05-27T00:18:41.029+08:00 DEBUG 56753 --- [tool-share-backend] [           main] o.s.jdbc.core.JdbcTemplate               : Executing prepared SQL query
2026-05-27T00:18:41.029+08:00 DEBUG 56753 --- [tool-share-backend] [           main] o.s.jdbc.core.JdbcTemplate               : Executing prepared SQL statement [SELECT ur.user_id, ur.role_id, r.code AS role_code, r.name AS role_name
FROM user_roles ur
JOIN roles r ON r.id = ur.role_id
WHERE ur.user_id IN (?)
  AND r.deleted = FALSE
ORDER BY ur.user_id, ur.role_id
]
2026-05-27T00:18:41.030+08:00 DEBUG 56753 --- [tool-share-backend] [           main] m.m.a.RequestResponseBodyMethodProcessor : Read "application/json;charset=UTF-8" to [ToolUpsertRequest[name=日志测试工具, summary=用于验证操作日志, description=验证只记录提交修改删除操作, url=https://log-tool.exa (truncated)...]
2026-05-27T00:18:41.030+08:00 DEBUG 56753 --- [tool-share-backend] [           main] o.s.jdbc.core.JdbcTemplate               : Executing prepared SQL query
2026-05-27T00:18:41.030+08:00 DEBUG 56753 --- [tool-share-backend] [           main] o.s.jdbc.core.JdbcTemplate               : Executing prepared SQL statement [SELECT id, name, description, deleted, created_at, updated_at
FROM tags
WHERE deleted = FALSE
  AND id IN (?)
ORDER BY name ASC, id ASC
]
2026-05-27T00:18:41.031+08:00 DEBUG 56753 --- [tool-share-backend] [           main] o.s.jdbc.core.JdbcTemplate               : Executing prepared SQL query
2026-05-27T00:18:41.031+08:00 DEBUG 56753 --- [tool-share-backend] [           main] o.s.jdbc.core.JdbcTemplate               : Executing prepared SQL statement [SELECT t.id,
       t.name,
       t.summary,
       t.description,
       t.url,
       t.usage_guide,
       t.recommender_id,
       u.real_name AS recommender_name,
       t.status,
       t.star_count,
       t.favorite_count,
       t.comment_count,
       t.deleted,
       t.created_at,
       t.updated_at
FROM tools t
JOIN users u ON u.id = t.recommender_id
WHERE t.deleted = FALSE
  AND t.status <> 'REJECTED'
  AND (
    LOWER(t.name) = ?
 OR LOWER(t.url) = ?)]
2026-05-27T00:18:41.031+08:00 DEBUG 56753 --- [tool-share-backend] [           main] o.s.jdbc.core.JdbcTemplate               : Executing prepared SQL query
2026-05-27T00:18:41.032+08:00 DEBUG 56753 --- [tool-share-backend] [           main] o.s.jdbc.core.JdbcTemplate               : Executing prepared SQL statement [SELECT id, config_key, config_value, description, deleted, created_at, updated_at
FROM system_configs
WHERE config_key = ?
  AND deleted = FALSE
]
2026-05-27T00:18:41.032+08:00 DEBUG 56753 --- [tool-share-backend] [           main] o.s.jdbc.core.JdbcTemplate               : Executing SQL update and returning generated keys
2026-05-27T00:18:41.032+08:00 DEBUG 56753 --- [tool-share-backend] [           main] o.s.jdbc.core.JdbcTemplate               : Executing prepared SQL statement
2026-05-27T00:18:41.032+08:00 DEBUG 56753 --- [tool-share-backend] [           main] o.s.jdbc.core.JdbcTemplate               : Executing prepared SQL update
2026-05-27T00:18:41.032+08:00 DEBUG 56753 --- [tool-share-backend] [           main] o.s.jdbc.core.JdbcTemplate               : Executing prepared SQL statement [DELETE FROM tool_tags WHERE tool_id = ?]
2026-05-27T00:18:41.032+08:00 DEBUG 56753 --- [tool-share-backend] [           main] o.s.jdbc.core.JdbcTemplate               : Executing prepared SQL update
2026-05-27T00:18:41.033+08:00 DEBUG 56753 --- [tool-share-backend] [           main] o.s.jdbc.core.JdbcTemplate               : Executing prepared SQL statement [INSERT INTO tool_tags (tool_id, tag_id)
VALUES (?, ?)
]
2026-05-27T00:18:41.033+08:00 DEBUG 56753 --- [tool-share-backend] [           main] o.s.jdbc.core.JdbcTemplate               : Executing SQL update and returning generated keys
2026-05-27T00:18:41.033+08:00 DEBUG 56753 --- [tool-share-backend] [           main] o.s.jdbc.core.JdbcTemplate               : Executing prepared SQL statement
2026-05-27T00:18:41.033+08:00 DEBUG 56753 --- [tool-share-backend] [           main] o.s.jdbc.core.JdbcTemplate               : Executing prepared SQL update
2026-05-27T00:18:41.033+08:00 DEBUG 56753 --- [tool-share-backend] [           main] o.s.jdbc.core.JdbcTemplate               : Executing prepared SQL statement [INSERT INTO audit_logs (action, object_type, object_id, operator_id, operator_name, detail)
VALUES (?, ?, ?, ?, ?, ?)
]
2026-05-27T00:18:41.033+08:00 DEBUG 56753 --- [tool-share-backend] [           main] o.s.jdbc.core.JdbcTemplate               : Executing prepared SQL query
2026-05-27T00:18:41.033+08:00 DEBUG 56753 --- [tool-share-backend] [           main] o.s.jdbc.core.JdbcTemplate               : Executing prepared SQL statement [SELECT t.id,
       t.name,
       t.summary,
       t.description,
       t.url,
       t.usage_guide,
       t.recommender_id,
       u.real_name AS recommender_name,
       t.status,
       t.star_count,
       t.favorite_count,
       t.comment_count,
       t.deleted,
       t.created_at,
       t.updated_at
FROM tools t
JOIN users u ON u.id = t.recommender_id
WHERE t.id = ?
  AND t.deleted = FALSE
]
2026-05-27T00:18:41.034+08:00 DEBUG 56753 --- [tool-share-backend] [           main] o.s.jdbc.core.JdbcTemplate               : Executing prepared SQL query
2026-05-27T00:18:41.034+08:00 DEBUG 56753 --- [tool-share-backend] [           main] o.s.jdbc.core.JdbcTemplate               : Executing prepared SQL statement [SELECT ts.id,
       ts.tool_id,
       ts.submitter_id,
       u.real_name AS submitter_name,
       ts.status,
       ts.remark,
       ts.deleted,
       ts.created_at,
       ts.updated_at
FROM tool_submissions ts
JOIN users u ON u.id = ts.submitter_id
WHERE ts.tool_id = ?
  AND ts.deleted = FALSE
ORDER BY ts.created_at DESC, ts.id DESC
LIMIT 1
]
2026-05-27T00:18:41.034+08:00 DEBUG 56753 --- [tool-share-backend] [           main] o.s.jdbc.core.JdbcTemplate               : Executing prepared SQL query
2026-05-27T00:18:41.034+08:00 DEBUG 56753 --- [tool-share-backend] [           main] o.s.jdbc.core.JdbcTemplate               : Executing prepared SQL statement [SELECT tt.tool_id, t.id, t.name, t.description, t.deleted, t.created_at, t.updated_at
FROM tool_tags tt
JOIN tags t ON t.id = tt.tag_id
WHERE tt.tool_id IN (?)
  AND t.deleted = FALSE
ORDER BY tt.tool_id ASC, t.name ASC, t.id ASC
]
2026-05-27T00:18:41.035+08:00 DEBUG 56753 --- [tool-share-backend] [           main] o.s.jdbc.core.JdbcTemplate               : Executing prepared SQL query
2026-05-27T00:18:41.035+08:00 DEBUG 56753 --- [tool-share-backend] [           main] o.s.jdbc.core.JdbcTemplate               : Executing prepared SQL statement [SELECT COUNT(*)
FROM tool_stars
WHERE tool_id = ?
  AND user_id = ?
]
2026-05-27T00:18:41.035+08:00 DEBUG 56753 --- [tool-share-backend] [           main] o.s.jdbc.core.JdbcTemplate               : Executing prepared SQL query
2026-05-27T00:18:41.035+08:00 DEBUG 56753 --- [tool-share-backend] [           main] o.s.jdbc.core.JdbcTemplate               : Executing prepared SQL statement [SELECT COUNT(*)
FROM tool_favorites
WHERE tool_id = ?
  AND user_id = ?
]
2026-05-27T00:18:41.036+08:00 DEBUG 56753 --- [tool-share-backend] [           main] m.m.a.RequestResponseBodyMethodProcessor : Using 'application/json', given [*/*] and supported [application/json, application/*+json]
2026-05-27T00:18:41.036+08:00 DEBUG 56753 --- [tool-share-backend] [           main] m.m.a.RequestResponseBodyMethodProcessor : Writing [ApiResponse[status=ok, data=ToolDetailResponse[id=15, name=日志测试工具, summary=用于验证操作日志, description=验证只 (truncated)...]
2026-05-27T00:18:41.037+08:00 DEBUG 56753 --- [tool-share-backend] [           main] o.s.jdbc.core.JdbcTemplate               : Executing prepared SQL update
2026-05-27T00:18:41.037+08:00 DEBUG 56753 --- [tool-share-backend] [           main] o.s.jdbc.core.JdbcTemplate               : Executing prepared SQL statement [INSERT INTO operation_logs (operation, module, user_id, success, message)
VALUES (?, ?, ?, ?, ?)
]
2026-05-27T00:18:41.037+08:00 DEBUG 56753 --- [tool-share-backend] [           main] o.s.jdbc.core.JdbcTemplate               : Executing SQL update [DELETE FROM operation_logs
WHERE id IN (
    SELECT id
    FROM operation_logs
    ORDER BY created_at DESC, id DESC
    OFFSET 200
)
]
2026-05-27T00:18:41.038+08:00 DEBUG 56753 --- [tool-share-backend] [           main] s.w.s.m.m.a.RequestMappingHandlerMapping : Mapped to com.toolshare.log.web.AdminLogController#listAuditLogs(String, String, String, Integer, Integer)
2026-05-27T00:18:41.038+08:00 DEBUG 56753 --- [tool-share-backend] [           main] o.s.jdbc.core.JdbcTemplate               : Executing prepared SQL query
2026-05-27T00:18:41.038+08:00 DEBUG 56753 --- [tool-share-backend] [           main] o.s.jdbc.core.JdbcTemplate               : Executing prepared SQL statement [SELECT id, user_code, username, email, real_name, nickname, status, password_hash, login_fail_count, last_login_at, login_locked_until, deleted, created_at, updated_at
FROM users
WHERE id = ?
  AND deleted = FALSE
]
2026-05-27T00:18:41.038+08:00 DEBUG 56753 --- [tool-share-backend] [           main] o.s.jdbc.core.JdbcTemplate               : Executing prepared SQL query
2026-05-27T00:18:41.038+08:00 DEBUG 56753 --- [tool-share-backend] [           main] o.s.jdbc.core.JdbcTemplate               : Executing prepared SQL statement [SELECT ur.user_id, ur.role_id, r.code AS role_code, r.name AS role_name
FROM user_roles ur
JOIN roles r ON r.id = ur.role_id
WHERE ur.user_id IN (?)
  AND r.deleted = FALSE
ORDER BY ur.user_id, ur.role_id
]
2026-05-27T00:18:41.039+08:00 DEBUG 56753 --- [tool-share-backend] [           main] o.s.jdbc.core.JdbcTemplate               : Executing prepared SQL query
2026-05-27T00:18:41.039+08:00 DEBUG 56753 --- [tool-share-backend] [           main] o.s.jdbc.core.JdbcTemplate               : Executing prepared SQL statement [SELECT id, action, object_type, object_id, operator_id, operator_name, detail, created_at
FROM audit_logs
WHERE 1 = 1
 AND action = ? AND object_type = ? AND (
    LOWER(COALESCE(operator_name, '')) LIKE ?
    OR LOWER(COALESCE(object_id, '')) LIKE ?
    OR LOWER(COALESCE(detail, '')) LIKE ?
 )
ORDER BY created_at DESC, id DESC
LIMIT ?
OFFSET ?
]
2026-05-27T00:18:41.039+08:00 DEBUG 56753 --- [tool-share-backend] [           main] o.s.jdbc.core.JdbcTemplate               : Executing prepared SQL query
2026-05-27T00:18:41.039+08:00 DEBUG 56753 --- [tool-share-backend] [           main] o.s.jdbc.core.JdbcTemplate               : Executing prepared SQL statement [SELECT COUNT(*)
FROM audit_logs
WHERE 1 = 1
 AND action = ? AND object_type = ? AND (
    LOWER(COALESCE(operator_name, '')) LIKE ?
    OR LOWER(COALESCE(object_id, '')) LIKE ?
    OR LOWER(COALESCE(detail, '')) LIKE ?
 )
]
2026-05-27T00:18:41.040+08:00 DEBUG 56753 --- [tool-share-backend] [           main] m.m.a.RequestResponseBodyMethodProcessor : Using 'application/json', given [*/*] and supported [application/json, application/*+json]
2026-05-27T00:18:41.040+08:00 DEBUG 56753 --- [tool-share-backend] [           main] m.m.a.RequestResponseBodyMethodProcessor : Writing [ApiResponse[status=ok, data=PagedResponse[items=[AuditLogItemResponse[id=33, action=TOOL_SUBMITTED,  (truncated)...]
2026-05-27T00:18:41.042+08:00 DEBUG 56753 --- [tool-share-backend] [           main] s.w.s.m.m.a.RequestMappingHandlerMapping : Mapped to com.toolshare.log.web.AdminLogController#listOperationLogs(String, Boolean, String, Integer, Integer)
2026-05-27T00:18:41.042+08:00 DEBUG 56753 --- [tool-share-backend] [           main] o.s.jdbc.core.JdbcTemplate               : Executing prepared SQL query
2026-05-27T00:18:41.042+08:00 DEBUG 56753 --- [tool-share-backend] [           main] o.s.jdbc.core.JdbcTemplate               : Executing prepared SQL statement [SELECT id, user_code, username, email, real_name, nickname, status, password_hash, login_fail_count, last_login_at, login_locked_until, deleted, created_at, updated_at
FROM users
WHERE id = ?
  AND deleted = FALSE
]
2026-05-27T00:18:41.042+08:00 DEBUG 56753 --- [tool-share-backend] [           main] o.s.jdbc.core.JdbcTemplate               : Executing prepared SQL query
2026-05-27T00:18:41.042+08:00 DEBUG 56753 --- [tool-share-backend] [           main] o.s.jdbc.core.JdbcTemplate               : Executing prepared SQL statement [SELECT ur.user_id, ur.role_id, r.code AS role_code, r.name AS role_name
FROM user_roles ur
JOIN roles r ON r.id = ur.role_id
WHERE ur.user_id IN (?)
  AND r.deleted = FALSE
ORDER BY ur.user_id, ur.role_id
]
2026-05-27T00:18:41.042+08:00 DEBUG 56753 --- [tool-share-backend] [           main] o.s.jdbc.core.JdbcTemplate               : Executing prepared SQL query
2026-05-27T00:18:41.043+08:00 DEBUG 56753 --- [tool-share-backend] [           main] o.s.jdbc.core.JdbcTemplate               : Executing prepared SQL statement [SELECT ol.id,
       ol.operation,
       ol.module,
       ol.user_id,
       u.username,
       u.real_name,
       ol.success,
       ol.message,
       ol.created_at
FROM operation_logs ol
LEFT JOIN users u ON u.id = ol.user_id
WHERE 1 = 1
 AND ol.module = ? AND ol.success = ?ORDER BY ol.created_at DESC, ol.id DESC
LIMIT ?
OFFSET ?
]
2026-05-27T00:18:41.043+08:00 DEBUG 56753 --- [tool-share-backend] [           main] o.s.jdbc.core.JdbcTemplate               : Executing prepared SQL query
2026-05-27T00:18:41.043+08:00 DEBUG 56753 --- [tool-share-backend] [           main] o.s.jdbc.core.JdbcTemplate               : Executing prepared SQL statement [SELECT COUNT(*)
FROM operation_logs ol
LEFT JOIN users u ON u.id = ol.user_id
WHERE 1 = 1
 AND ol.module = ? AND ol.success = ?]
2026-05-27T00:18:41.043+08:00 DEBUG 56753 --- [tool-share-backend] [           main] m.m.a.RequestResponseBodyMethodProcessor : Using 'application/json', given [*/*] and supported [application/json, application/*+json]
2026-05-27T00:18:41.044+08:00 DEBUG 56753 --- [tool-share-backend] [           main] m.m.a.RequestResponseBodyMethodProcessor : Writing [ApiResponse[status=ok, data=PagedResponse[items=[OperationLogItemResponse[id=7, operation=TOOL_SUBMI (truncated)...]
2026-05-27T00:18:41.046+08:00 DEBUG 56753 --- [tool-share-backend] [           main] o.s.jdbc.core.JdbcTemplate               : Executing SQL query [SELECT COUNT(*)
FROM operation_logs
WHERE module = 'TOOL'
  AND operation = 'TOOL_SUBMIT'
  AND success = TRUE
]

MockHttpServletRequest:
      HTTP Method = POST
      Request URI = /api/tools/submissions
       Parameters = {}
          Headers = [Content-Type:"application/json;charset=UTF-8", X-User-Id:"22", Content-Length:"229"]
             Body = {
  "name":"日志测试工具",
  "summary":"用于验证操作日志",
  "description":"验证只记录提交修改删除操作",
  "url":"https://log-tool.example.com",
  "usageGuide":"提交后查看日志",
  "tagIds":[3]
}

    Session Attrs = {}

Handler:
             Type = com.toolshare.tool.web.ToolController
           Method = com.toolshare.tool.web.ToolController#submitTool(ToolUpsertRequest)

Async:
    Async started = false
     Async result = null

Resolved Exception:
             Type = null

ModelAndView:
        View name = null
             View = null
            Model = null

FlashMap:
       Attributes = null

MockHttpServletResponse:
           Status = 200
    Error message = null
          Headers = [Vary:"Origin", "Access-Control-Request-Method", "Access-Control-Request-Headers", Content-Type:"application/json"]
     Content type = application/json
             Body = {"status":"ok","data":{"id":15,"name":"日志测试工具","summary":"用于验证操作日志","description":"验证只记录提交修改删除操作","url":"https://log-tool.example.com","usageGuide":"提交后查看日志","status":"PENDING_REVIEW","recommenderId":22,"recommenderName":"Log Casey","starCount":0,"favoriteCount":0,"commentCount":0,"starred":false,"favorited":false,"tags":[{"id":3,"name":"日志标签"}],"submission":{"id":5,"submitterId":22,"submitterName":"Log Casey","status":"PENDING","remark":"等待管理员审核","createdAt":"2026-05-27T00:18:41.032496+08:00"},"createdAt":"2026-05-27T00:18:41.032496+08:00","updatedAt":"2026-05-27T00:18:41.032496+08:00"},"message":"success"}
    Forwarded URL = null
   Redirected URL = null
          Cookies = []

MockHttpServletRequest:
      HTTP Method = GET
      Request URI = /api/admin/logs/audit
       Parameters = {action=[TOOL_SUBMITTED], objectType=[TOOL], keyword=[日志测试工具]}
          Headers = [X-User-Id:"1"]
             Body = null
    Session Attrs = {}

Handler:
             Type = com.toolshare.log.web.AdminLogController
           Method = com.toolshare.log.web.AdminLogController#listAuditLogs(String, String, String, Integer, Integer)

Async:
    Async started = false
     Async result = null

Resolved Exception:
             Type = null

ModelAndView:
        View name = null
             View = null
            Model = null

FlashMap:
       Attributes = null

MockHttpServletResponse:
           Status = 200
    Error message = null
          Headers = [Vary:"Origin", "Access-Control-Request-Method", "Access-Control-Request-Headers", Content-Type:"application/json"]
     Content type = application/json
             Body = {"status":"ok","data":{"items":[{"id":33,"action":"TOOL_SUBMITTED","objectType":"TOOL","objectId":"15","operatorId":22,"operatorName":"log_casey","detail":"submitted tool 日志测试工具, reviewEnabled=true","createdAt":"2026-05-27T00:18:41.032496+08:00"}],"total":1,"page":1,"size":20},"message":"success"}
    Forwarded URL = null
   Redirected URL = null
          Cookies = []

MockHttpServletRequest:
      HTTP Method = GET
      Request URI = /api/admin/logs/operations
       Parameters = {module=[TOOL], success=[true]}
          Headers = [X-User-Id:"1"]
             Body = null
    Session Attrs = {}

Handler:
             Type = com.toolshare.log.web.AdminLogController
           Method = com.toolshare.log.web.AdminLogController#listOperationLogs(String, Boolean, String, Integer, Integer)

Async:
    Async started = false
     Async result = null

Resolved Exception:
             Type = null

ModelAndView:
        View name = null
             View = null
            Model = null

FlashMap:
       Attributes = null

MockHttpServletResponse:
           Status = 200
    Error message = null
          Headers = [Vary:"Origin", "Access-Control-Request-Method", "Access-Control-Request-Headers", Content-Type:"application/json"]
     Content type = application/json
             Body = {"status":"ok","data":{"items":[{"id":7,"operation":"TOOL_SUBMIT","module":"TOOL","userId":22,"username":"log_casey","realName":"Log Casey","success":true,"message":"status=200","createdAt":"2026-05-27T00:18:41.037246+08:00"},{"id":5,"operation":"TOOL_SUBMIT","module":"TOOL","userId":20,"username":"accept-user","realName":"Acceptance User","success":true,"message":"status=200","createdAt":"2026-05-27T00:18:40.742519+08:00"}],"total":2,"page":1,"size":20},"message":"success"}
    Forwarded URL = null
   Redirected URL = null
          Cookies = []
]]></system-out>
  </testcase>
  <testcase name="operationLogsShouldKeepOnlyLatestTwoHundredRows" classname="com.toolshare.log.web.AdminLogControllerTests" time="0.042">
    <failure message="Status expected:&lt;200&gt; but was:&lt;400&gt;" type="java.lang.AssertionError"><![CDATA[java.lang.AssertionError: Status expected:<200> but was:<400>
	at org.springframework.test.util.AssertionErrors.fail(AssertionErrors.java:59)
	at org.springframework.test.util.AssertionErrors.assertEquals(AssertionErrors.java:122)
	at org.springframework.test.web.servlet.result.StatusResultMatchers.lambda$matcher$9(StatusResultMatchers.java:637)
	at org.springframework.test.web.servlet.MockMvc$1.andExpect(MockMvc.java:214)
	at com.toolshare.log.web.AdminLogControllerTests.operationLogsShouldKeepOnlyLatestTwoHundredRows(AdminLogControllerTests.java:114)
	at java.base/java.lang.reflect.Method.invoke(Method.java:580)
	at java.base/java.util.ArrayList.forEach(ArrayList.java:1596)
	at java.base/java.util.ArrayList.forEach(ArrayList.java:1596)
]]></failure>
    <system-out><![CDATA[2026-05-27T00:18:41.067+08:00 DEBUG 56753 --- [tool-share-backend] [           main] o.s.jdbc.core.JdbcTemplate               : Executing SQL query [SELECT id FROM users WHERE username = 'admin']
2026-05-27T00:18:41.068+08:00 DEBUG 56753 --- [tool-share-backend] [           main] o.s.jdbc.core.JdbcTemplate               : Executing prepared SQL update
2026-05-27T00:18:41.068+08:00 DEBUG 56753 --- [tool-share-backend] [           main] o.s.jdbc.core.JdbcTemplate               : Executing prepared SQL statement [INSERT INTO operation_logs (operation, module, user_id, success, message)
VALUES (?, 'TOOL', ?, TRUE, ?)
]
2026-05-27T00:18:41.069+08:00 DEBUG 56753 --- [tool-share-backend] [           main] o.s.jdbc.core.JdbcTemplate               : Executing prepared SQL update
2026-05-27T00:18:41.069+08:00 DEBUG 56753 --- [tool-share-backend] [           main] o.s.jdbc.core.JdbcTemplate               : Executing prepared SQL statement [INSERT INTO operation_logs (operation, module, user_id, success, message)
VALUES (?, 'TOOL', ?, TRUE, ?)
]
2026-05-27T00:18:41.069+08:00 DEBUG 56753 --- [tool-share-backend] [           main] o.s.jdbc.core.JdbcTemplate               : Executing prepared SQL update
2026-05-27T00:18:41.069+08:00 DEBUG 56753 --- [tool-share-backend] [           main] o.s.jdbc.core.JdbcTemplate               : Executing prepared SQL statement [INSERT INTO operation_logs (operation, module, user_id, success, message)
VALUES (?, 'TOOL', ?, TRUE, ?)
]
2026-05-27T00:18:41.069+08:00 DEBUG 56753 --- [tool-share-backend] [           main] o.s.jdbc.core.JdbcTemplate               : Executing prepared SQL update
2026-05-27T00:18:41.069+08:00 DEBUG 56753 --- [tool-share-backend] [           main] o.s.jdbc.core.JdbcTemplate               : Executing prepared SQL statement [INSERT INTO operation_logs (operation, module, user_id, success, message)
VALUES (?, 'TOOL', ?, TRUE, ?)
]
2026-05-27T00:18:41.070+08:00 DEBUG 56753 --- [tool-share-backend] [           main] o.s.jdbc.core.JdbcTemplate               : Executing prepared SQL update
2026-05-27T00:18:41.070+08:00 DEBUG 56753 --- [tool-share-backend] [           main] o.s.jdbc.core.JdbcTemplate               : Executing prepared SQL statement [INSERT INTO operation_logs (operation, module, user_id, success, message)
VALUES (?, 'TOOL', ?, TRUE, ?)
]
2026-05-27T00:18:41.070+08:00 DEBUG 56753 --- [tool-share-backend] [           main] o.s.jdbc.core.JdbcTemplate               : Executing prepared SQL update
2026-05-27T00:18:41.070+08:00 DEBUG 56753 --- [tool-share-backend] [           main] o.s.jdbc.core.JdbcTemplate               : Executing prepared SQL statement [INSERT INTO operation_logs (operation, module, user_id, success, message)
VALUES (?, 'TOOL', ?, TRUE, ?)
]
2026-05-27T00:18:41.070+08:00 DEBUG 56753 --- [tool-share-backend] [           main] o.s.jdbc.core.JdbcTemplate               : Executing prepared SQL update
2026-05-27T00:18:41.070+08:00 DEBUG 56753 --- [tool-share-backend] [           main] o.s.jdbc.core.JdbcTemplate               : Executing prepared SQL statement [INSERT INTO operation_logs (operation, module, user_id, success, message)
VALUES (?, 'TOOL', ?, TRUE, ?)
]
2026-05-27T00:18:41.070+08:00 DEBUG 56753 --- [tool-share-backend] [           main] o.s.jdbc.core.JdbcTemplate               : Executing prepared SQL update
2026-05-27T00:18:41.070+08:00 DEBUG 56753 --- [tool-share-backend] [           main] o.s.jdbc.core.JdbcTemplate               : Executing prepared SQL statement [INSERT INTO operation_logs (operation, module, user_id, success, message)
VALUES (?, 'TOOL', ?, TRUE, ?)
]
2026-05-27T00:18:41.071+08:00 DEBUG 56753 --- [tool-share-backend] [           main] o.s.jdbc.core.JdbcTemplate               : Executing prepared SQL update
2026-05-27T00:18:41.071+08:00 DEBUG 56753 --- [tool-share-backend] [           main] o.s.jdbc.core.JdbcTemplate               : Executing prepared SQL statement [INSERT INTO operation_logs (operation, module, user_id, success, message)
VALUES (?, 'TOOL', ?, TRUE, ?)
]
2026-05-27T00:18:41.071+08:00 DEBUG 56753 --- [tool-share-backend] [           main] o.s.jdbc.core.JdbcTemplate               : Executing prepared SQL update
2026-05-27T00:18:41.071+08:00 DEBUG 56753 --- [tool-share-backend] [           main] o.s.jdbc.core.JdbcTemplate               : Executing prepared SQL statement [INSERT INTO operation_logs (operation, module, user_id, success, message)
VALUES (?, 'TOOL', ?, TRUE, ?)
]
2026-05-27T00:18:41.071+08:00 DEBUG 56753 --- [tool-share-backend] [           main] o.s.jdbc.core.JdbcTemplate               : Executing prepared SQL update
2026-05-27T00:18:41.071+08:00 DEBUG 56753 --- [tool-share-backend] [           main] o.s.jdbc.core.JdbcTemplate               : Executing prepared SQL statement [INSERT INTO operation_logs (operation, module, user_id, success, message)
VALUES (?, 'TOOL', ?, TRUE, ?)
]
2026-05-27T00:18:41.071+08:00 DEBUG 56753 --- [tool-share-backend] [           main] o.s.jdbc.core.JdbcTemplate               : Executing prepared SQL update
2026-05-27T00:18:41.071+08:00 DEBUG 56753 --- [tool-share-backend] [           main] o.s.jdbc.core.JdbcTemplate               : Executing prepared SQL statement [INSERT INTO operation_logs (operation, module, user_id, success, message)
VALUES (?, 'TOOL', ?, TRUE, ?)
]
2026-05-27T00:18:41.071+08:00 DEBUG 56753 --- [tool-share-backend] [           main] o.s.jdbc.core.JdbcTemplate               : Executing prepared SQL update
2026-05-27T00:18:41.071+08:00 DEBUG 56753 --- [tool-share-backend] [           main] o.s.jdbc.core.JdbcTemplate               : Executing prepared SQL statement [INSERT INTO operation_logs (operation, module, user_id, success, message)
VALUES (?, 'TOOL', ?, TRUE, ?)
]
2026-05-27T00:18:41.072+08:00 DEBUG 56753 --- [tool-share-backend] [           main] o.s.jdbc.core.JdbcTemplate               : Executing prepared SQL update
2026-05-27T00:18:41.072+08:00 DEBUG 56753 --- [tool-share-backend] [           main] o.s.jdbc.core.JdbcTemplate               : Executing prepared SQL statement [INSERT INTO operation_logs (operation, module, user_id, success, message)
VALUES (?, 'TOOL', ?, TRUE, ?)
]
2026-05-27T00:18:41.072+08:00 DEBUG 56753 --- [tool-share-backend] [           main] o.s.jdbc.core.JdbcTemplate               : Executing prepared SQL update
2026-05-27T00:18:41.072+08:00 DEBUG 56753 --- [tool-share-backend] [           main] o.s.jdbc.core.JdbcTemplate               : Executing prepared SQL statement [INSERT INTO operation_logs (operation, module, user_id, success, message)
VALUES (?, 'TOOL', ?, TRUE, ?)
]
2026-05-27T00:18:41.072+08:00 DEBUG 56753 --- [tool-share-backend] [           main] o.s.jdbc.core.JdbcTemplate               : Executing prepared SQL update
2026-05-27T00:18:41.072+08:00 DEBUG 56753 --- [tool-share-backend] [           main] o.s.jdbc.core.JdbcTemplate               : Executing prepared SQL statement [INSERT INTO operation_logs (operation, module, user_id, success, message)
VALUES (?, 'TOOL', ?, TRUE, ?)
]
2026-05-27T00:18:41.072+08:00 DEBUG 56753 --- [tool-share-backend] [           main] o.s.jdbc.core.JdbcTemplate               : Executing prepared SQL update
2026-05-27T00:18:41.072+08:00 DEBUG 56753 --- [tool-share-backend] [           main] o.s.jdbc.core.JdbcTemplate               : Executing prepared SQL statement [INSERT INTO operation_logs (operation, module, user_id, success, message)
VALUES (?, 'TOOL', ?, TRUE, ?)
]
2026-05-27T00:18:41.072+08:00 DEBUG 56753 --- [tool-share-backend] [           main] o.s.jdbc.core.JdbcTemplate               : Executing prepared SQL update
2026-05-27T00:18:41.072+08:00 DEBUG 56753 --- [tool-share-backend] [           main] o.s.jdbc.core.JdbcTemplate               : Executing prepared SQL statement [INSERT INTO operation_logs (operation, module, user_id, success, message)
VALUES (?, 'TOOL', ?, TRUE, ?)
]
2026-05-27T00:18:41.072+08:00 DEBUG 56753 --- [tool-share-backend] [           main] o.s.jdbc.core.JdbcTemplate               : Executing prepared SQL update
2026-05-27T00:18:41.072+08:00 DEBUG 56753 --- [tool-share-backend] [           main] o.s.jdbc.core.JdbcTemplate               : Executing prepared SQL statement [INSERT INTO operation_logs (operation, module, user_id, success, message)
VALUES (?, 'TOOL', ?, TRUE, ?)
]
2026-05-27T00:18:41.072+08:00 DEBUG 56753 --- [tool-share-backend] [           main] o.s.jdbc.core.JdbcTemplate               : Executing prepared SQL update
2026-05-27T00:18:41.072+08:00 DEBUG 56753 --- [tool-share-backend] [           main] o.s.jdbc.core.JdbcTemplate               : Executing prepared SQL statement [INSERT INTO operation_logs (operation, module, user_id, success, message)
VALUES (?, 'TOOL', ?, TRUE, ?)
]
2026-05-27T00:18:41.072+08:00 DEBUG 56753 --- [tool-share-backend] [           main] o.s.jdbc.core.JdbcTemplate               : Executing prepared SQL update
2026-05-27T00:18:41.072+08:00 DEBUG 56753 --- [tool-share-backend] [           main] o.s.jdbc.core.JdbcTemplate               : Executing prepared SQL statement [INSERT INTO operation_logs (operation, module, user_id, success, message)
VALUES (?, 'TOOL', ?, TRUE, ?)
]
2026-05-27T00:18:41.072+08:00 DEBUG 56753 --- [tool-share-backend] [           main] o.s.jdbc.core.JdbcTemplate               : Executing prepared SQL update
2026-05-27T00:18:41.072+08:00 DEBUG 56753 --- [tool-share-backend] [           main] o.s.jdbc.core.JdbcTemplate               : Executing prepared SQL statement [INSERT INTO operation_logs (operation, module, user_id, success, message)
VALUES (?, 'TOOL', ?, TRUE, ?)
]
2026-05-27T00:18:41.073+08:00 DEBUG 56753 --- [tool-share-backend] [           main] o.s.jdbc.core.JdbcTemplate               : Executing prepared SQL update
2026-05-27T00:18:41.073+08:00 DEBUG 56753 --- [tool-share-backend] [           main] o.s.jdbc.core.JdbcTemplate               : Executing prepared SQL statement [INSERT INTO operation_logs (operation, module, user_id, success, message)
VALUES (?, 'TOOL', ?, TRUE, ?)
]
2026-05-27T00:18:41.073+08:00 DEBUG 56753 --- [tool-share-backend] [           main] o.s.jdbc.core.JdbcTemplate               : Executing prepared SQL update
2026-05-27T00:18:41.073+08:00 DEBUG 56753 --- [tool-share-backend] [           main] o.s.jdbc.core.JdbcTemplate               : Executing prepared SQL statement [INSERT INTO operation_logs (operation, module, user_id, success, message)
VALUES (?, 'TOOL', ?, TRUE, ?)
]
2026-05-27T00:18:41.073+08:00 DEBUG 56753 --- [tool-share-backend] [           main] o.s.jdbc.core.JdbcTemplate               : Executing prepared SQL update
2026-05-27T00:18:41.073+08:00 DEBUG 56753 --- [tool-share-backend] [           main] o.s.jdbc.core.JdbcTemplate               : Executing prepared SQL statement [INSERT INTO operation_logs (operation, module, user_id, success, message)
VALUES (?, 'TOOL', ?, TRUE, ?)
]
2026-05-27T00:18:41.073+08:00 DEBUG 56753 --- [tool-share-backend] [           main] o.s.jdbc.core.JdbcTemplate               : Executing prepared SQL update
2026-05-27T00:18:41.073+08:00 DEBUG 56753 --- [tool-share-backend] [           main] o.s.jdbc.core.JdbcTemplate               : Executing prepared SQL statement [INSERT INTO operation_logs (operation, module, user_id, success, message)
VALUES (?, 'TOOL', ?, TRUE, ?)
]
2026-05-27T00:18:41.073+08:00 DEBUG 56753 --- [tool-share-backend] [           main] o.s.jdbc.core.JdbcTemplate               : Executing prepared SQL update
2026-05-27T00:18:41.073+08:00 DEBUG 56753 --- [tool-share-backend] [           main] o.s.jdbc.core.JdbcTemplate               : Executing prepared SQL statement [INSERT INTO operation_logs (operation, module, user_id, success, message)
VALUES (?, 'TOOL', ?, TRUE, ?)
]
2026-05-27T00:18:41.073+08:00 DEBUG 56753 --- [tool-share-backend] [           main] o.s.jdbc.core.JdbcTemplate               : Executing prepared SQL update
2026-05-27T00:18:41.073+08:00 DEBUG 56753 --- [tool-share-backend] [           main] o.s.jdbc.core.JdbcTemplate               : Executing prepared SQL statement [INSERT INTO operation_logs (operation, module, user_id, success, message)
VALUES (?, 'TOOL', ?, TRUE, ?)
]
2026-05-27T00:18:41.073+08:00 DEBUG 56753 --- [tool-share-backend] [           main] o.s.jdbc.core.JdbcTemplate               : Executing prepared SQL update
2026-05-27T00:18:41.073+08:00 DEBUG 56753 --- [tool-share-backend] [           main] o.s.jdbc.core.JdbcTemplate               : Executing prepared SQL statement [INSERT INTO operation_logs (operation, module, user_id, success, message)
VALUES (?, 'TOOL', ?, TRUE, ?)
]
2026-05-27T00:18:41.073+08:00 DEBUG 56753 --- [tool-share-backend] [           main] o.s.jdbc.core.JdbcTemplate               : Executing prepared SQL update
2026-05-27T00:18:41.073+08:00 DEBUG 56753 --- [tool-share-backend] [           main] o.s.jdbc.core.JdbcTemplate               : Executing prepared SQL statement [INSERT INTO operation_logs (operation, module, user_id, success, message)
VALUES (?, 'TOOL', ?, TRUE, ?)
]
2026-05-27T00:18:41.073+08:00 DEBUG 56753 --- [tool-share-backend] [           main] o.s.jdbc.core.JdbcTemplate               : Executing prepared SQL update
2026-05-27T00:18:41.073+08:00 DEBUG 56753 --- [tool-share-backend] [           main] o.s.jdbc.core.JdbcTemplate               : Executing prepared SQL statement [INSERT INTO operation_logs (operation, module, user_id, success, message)
VALUES (?, 'TOOL', ?, TRUE, ?)
]
2026-05-27T00:18:41.074+08:00 DEBUG 56753 --- [tool-share-backend] [           main] o.s.jdbc.core.JdbcTemplate               : Executing prepared SQL update
2026-05-27T00:18:41.074+08:00 DEBUG 56753 --- [tool-share-backend] [           main] o.s.jdbc.core.JdbcTemplate               : Executing prepared SQL statement [INSERT INTO operation_logs (operation, module, user_id, success, message)
VALUES (?, 'TOOL', ?, TRUE, ?)
]
2026-05-27T00:18:41.074+08:00 DEBUG 56753 --- [tool-share-backend] [           main] o.s.jdbc.core.JdbcTemplate               : Executing prepared SQL update
2026-05-27T00:18:41.074+08:00 DEBUG 56753 --- [tool-share-backend] [           main] o.s.jdbc.core.JdbcTemplate               : Executing prepared SQL statement [INSERT INTO operation_logs (operation, module, user_id, success, message)
VALUES (?, 'TOOL', ?, TRUE, ?)
]
2026-05-27T00:18:41.074+08:00 DEBUG 56753 --- [tool-share-backend] [           main] o.s.jdbc.core.JdbcTemplate               : Executing prepared SQL update
2026-05-27T00:18:41.074+08:00 DEBUG 56753 --- [tool-share-backend] [           main] o.s.jdbc.core.JdbcTemplate               : Executing prepared SQL statement [INSERT INTO operation_logs (operation, module, user_id, success, message)
VALUES (?, 'TOOL', ?, TRUE, ?)
]
2026-05-27T00:18:41.074+08:00 DEBUG 56753 --- [tool-share-backend] [           main] o.s.jdbc.core.JdbcTemplate               : Executing prepared SQL update
2026-05-27T00:18:41.074+08:00 DEBUG 56753 --- [tool-share-backend] [           main] o.s.jdbc.core.JdbcTemplate               : Executing prepared SQL statement [INSERT INTO operation_logs (operation, module, user_id, success, message)
VALUES (?, 'TOOL', ?, TRUE, ?)
]
2026-05-27T00:18:41.074+08:00 DEBUG 56753 --- [tool-share-backend] [           main] o.s.jdbc.core.JdbcTemplate               : Executing prepared SQL update
2026-05-27T00:18:41.074+08:00 DEBUG 56753 --- [tool-share-backend] [           main] o.s.jdbc.core.JdbcTemplate               : Executing prepared SQL statement [INSERT INTO operation_logs (operation, module, user_id, success, message)
VALUES (?, 'TOOL', ?, TRUE, ?)
]
2026-05-27T00:18:41.074+08:00 DEBUG 56753 --- [tool-share-backend] [           main] o.s.jdbc.core.JdbcTemplate               : Executing prepared SQL update
2026-05-27T00:18:41.074+08:00 DEBUG 56753 --- [tool-share-backend] [           main] o.s.jdbc.core.JdbcTemplate               : Executing prepared SQL statement [INSERT INTO operation_logs (operation, module, user_id, success, message)
VALUES (?, 'TOOL', ?, TRUE, ?)
]
2026-05-27T00:18:41.075+08:00 DEBUG 56753 --- [tool-share-backend] [           main] o.s.jdbc.core.JdbcTemplate               : Executing prepared SQL update
2026-05-27T00:18:41.075+08:00 DEBUG 56753 --- [tool-share-backend] [           main] o.s.jdbc.core.JdbcTemplate               : Executing prepared SQL statement [INSERT INTO operation_logs (operation, module, user_id, success, message)
VALUES (?, 'TOOL', ?, TRUE, ?)
]
2026-05-27T00:18:41.075+08:00 DEBUG 56753 --- [tool-share-backend] [           main] o.s.jdbc.core.JdbcTemplate               : Executing prepared SQL update
2026-05-27T00:18:41.075+08:00 DEBUG 56753 --- [tool-share-backend] [           main] o.s.jdbc.core.JdbcTemplate               : Executing prepared SQL statement [INSERT INTO operation_logs (operation, module, user_id, success, message)
VALUES (?, 'TOOL', ?, TRUE, ?)
]
2026-05-27T00:18:41.075+08:00 DEBUG 56753 --- [tool-share-backend] [           main] o.s.jdbc.core.JdbcTemplate               : Executing prepared SQL update
2026-05-27T00:18:41.075+08:00 DEBUG 56753 --- [tool-share-backend] [           main] o.s.jdbc.core.JdbcTemplate               : Executing prepared SQL statement [INSERT INTO operation_logs (operation, module, user_id, success, message)
VALUES (?, 'TOOL', ?, TRUE, ?)
]
2026-05-27T00:18:41.075+08:00 DEBUG 56753 --- [tool-share-backend] [           main] o.s.jdbc.core.JdbcTemplate               : Executing prepared SQL update
2026-05-27T00:18:41.075+08:00 DEBUG 56753 --- [tool-share-backend] [           main] o.s.jdbc.core.JdbcTemplate               : Executing prepared SQL statement [INSERT INTO operation_logs (operation, module, user_id, success, message)
VALUES (?, 'TOOL', ?, TRUE, ?)
]
2026-05-27T00:18:41.075+08:00 DEBUG 56753 --- [tool-share-backend] [           main] o.s.jdbc.core.JdbcTemplate               : Executing prepared SQL update
2026-05-27T00:18:41.075+08:00 DEBUG 56753 --- [tool-share-backend] [           main] o.s.jdbc.core.JdbcTemplate               : Executing prepared SQL statement [INSERT INTO operation_logs (operation, module, user_id, success, message)
VALUES (?, 'TOOL', ?, TRUE, ?)
]
2026-05-27T00:18:41.075+08:00 DEBUG 56753 --- [tool-share-backend] [           main] o.s.jdbc.core.JdbcTemplate               : Executing prepared SQL update
2026-05-27T00:18:41.076+08:00 DEBUG 56753 --- [tool-share-backend] [           main] o.s.jdbc.core.JdbcTemplate               : Executing prepared SQL statement [INSERT INTO operation_logs (operation, module, user_id, success, message)
VALUES (?, 'TOOL', ?, TRUE, ?)
]
2026-05-27T00:18:41.076+08:00 DEBUG 56753 --- [tool-share-backend] [           main] o.s.jdbc.core.JdbcTemplate               : Executing prepared SQL update
2026-05-27T00:18:41.076+08:00 DEBUG 56753 --- [tool-share-backend] [           main] o.s.jdbc.core.JdbcTemplate               : Executing prepared SQL statement [INSERT INTO operation_logs (operation, module, user_id, success, message)
VALUES (?, 'TOOL', ?, TRUE, ?)
]
2026-05-27T00:18:41.076+08:00 DEBUG 56753 --- [tool-share-backend] [           main] o.s.jdbc.core.JdbcTemplate               : Executing prepared SQL update
2026-05-27T00:18:41.076+08:00 DEBUG 56753 --- [tool-share-backend] [           main] o.s.jdbc.core.JdbcTemplate               : Executing prepared SQL statement [INSERT INTO operation_logs (operation, module, user_id, success, message)
VALUES (?, 'TOOL', ?, TRUE, ?)
]
2026-05-27T00:18:41.076+08:00 DEBUG 56753 --- [tool-share-backend] [           main] o.s.jdbc.core.JdbcTemplate               : Executing prepared SQL update
2026-05-27T00:18:41.076+08:00 DEBUG 56753 --- [tool-share-backend] [           main] o.s.jdbc.core.JdbcTemplate               : Executing prepared SQL statement [INSERT INTO operation_logs (operation, module, user_id, success, message)
VALUES (?, 'TOOL', ?, TRUE, ?)
]
2026-05-27T00:18:41.076+08:00 DEBUG 56753 --- [tool-share-backend] [           main] o.s.jdbc.core.JdbcTemplate               : Executing prepared SQL update
2026-05-27T00:18:41.076+08:00 DEBUG 56753 --- [tool-share-backend] [           main] o.s.jdbc.core.JdbcTemplate               : Executing prepared SQL statement [INSERT INTO operation_logs (operation, module, user_id, success, message)
VALUES (?, 'TOOL', ?, TRUE, ?)
]
2026-05-27T00:18:41.076+08:00 DEBUG 56753 --- [tool-share-backend] [           main] o.s.jdbc.core.JdbcTemplate               : Executing prepared SQL update
2026-05-27T00:18:41.076+08:00 DEBUG 56753 --- [tool-share-backend] [           main] o.s.jdbc.core.JdbcTemplate               : Executing prepared SQL statement [INSERT INTO operation_logs (operation, module, user_id, success, message)
VALUES (?, 'TOOL', ?, TRUE, ?)
]
2026-05-27T00:18:41.076+08:00 DEBUG 56753 --- [tool-share-backend] [           main] o.s.jdbc.core.JdbcTemplate               : Executing prepared SQL update
2026-05-27T00:18:41.076+08:00 DEBUG 56753 --- [tool-share-backend] [           main] o.s.jdbc.core.JdbcTemplate               : Executing prepared SQL statement [INSERT INTO operation_logs (operation, module, user_id, success, message)
VALUES (?, 'TOOL', ?, TRUE, ?)
]
2026-05-27T00:18:41.077+08:00 DEBUG 56753 --- [tool-share-backend] [           main] o.s.jdbc.core.JdbcTemplate               : Executing prepared SQL update
2026-05-27T00:18:41.077+08:00 DEBUG 56753 --- [tool-share-backend] [           main] o.s.jdbc.core.JdbcTemplate               : Executing prepared SQL statement [INSERT INTO operation_logs (operation, module, user_id, success, message)
VALUES (?, 'TOOL', ?, TRUE, ?)
]
2026-05-27T00:18:41.077+08:00 DEBUG 56753 --- [tool-share-backend] [           main] o.s.jdbc.core.JdbcTemplate               : Executing prepared SQL update
2026-05-27T00:18:41.077+08:00 DEBUG 56753 --- [tool-share-backend] [           main] o.s.jdbc.core.JdbcTemplate               : Executing prepared SQL statement [INSERT INTO operation_logs (operation, module, user_id, success, message)
VALUES (?, 'TOOL', ?, TRUE, ?)
]
2026-05-27T00:18:41.077+08:00 DEBUG 56753 --- [tool-share-backend] [           main] o.s.jdbc.core.JdbcTemplate               : Executing prepared SQL update
2026-05-27T00:18:41.077+08:00 DEBUG 56753 --- [tool-share-backend] [           main] o.s.jdbc.core.JdbcTemplate               : Executing prepared SQL statement [INSERT INTO operation_logs (operation, module, user_id, success, message)
VALUES (?, 'TOOL', ?, TRUE, ?)
]
2026-05-27T00:18:41.077+08:00 DEBUG 56753 --- [tool-share-backend] [           main] o.s.jdbc.core.JdbcTemplate               : Executing prepared SQL update
2026-05-27T00:18:41.077+08:00 DEBUG 56753 --- [tool-share-backend] [           main] o.s.jdbc.core.JdbcTemplate               : Executing prepared SQL statement [INSERT INTO operation_logs (operation, module, user_id, success, message)
VALUES (?, 'TOOL', ?, TRUE, ?)
]
2026-05-27T00:18:41.077+08:00 DEBUG 56753 --- [tool-share-backend] [           main] o.s.jdbc.core.JdbcTemplate               : Executing prepared SQL update
2026-05-27T00:18:41.077+08:00 DEBUG 56753 --- [tool-share-backend] [           main] o.s.jdbc.core.JdbcTemplate               : Executing prepared SQL statement [INSERT INTO operation_logs (operation, module, user_id, success, message)
VALUES (?, 'TOOL', ?, TRUE, ?)
]
2026-05-27T00:18:41.077+08:00 DEBUG 56753 --- [tool-share-backend] [           main] o.s.jdbc.core.JdbcTemplate               : Executing prepared SQL update
2026-05-27T00:18:41.077+08:00 DEBUG 56753 --- [tool-share-backend] [           main] o.s.jdbc.core.JdbcTemplate               : Executing prepared SQL statement [INSERT INTO operation_logs (operation, module, user_id, success, message)
VALUES (?, 'TOOL', ?, TRUE, ?)
]
2026-05-27T00:18:41.077+08:00 DEBUG 56753 --- [tool-share-backend] [           main] o.s.jdbc.core.JdbcTemplate               : Executing prepared SQL update
2026-05-27T00:18:41.077+08:00 DEBUG 56753 --- [tool-share-backend] [           main] o.s.jdbc.core.JdbcTemplate               : Executing prepared SQL statement [INSERT INTO operation_logs (operation, module, user_id, success, message)
VALUES (?, 'TOOL', ?, TRUE, ?)
]
2026-05-27T00:18:41.077+08:00 DEBUG 56753 --- [tool-share-backend] [           main] o.s.jdbc.core.JdbcTemplate               : Executing prepared SQL update
2026-05-27T00:18:41.077+08:00 DEBUG 56753 --- [tool-share-backend] [           main] o.s.jdbc.core.JdbcTemplate               : Executing prepared SQL statement [INSERT INTO operation_logs (operation, module, user_id, success, message)
VALUES (?, 'TOOL', ?, TRUE, ?)
]
2026-05-27T00:18:41.077+08:00 DEBUG 56753 --- [tool-share-backend] [           main] o.s.jdbc.core.JdbcTemplate               : Executing prepared SQL update
2026-05-27T00:18:41.077+08:00 DEBUG 56753 --- [tool-share-backend] [           main] o.s.jdbc.core.JdbcTemplate               : Executing prepared SQL statement [INSERT INTO operation_logs (operation, module, user_id, success, message)
VALUES (?, 'TOOL', ?, TRUE, ?)
]
2026-05-27T00:18:41.078+08:00 DEBUG 56753 --- [tool-share-backend] [           main] o.s.jdbc.core.JdbcTemplate               : Executing prepared SQL update
2026-05-27T00:18:41.078+08:00 DEBUG 56753 --- [tool-share-backend] [           main] o.s.jdbc.core.JdbcTemplate               : Executing prepared SQL statement [INSERT INTO operation_logs (operation, module, user_id, success, message)
VALUES (?, 'TOOL', ?, TRUE, ?)
]
2026-05-27T00:18:41.078+08:00 DEBUG 56753 --- [tool-share-backend] [           main] o.s.jdbc.core.JdbcTemplate               : Executing prepared SQL update
2026-05-27T00:18:41.078+08:00 DEBUG 56753 --- [tool-share-backend] [           main] o.s.jdbc.core.JdbcTemplate               : Executing prepared SQL statement [INSERT INTO operation_logs (operation, module, user_id, success, message)
VALUES (?, 'TOOL', ?, TRUE, ?)
]
2026-05-27T00:18:41.078+08:00 DEBUG 56753 --- [tool-share-backend] [           main] o.s.jdbc.core.JdbcTemplate               : Executing prepared SQL update
2026-05-27T00:18:41.078+08:00 DEBUG 56753 --- [tool-share-backend] [           main] o.s.jdbc.core.JdbcTemplate               : Executing prepared SQL statement [INSERT INTO operation_logs (operation, module, user_id, success, message)
VALUES (?, 'TOOL', ?, TRUE, ?)
]
2026-05-27T00:18:41.078+08:00 DEBUG 56753 --- [tool-share-backend] [           main] o.s.jdbc.core.JdbcTemplate               : Executing prepared SQL update
2026-05-27T00:18:41.078+08:00 DEBUG 56753 --- [tool-share-backend] [           main] o.s.jdbc.core.JdbcTemplate               : Executing prepared SQL statement [INSERT INTO operation_logs (operation, module, user_id, success, message)
VALUES (?, 'TOOL', ?, TRUE, ?)
]
2026-05-27T00:18:41.078+08:00 DEBUG 56753 --- [tool-share-backend] [           main] o.s.jdbc.core.JdbcTemplate               : Executing prepared SQL update
2026-05-27T00:18:41.078+08:00 DEBUG 56753 --- [tool-share-backend] [           main] o.s.jdbc.core.JdbcTemplate               : Executing prepared SQL statement [INSERT INTO operation_logs (operation, module, user_id, success, message)
VALUES (?, 'TOOL', ?, TRUE, ?)
]
2026-05-27T00:18:41.078+08:00 DEBUG 56753 --- [tool-share-backend] [           main] o.s.jdbc.core.JdbcTemplate               : Executing prepared SQL update
2026-05-27T00:18:41.078+08:00 DEBUG 56753 --- [tool-share-backend] [           main] o.s.jdbc.core.JdbcTemplate               : Executing prepared SQL statement [INSERT INTO operation_logs (operation, module, user_id, success, message)
VALUES (?, 'TOOL', ?, TRUE, ?)
]
2026-05-27T00:18:41.078+08:00 DEBUG 56753 --- [tool-share-backend] [           main] o.s.jdbc.core.JdbcTemplate               : Executing prepared SQL update
2026-05-27T00:18:41.078+08:00 DEBUG 56753 --- [tool-share-backend] [           main] o.s.jdbc.core.JdbcTemplate               : Executing prepared SQL statement [INSERT INTO operation_logs (operation, module, user_id, success, message)
VALUES (?, 'TOOL', ?, TRUE, ?)
]
2026-05-27T00:18:41.078+08:00 DEBUG 56753 --- [tool-share-backend] [           main] o.s.jdbc.core.JdbcTemplate               : Executing prepared SQL update
2026-05-27T00:18:41.078+08:00 DEBUG 56753 --- [tool-share-backend] [           main] o.s.jdbc.core.JdbcTemplate               : Executing prepared SQL statement [INSERT INTO operation_logs (operation, module, user_id, success, message)
VALUES (?, 'TOOL', ?, TRUE, ?)
]
2026-05-27T00:18:41.079+08:00 DEBUG 56753 --- [tool-share-backend] [           main] o.s.jdbc.core.JdbcTemplate               : Executing prepared SQL update
2026-05-27T00:18:41.079+08:00 DEBUG 56753 --- [tool-share-backend] [           main] o.s.jdbc.core.JdbcTemplate               : Executing prepared SQL statement [INSERT INTO operation_logs (operation, module, user_id, success, message)
VALUES (?, 'TOOL', ?, TRUE, ?)
]
2026-05-27T00:18:41.079+08:00 DEBUG 56753 --- [tool-share-backend] [           main] o.s.jdbc.core.JdbcTemplate               : Executing prepared SQL update
2026-05-27T00:18:41.079+08:00 DEBUG 56753 --- [tool-share-backend] [           main] o.s.jdbc.core.JdbcTemplate               : Executing prepared SQL statement [INSERT INTO operation_logs (operation, module, user_id, success, message)
VALUES (?, 'TOOL', ?, TRUE, ?)
]
2026-05-27T00:18:41.079+08:00 DEBUG 56753 --- [tool-share-backend] [           main] o.s.jdbc.core.JdbcTemplate               : Executing prepared SQL update
2026-05-27T00:18:41.079+08:00 DEBUG 56753 --- [tool-share-backend] [           main] o.s.jdbc.core.JdbcTemplate               : Executing prepared SQL statement [INSERT INTO operation_logs (operation, module, user_id, success, message)
VALUES (?, 'TOOL', ?, TRUE, ?)
]
2026-05-27T00:18:41.079+08:00 DEBUG 56753 --- [tool-share-backend] [           main] o.s.jdbc.core.JdbcTemplate               : Executing prepared SQL update
2026-05-27T00:18:41.079+08:00 DEBUG 56753 --- [tool-share-backend] [           main] o.s.jdbc.core.JdbcTemplate               : Executing prepared SQL statement [INSERT INTO operation_logs (operation, module, user_id, success, message)
VALUES (?, 'TOOL', ?, TRUE, ?)
]
2026-05-27T00:18:41.079+08:00 DEBUG 56753 --- [tool-share-backend] [           main] o.s.jdbc.core.JdbcTemplate               : Executing prepared SQL update
2026-05-27T00:18:41.079+08:00 DEBUG 56753 --- [tool-share-backend] [           main] o.s.jdbc.core.JdbcTemplate               : Executing prepared SQL statement [INSERT INTO operation_logs (operation, module, user_id, success, message)
VALUES (?, 'TOOL', ?, TRUE, ?)
]
2026-05-27T00:18:41.079+08:00 DEBUG 56753 --- [tool-share-backend] [           main] o.s.jdbc.core.JdbcTemplate               : Executing prepared SQL update
2026-05-27T00:18:41.079+08:00 DEBUG 56753 --- [tool-share-backend] [           main] o.s.jdbc.core.JdbcTemplate               : Executing prepared SQL statement [INSERT INTO operation_logs (operation, module, user_id, success, message)
VALUES (?, 'TOOL', ?, TRUE, ?)
]
2026-05-27T00:18:41.079+08:00 DEBUG 56753 --- [tool-share-backend] [           main] o.s.jdbc.core.JdbcTemplate               : Executing prepared SQL update
2026-05-27T00:18:41.079+08:00 DEBUG 56753 --- [tool-share-backend] [           main] o.s.jdbc.core.JdbcTemplate               : Executing prepared SQL statement [INSERT INTO operation_logs (operation, module, user_id, success, message)
VALUES (?, 'TOOL', ?, TRUE, ?)
]
2026-05-27T00:18:41.079+08:00 DEBUG 56753 --- [tool-share-backend] [           main] o.s.jdbc.core.JdbcTemplate               : Executing prepared SQL update
2026-05-27T00:18:41.079+08:00 DEBUG 56753 --- [tool-share-backend] [           main] o.s.jdbc.core.JdbcTemplate               : Executing prepared SQL statement [INSERT INTO operation_logs (operation, module, user_id, success, message)
VALUES (?, 'TOOL', ?, TRUE, ?)
]
2026-05-27T00:18:41.079+08:00 DEBUG 56753 --- [tool-share-backend] [           main] o.s.jdbc.core.JdbcTemplate               : Executing prepared SQL update
2026-05-27T00:18:41.079+08:00 DEBUG 56753 --- [tool-share-backend] [           main] o.s.jdbc.core.JdbcTemplate               : Executing prepared SQL statement [INSERT INTO operation_logs (operation, module, user_id, success, message)
VALUES (?, 'TOOL', ?, TRUE, ?)
]
2026-05-27T00:18:41.079+08:00 DEBUG 56753 --- [tool-share-backend] [           main] o.s.jdbc.core.JdbcTemplate               : Executing prepared SQL update
2026-05-27T00:18:41.079+08:00 DEBUG 56753 --- [tool-share-backend] [           main] o.s.jdbc.core.JdbcTemplate               : Executing prepared SQL statement [INSERT INTO operation_logs (operation, module, user_id, success, message)
VALUES (?, 'TOOL', ?, TRUE, ?)
]
2026-05-27T00:18:41.080+08:00 DEBUG 56753 --- [tool-share-backend] [           main] o.s.jdbc.core.JdbcTemplate               : Executing prepared SQL update
2026-05-27T00:18:41.080+08:00 DEBUG 56753 --- [tool-share-backend] [           main] o.s.jdbc.core.JdbcTemplate               : Executing prepared SQL statement [INSERT INTO operation_logs (operation, module, user_id, success, message)
VALUES (?, 'TOOL', ?, TRUE, ?)
]
2026-05-27T00:18:41.080+08:00 DEBUG 56753 --- [tool-share-backend] [           main] o.s.jdbc.core.JdbcTemplate               : Executing prepared SQL update
2026-05-27T00:18:41.080+08:00 DEBUG 56753 --- [tool-share-backend] [           main] o.s.jdbc.core.JdbcTemplate               : Executing prepared SQL statement [INSERT INTO operation_logs (operation, module, user_id, success, message)
VALUES (?, 'TOOL', ?, TRUE, ?)
]
2026-05-27T00:18:41.080+08:00 DEBUG 56753 --- [tool-share-backend] [           main] o.s.jdbc.core.JdbcTemplate               : Executing prepared SQL update
2026-05-27T00:18:41.080+08:00 DEBUG 56753 --- [tool-share-backend] [           main] o.s.jdbc.core.JdbcTemplate               : Executing prepared SQL statement [INSERT INTO operation_logs (operation, module, user_id, success, message)
VALUES (?, 'TOOL', ?, TRUE, ?)
]
2026-05-27T00:18:41.080+08:00 DEBUG 56753 --- [tool-share-backend] [           main] o.s.jdbc.core.JdbcTemplate               : Executing prepared SQL update
2026-05-27T00:18:41.080+08:00 DEBUG 56753 --- [tool-share-backend] [           main] o.s.jdbc.core.JdbcTemplate               : Executing prepared SQL statement [INSERT INTO operation_logs (operation, module, user_id, success, message)
VALUES (?, 'TOOL', ?, TRUE, ?)
]
2026-05-27T00:18:41.080+08:00 DEBUG 56753 --- [tool-share-backend] [           main] o.s.jdbc.core.JdbcTemplate               : Executing prepared SQL update
2026-05-27T00:18:41.080+08:00 DEBUG 56753 --- [tool-share-backend] [           main] o.s.jdbc.core.JdbcTemplate               : Executing prepared SQL statement [INSERT INTO operation_logs (operation, module, user_id, success, message)
VALUES (?, 'TOOL', ?, TRUE, ?)
]
2026-05-27T00:18:41.080+08:00 DEBUG 56753 --- [tool-share-backend] [           main] o.s.jdbc.core.JdbcTemplate               : Executing prepared SQL update
2026-05-27T00:18:41.080+08:00 DEBUG 56753 --- [tool-share-backend] [           main] o.s.jdbc.core.JdbcTemplate               : Executing prepared SQL statement [INSERT INTO operation_logs (operation, module, user_id, success, message)
VALUES (?, 'TOOL', ?, TRUE, ?)
]
2026-05-27T00:18:41.080+08:00 DEBUG 56753 --- [tool-share-backend] [           main] o.s.jdbc.core.JdbcTemplate               : Executing prepared SQL update
2026-05-27T00:18:41.080+08:00 DEBUG 56753 --- [tool-share-backend] [           main] o.s.jdbc.core.JdbcTemplate               : Executing prepared SQL statement [INSERT INTO operation_logs (operation, module, user_id, success, message)
VALUES (?, 'TOOL', ?, TRUE, ?)
]
2026-05-27T00:18:41.080+08:00 DEBUG 56753 --- [tool-share-backend] [           main] o.s.jdbc.core.JdbcTemplate               : Executing prepared SQL update
2026-05-27T00:18:41.080+08:00 DEBUG 56753 --- [tool-share-backend] [           main] o.s.jdbc.core.JdbcTemplate               : Executing prepared SQL statement [INSERT INTO operation_logs (operation, module, user_id, success, message)
VALUES (?, 'TOOL', ?, TRUE, ?)
]
2026-05-27T00:18:41.080+08:00 DEBUG 56753 --- [tool-share-backend] [           main] o.s.jdbc.core.JdbcTemplate               : Executing prepared SQL update
2026-05-27T00:18:41.080+08:00 DEBUG 56753 --- [tool-share-backend] [           main] o.s.jdbc.core.JdbcTemplate               : Executing prepared SQL statement [INSERT INTO operation_logs (operation, module, user_id, success, message)
VALUES (?, 'TOOL', ?, TRUE, ?)
]
2026-05-27T00:18:41.081+08:00 DEBUG 56753 --- [tool-share-backend] [           main] o.s.jdbc.core.JdbcTemplate               : Executing prepared SQL update
2026-05-27T00:18:41.081+08:00 DEBUG 56753 --- [tool-share-backend] [           main] o.s.jdbc.core.JdbcTemplate               : Executing prepared SQL statement [INSERT INTO operation_logs (operation, module, user_id, success, message)
VALUES (?, 'TOOL', ?, TRUE, ?)
]
2026-05-27T00:18:41.081+08:00 DEBUG 56753 --- [tool-share-backend] [           main] o.s.jdbc.core.JdbcTemplate               : Executing prepared SQL update
2026-05-27T00:18:41.081+08:00 DEBUG 56753 --- [tool-share-backend] [           main] o.s.jdbc.core.JdbcTemplate               : Executing prepared SQL statement [INSERT INTO operation_logs (operation, module, user_id, success, message)
VALUES (?, 'TOOL', ?, TRUE, ?)
]
2026-05-27T00:18:41.081+08:00 DEBUG 56753 --- [tool-share-backend] [           main] o.s.jdbc.core.JdbcTemplate               : Executing prepared SQL update
2026-05-27T00:18:41.081+08:00 DEBUG 56753 --- [tool-share-backend] [           main] o.s.jdbc.core.JdbcTemplate               : Executing prepared SQL statement [INSERT INTO operation_logs (operation, module, user_id, success, message)
VALUES (?, 'TOOL', ?, TRUE, ?)
]
2026-05-27T00:18:41.081+08:00 DEBUG 56753 --- [tool-share-backend] [           main] o.s.jdbc.core.JdbcTemplate               : Executing prepared SQL update
2026-05-27T00:18:41.081+08:00 DEBUG 56753 --- [tool-share-backend] [           main] o.s.jdbc.core.JdbcTemplate               : Executing prepared SQL statement [INSERT INTO operation_logs (operation, module, user_id, success, message)
VALUES (?, 'TOOL', ?, TRUE, ?)
]
2026-05-27T00:18:41.081+08:00 DEBUG 56753 --- [tool-share-backend] [           main] o.s.jdbc.core.JdbcTemplate               : Executing prepared SQL update
2026-05-27T00:18:41.081+08:00 DEBUG 56753 --- [tool-share-backend] [           main] o.s.jdbc.core.JdbcTemplate               : Executing prepared SQL statement [INSERT INTO operation_logs (operation, module, user_id, success, message)
VALUES (?, 'TOOL', ?, TRUE, ?)
]
2026-05-27T00:18:41.081+08:00 DEBUG 56753 --- [tool-share-backend] [           main] o.s.jdbc.core.JdbcTemplate               : Executing prepared SQL update
2026-05-27T00:18:41.081+08:00 DEBUG 56753 --- [tool-share-backend] [           main] o.s.jdbc.core.JdbcTemplate               : Executing prepared SQL statement [INSERT INTO operation_logs (operation, module, user_id, success, message)
VALUES (?, 'TOOL', ?, TRUE, ?)
]
2026-05-27T00:18:41.081+08:00 DEBUG 56753 --- [tool-share-backend] [           main] o.s.jdbc.core.JdbcTemplate               : Executing prepared SQL update
2026-05-27T00:18:41.081+08:00 DEBUG 56753 --- [tool-share-backend] [           main] o.s.jdbc.core.JdbcTemplate               : Executing prepared SQL statement [INSERT INTO operation_logs (operation, module, user_id, success, message)
VALUES (?, 'TOOL', ?, TRUE, ?)
]
2026-05-27T00:18:41.081+08:00 DEBUG 56753 --- [tool-share-backend] [           main] o.s.jdbc.core.JdbcTemplate               : Executing prepared SQL update
2026-05-27T00:18:41.081+08:00 DEBUG 56753 --- [tool-share-backend] [           main] o.s.jdbc.core.JdbcTemplate               : Executing prepared SQL statement [INSERT INTO operation_logs (operation, module, user_id, success, message)
VALUES (?, 'TOOL', ?, TRUE, ?)
]
2026-05-27T00:18:41.082+08:00 DEBUG 56753 --- [tool-share-backend] [           main] o.s.jdbc.core.JdbcTemplate               : Executing prepared SQL update
2026-05-27T00:18:41.082+08:00 DEBUG 56753 --- [tool-share-backend] [           main] o.s.jdbc.core.JdbcTemplate               : Executing prepared SQL statement [INSERT INTO operation_logs (operation, module, user_id, success, message)
VALUES (?, 'TOOL', ?, TRUE, ?)
]
2026-05-27T00:18:41.082+08:00 DEBUG 56753 --- [tool-share-backend] [           main] o.s.jdbc.core.JdbcTemplate               : Executing prepared SQL update
2026-05-27T00:18:41.082+08:00 DEBUG 56753 --- [tool-share-backend] [           main] o.s.jdbc.core.JdbcTemplate               : Executing prepared SQL statement [INSERT INTO operation_logs (operation, module, user_id, success, message)
VALUES (?, 'TOOL', ?, TRUE, ?)
]
2026-05-27T00:18:41.082+08:00 DEBUG 56753 --- [tool-share-backend] [           main] o.s.jdbc.core.JdbcTemplate               : Executing prepared SQL update
2026-05-27T00:18:41.082+08:00 DEBUG 56753 --- [tool-share-backend] [           main] o.s.jdbc.core.JdbcTemplate               : Executing prepared SQL statement [INSERT INTO operation_logs (operation, module, user_id, success, message)
VALUES (?, 'TOOL', ?, TRUE, ?)
]
2026-05-27T00:18:41.082+08:00 DEBUG 56753 --- [tool-share-backend] [           main] o.s.jdbc.core.JdbcTemplate               : Executing prepared SQL update
2026-05-27T00:18:41.082+08:00 DEBUG 56753 --- [tool-share-backend] [           main] o.s.jdbc.core.JdbcTemplate               : Executing prepared SQL statement [INSERT INTO operation_logs (operation, module, user_id, success, message)
VALUES (?, 'TOOL', ?, TRUE, ?)
]
2026-05-27T00:18:41.082+08:00 DEBUG 56753 --- [tool-share-backend] [           main] o.s.jdbc.core.JdbcTemplate               : Executing prepared SQL update
2026-05-27T00:18:41.082+08:00 DEBUG 56753 --- [tool-share-backend] [           main] o.s.jdbc.core.JdbcTemplate               : Executing prepared SQL statement [INSERT INTO operation_logs (operation, module, user_id, success, message)
VALUES (?, 'TOOL', ?, TRUE, ?)
]
2026-05-27T00:18:41.082+08:00 DEBUG 56753 --- [tool-share-backend] [           main] o.s.jdbc.core.JdbcTemplate               : Executing prepared SQL update
2026-05-27T00:18:41.082+08:00 DEBUG 56753 --- [tool-share-backend] [           main] o.s.jdbc.core.JdbcTemplate               : Executing prepared SQL statement [INSERT INTO operation_logs (operation, module, user_id, success, message)
VALUES (?, 'TOOL', ?, TRUE, ?)
]
2026-05-27T00:18:41.082+08:00 DEBUG 56753 --- [tool-share-backend] [           main] o.s.jdbc.core.JdbcTemplate               : Executing prepared SQL update
2026-05-27T00:18:41.082+08:00 DEBUG 56753 --- [tool-share-backend] [           main] o.s.jdbc.core.JdbcTemplate               : Executing prepared SQL statement [INSERT INTO operation_logs (operation, module, user_id, success, message)
VALUES (?, 'TOOL', ?, TRUE, ?)
]
2026-05-27T00:18:41.082+08:00 DEBUG 56753 --- [tool-share-backend] [           main] o.s.jdbc.core.JdbcTemplate               : Executing prepared SQL update
2026-05-27T00:18:41.082+08:00 DEBUG 56753 --- [tool-share-backend] [           main] o.s.jdbc.core.JdbcTemplate               : Executing prepared SQL statement [INSERT INTO operation_logs (operation, module, user_id, success, message)
VALUES (?, 'TOOL', ?, TRUE, ?)
]
2026-05-27T00:18:41.082+08:00 DEBUG 56753 --- [tool-share-backend] [           main] o.s.jdbc.core.JdbcTemplate               : Executing prepared SQL update
2026-05-27T00:18:41.082+08:00 DEBUG 56753 --- [tool-share-backend] [           main] o.s.jdbc.core.JdbcTemplate               : Executing prepared SQL statement [INSERT INTO operation_logs (operation, module, user_id, success, message)
VALUES (?, 'TOOL', ?, TRUE, ?)
]
2026-05-27T00:18:41.082+08:00 DEBUG 56753 --- [tool-share-backend] [           main] o.s.jdbc.core.JdbcTemplate               : Executing prepared SQL update
2026-05-27T00:18:41.082+08:00 DEBUG 56753 --- [tool-share-backend] [           main] o.s.jdbc.core.JdbcTemplate               : Executing prepared SQL statement [INSERT INTO operation_logs (operation, module, user_id, success, message)
VALUES (?, 'TOOL', ?, TRUE, ?)
]
2026-05-27T00:18:41.082+08:00 DEBUG 56753 --- [tool-share-backend] [           main] o.s.jdbc.core.JdbcTemplate               : Executing prepared SQL update
2026-05-27T00:18:41.082+08:00 DEBUG 56753 --- [tool-share-backend] [           main] o.s.jdbc.core.JdbcTemplate               : Executing prepared SQL statement [INSERT INTO operation_logs (operation, module, user_id, success, message)
VALUES (?, 'TOOL', ?, TRUE, ?)
]
2026-05-27T00:18:41.083+08:00 DEBUG 56753 --- [tool-share-backend] [           main] o.s.jdbc.core.JdbcTemplate               : Executing prepared SQL update
2026-05-27T00:18:41.083+08:00 DEBUG 56753 --- [tool-share-backend] [           main] o.s.jdbc.core.JdbcTemplate               : Executing prepared SQL statement [INSERT INTO operation_logs (operation, module, user_id, success, message)
VALUES (?, 'TOOL', ?, TRUE, ?)
]
2026-05-27T00:18:41.083+08:00 DEBUG 56753 --- [tool-share-backend] [           main] o.s.jdbc.core.JdbcTemplate               : Executing prepared SQL update
2026-05-27T00:18:41.083+08:00 DEBUG 56753 --- [tool-share-backend] [           main] o.s.jdbc.core.JdbcTemplate               : Executing prepared SQL statement [INSERT INTO operation_logs (operation, module, user_id, success, message)
VALUES (?, 'TOOL', ?, TRUE, ?)
]
2026-05-27T00:18:41.083+08:00 DEBUG 56753 --- [tool-share-backend] [           main] o.s.jdbc.core.JdbcTemplate               : Executing prepared SQL update
2026-05-27T00:18:41.083+08:00 DEBUG 56753 --- [tool-share-backend] [           main] o.s.jdbc.core.JdbcTemplate               : Executing prepared SQL statement [INSERT INTO operation_logs (operation, module, user_id, success, message)
VALUES (?, 'TOOL', ?, TRUE, ?)
]
2026-05-27T00:18:41.083+08:00 DEBUG 56753 --- [tool-share-backend] [           main] o.s.jdbc.core.JdbcTemplate               : Executing prepared SQL update
2026-05-27T00:18:41.083+08:00 DEBUG 56753 --- [tool-share-backend] [           main] o.s.jdbc.core.JdbcTemplate               : Executing prepared SQL statement [INSERT INTO operation_logs (operation, module, user_id, success, message)
VALUES (?, 'TOOL', ?, TRUE, ?)
]
2026-05-27T00:18:41.083+08:00 DEBUG 56753 --- [tool-share-backend] [           main] o.s.jdbc.core.JdbcTemplate               : Executing prepared SQL update
2026-05-27T00:18:41.083+08:00 DEBUG 56753 --- [tool-share-backend] [           main] o.s.jdbc.core.JdbcTemplate               : Executing prepared SQL statement [INSERT INTO operation_logs (operation, module, user_id, success, message)
VALUES (?, 'TOOL', ?, TRUE, ?)
]
2026-05-27T00:18:41.083+08:00 DEBUG 56753 --- [tool-share-backend] [           main] o.s.jdbc.core.JdbcTemplate               : Executing prepared SQL update
2026-05-27T00:18:41.083+08:00 DEBUG 56753 --- [tool-share-backend] [           main] o.s.jdbc.core.JdbcTemplate               : Executing prepared SQL statement [INSERT INTO operation_logs (operation, module, user_id, success, message)
VALUES (?, 'TOOL', ?, TRUE, ?)
]
2026-05-27T00:18:41.083+08:00 DEBUG 56753 --- [tool-share-backend] [           main] o.s.jdbc.core.JdbcTemplate               : Executing prepared SQL update
2026-05-27T00:18:41.083+08:00 DEBUG 56753 --- [tool-share-backend] [           main] o.s.jdbc.core.JdbcTemplate               : Executing prepared SQL statement [INSERT INTO operation_logs (operation, module, user_id, success, message)
VALUES (?, 'TOOL', ?, TRUE, ?)
]
2026-05-27T00:18:41.083+08:00 DEBUG 56753 --- [tool-share-backend] [           main] o.s.jdbc.core.JdbcTemplate               : Executing prepared SQL update
2026-05-27T00:18:41.083+08:00 DEBUG 56753 --- [tool-share-backend] [           main] o.s.jdbc.core.JdbcTemplate               : Executing prepared SQL statement [INSERT INTO operation_logs (operation, module, user_id, success, message)
VALUES (?, 'TOOL', ?, TRUE, ?)
]
2026-05-27T00:18:41.084+08:00 DEBUG 56753 --- [tool-share-backend] [           main] o.s.jdbc.core.JdbcTemplate               : Executing prepared SQL update
2026-05-27T00:18:41.084+08:00 DEBUG 56753 --- [tool-share-backend] [           main] o.s.jdbc.core.JdbcTemplate               : Executing prepared SQL statement [INSERT INTO operation_logs (operation, module, user_id, success, message)
VALUES (?, 'TOOL', ?, TRUE, ?)
]
[...]
2026-05-27T00:18:41.096+08:00 DEBUG 56753 --- [tool-share-backend] [           main] o.s.jdbc.core.JdbcTemplate               : Executing prepared SQL statement [INSERT INTO operation_logs (operation, module, user_id, success, message)
VALUES (?, 'TOOL', ?, TRUE, ?)
]
2026-05-27T00:18:41.096+08:00 DEBUG 56753 --- [tool-share-backend] [           main] o.s.jdbc.core.JdbcTemplate               : Executing prepared SQL update
2026-05-27T00:18:41.097+08:00 DEBUG 56753 --- [tool-share-backend] [           main] o.s.jdbc.core.JdbcTemplate               : Executing prepared SQL statement [INSERT INTO operation_logs (operation, module, user_id, success, message)
VALUES (?, 'TOOL', ?, TRUE, ?)
]
2026-05-27T00:18:41.097+08:00 DEBUG 56753 --- [tool-share-backend] [           main] o.s.jdbc.core.JdbcTemplate               : Executing prepared SQL update
2026-05-27T00:18:41.097+08:00 DEBUG 56753 --- [tool-share-backend] [           main] o.s.jdbc.core.JdbcTemplate               : Executing prepared SQL statement [INSERT INTO operation_logs (operation, module, user_id, success, message)
VALUES (?, 'TOOL', ?, TRUE, ?)
]
2026-05-27T00:18:41.097+08:00 DEBUG 56753 --- [tool-share-backend] [           main] o.s.jdbc.core.JdbcTemplate               : Executing prepared SQL update
2026-05-27T00:18:41.097+08:00 DEBUG 56753 --- [tool-share-backend] [           main] o.s.jdbc.core.JdbcTemplate               : Executing prepared SQL statement [INSERT INTO operation_logs (operation, module, user_id, success, message)
VALUES (?, 'TOOL', ?, TRUE, ?)
]
2026-05-27T00:18:41.097+08:00 DEBUG 56753 --- [tool-share-backend] [           main] o.s.jdbc.core.JdbcTemplate               : Executing prepared SQL update
2026-05-27T00:18:41.097+08:00 DEBUG 56753 --- [tool-share-backend] [           main] o.s.jdbc.core.JdbcTemplate               : Executing prepared SQL statement [INSERT INTO operation_logs (operation, module, user_id, success, message)
VALUES (?, 'TOOL', ?, TRUE, ?)
]
2026-05-27T00:18:41.097+08:00 DEBUG 56753 --- [tool-share-backend] [           main] o.s.jdbc.core.JdbcTemplate               : Executing prepared SQL update
2026-05-27T00:18:41.097+08:00 DEBUG 56753 --- [tool-share-backend] [           main] o.s.jdbc.core.JdbcTemplate               : Executing prepared SQL statement [INSERT INTO operation_logs (operation, module, user_id, success, message)
VALUES (?, 'TOOL', ?, TRUE, ?)
]
2026-05-27T00:18:41.097+08:00 DEBUG 56753 --- [tool-share-backend] [           main] o.s.jdbc.core.JdbcTemplate               : Executing prepared SQL update
2026-05-27T00:18:41.097+08:00 DEBUG 56753 --- [tool-share-backend] [           main] o.s.jdbc.core.JdbcTemplate               : Executing prepared SQL statement [INSERT INTO operation_logs (operation, module, user_id, success, message)
VALUES (?, 'TOOL', ?, TRUE, ?)
]
2026-05-27T00:18:41.097+08:00 DEBUG 56753 --- [tool-share-backend] [           main] o.s.jdbc.core.JdbcTemplate               : Executing prepared SQL update
2026-05-27T00:18:41.097+08:00 DEBUG 56753 --- [tool-share-backend] [           main] o.s.jdbc.core.JdbcTemplate               : Executing prepared SQL statement [INSERT INTO operation_logs (operation, module, user_id, success, message)
VALUES (?, 'TOOL', ?, TRUE, ?)
]
2026-05-27T00:18:41.097+08:00 DEBUG 56753 --- [tool-share-backend] [           main] o.s.jdbc.core.JdbcTemplate               : Executing prepared SQL update
2026-05-27T00:18:41.097+08:00 DEBUG 56753 --- [tool-share-backend] [           main] o.s.jdbc.core.JdbcTemplate               : Executing prepared SQL statement [INSERT INTO operation_logs (operation, module, user_id, success, message)
VALUES (?, 'TOOL', ?, TRUE, ?)
]
2026-05-27T00:18:41.097+08:00 DEBUG 56753 --- [tool-share-backend] [           main] o.s.jdbc.core.JdbcTemplate               : Executing prepared SQL update
2026-05-27T00:18:41.097+08:00 DEBUG 56753 --- [tool-share-backend] [           main] o.s.jdbc.core.JdbcTemplate               : Executing prepared SQL statement [INSERT INTO operation_logs (operation, module, user_id, success, message)
VALUES (?, 'TOOL', ?, TRUE, ?)
]
2026-05-27T00:18:41.097+08:00 DEBUG 56753 --- [tool-share-backend] [           main] o.s.jdbc.core.JdbcTemplate               : Executing prepared SQL update
2026-05-27T00:18:41.097+08:00 DEBUG 56753 --- [tool-share-backend] [           main] o.s.jdbc.core.JdbcTemplate               : Executing prepared SQL statement [INSERT INTO operation_logs (operation, module, user_id, success, message)
VALUES (?, 'TOOL', ?, TRUE, ?)
]
2026-05-27T00:18:41.098+08:00 DEBUG 56753 --- [tool-share-backend] [           main] o.s.jdbc.core.JdbcTemplate               : Executing prepared SQL update
2026-05-27T00:18:41.098+08:00 DEBUG 56753 --- [tool-share-backend] [           main] o.s.jdbc.core.JdbcTemplate               : Executing prepared SQL statement [INSERT INTO operation_logs (operation, module, user_id, success, message)
VALUES (?, 'TOOL', ?, TRUE, ?)
]
2026-05-27T00:18:41.098+08:00 DEBUG 56753 --- [tool-share-backend] [           main] o.s.jdbc.core.JdbcTemplate               : Executing prepared SQL update
2026-05-27T00:18:41.098+08:00 DEBUG 56753 --- [tool-share-backend] [           main] o.s.jdbc.core.JdbcTemplate               : Executing prepared SQL statement [INSERT INTO operation_logs (operation, module, user_id, success, message)
VALUES (?, 'TOOL', ?, TRUE, ?)
]
2026-05-27T00:18:41.098+08:00 DEBUG 56753 --- [tool-share-backend] [           main] o.s.jdbc.core.JdbcTemplate               : Executing prepared SQL update
2026-05-27T00:18:41.098+08:00 DEBUG 56753 --- [tool-share-backend] [           main] o.s.jdbc.core.JdbcTemplate               : Executing prepared SQL statement [INSERT INTO operation_logs (operation, module, user_id, success, message)
VALUES (?, 'TOOL', ?, TRUE, ?)
]
2026-05-27T00:18:41.098+08:00 DEBUG 56753 --- [tool-share-backend] [           main] o.s.jdbc.core.JdbcTemplate               : Executing prepared SQL update
2026-05-27T00:18:41.098+08:00 DEBUG 56753 --- [tool-share-backend] [           main] o.s.jdbc.core.JdbcTemplate               : Executing prepared SQL statement [INSERT INTO operation_logs (operation, module, user_id, success, message)
VALUES (?, 'TOOL', ?, TRUE, ?)
]
2026-05-27T00:18:41.098+08:00 DEBUG 56753 --- [tool-share-backend] [           main] o.s.jdbc.core.JdbcTemplate               : Executing prepared SQL update
2026-05-27T00:18:41.098+08:00 DEBUG 56753 --- [tool-share-backend] [           main] o.s.jdbc.core.JdbcTemplate               : Executing prepared SQL statement [INSERT INTO operation_logs (operation, module, user_id, success, message)
VALUES (?, 'TOOL', ?, TRUE, ?)
]
2026-05-27T00:18:41.098+08:00 DEBUG 56753 --- [tool-share-backend] [           main] o.s.jdbc.core.JdbcTemplate               : Executing prepared SQL update
2026-05-27T00:18:41.098+08:00 DEBUG 56753 --- [tool-share-backend] [           main] o.s.jdbc.core.JdbcTemplate               : Executing prepared SQL statement [INSERT INTO operation_logs (operation, module, user_id, success, message)
VALUES (?, 'TOOL', ?, TRUE, ?)
]
2026-05-27T00:18:41.098+08:00 DEBUG 56753 --- [tool-share-backend] [           main] o.s.jdbc.core.JdbcTemplate               : Executing prepared SQL update
2026-05-27T00:18:41.098+08:00 DEBUG 56753 --- [tool-share-backend] [           main] o.s.jdbc.core.JdbcTemplate               : Executing prepared SQL statement [INSERT INTO operation_logs (operation, module, user_id, success, message)
VALUES (?, 'TOOL', ?, TRUE, ?)
]
2026-05-27T00:18:41.098+08:00 DEBUG 56753 --- [tool-share-backend] [           main] o.s.jdbc.core.JdbcTemplate               : Executing prepared SQL update
2026-05-27T00:18:41.098+08:00 DEBUG 56753 --- [tool-share-backend] [           main] o.s.jdbc.core.JdbcTemplate               : Executing prepared SQL statement [INSERT INTO operation_logs (operation, module, user_id, success, message)
VALUES (?, 'TOOL', ?, TRUE, ?)
]
2026-05-27T00:18:41.098+08:00 DEBUG 56753 --- [tool-share-backend] [           main] o.s.jdbc.core.JdbcTemplate               : Executing prepared SQL update
2026-05-27T00:18:41.098+08:00 DEBUG 56753 --- [tool-share-backend] [           main] o.s.jdbc.core.JdbcTemplate               : Executing prepared SQL statement [INSERT INTO operation_logs (operation, module, user_id, success, message)
VALUES (?, 'TOOL', ?, TRUE, ?)
]
2026-05-27T00:18:41.099+08:00 DEBUG 56753 --- [tool-share-backend] [           main] o.s.jdbc.core.JdbcTemplate               : Executing prepared SQL update
2026-05-27T00:18:41.099+08:00 DEBUG 56753 --- [tool-share-backend] [           main] o.s.jdbc.core.JdbcTemplate               : Executing prepared SQL statement [INSERT INTO operation_logs (operation, module, user_id, success, message)
VALUES (?, 'TOOL', ?, TRUE, ?)
]
2026-05-27T00:18:41.099+08:00 DEBUG 56753 --- [tool-share-backend] [           main] o.s.jdbc.core.JdbcTemplate               : Executing prepared SQL update
2026-05-27T00:18:41.099+08:00 DEBUG 56753 --- [tool-share-backend] [           main] o.s.jdbc.core.JdbcTemplate               : Executing prepared SQL statement [INSERT INTO operation_logs (operation, module, user_id, success, message)
VALUES (?, 'TOOL', ?, TRUE, ?)
]
2026-05-27T00:18:41.099+08:00 DEBUG 56753 --- [tool-share-backend] [           main] o.s.jdbc.core.JdbcTemplate               : Executing prepared SQL update
2026-05-27T00:18:41.099+08:00 DEBUG 56753 --- [tool-share-backend] [           main] o.s.jdbc.core.JdbcTemplate               : Executing prepared SQL statement [INSERT INTO operation_logs (operation, module, user_id, success, message)
VALUES (?, 'TOOL', ?, TRUE, ?)
]
2026-05-27T00:18:41.099+08:00 DEBUG 56753 --- [tool-share-backend] [           main] o.s.jdbc.core.JdbcTemplate               : Executing prepared SQL update
2026-05-27T00:18:41.099+08:00 DEBUG 56753 --- [tool-share-backend] [           main] o.s.jdbc.core.JdbcTemplate               : Executing prepared SQL statement [INSERT INTO operation_logs (operation, module, user_id, success, message)
VALUES (?, 'TOOL', ?, TRUE, ?)
]
2026-05-27T00:18:41.099+08:00 DEBUG 56753 --- [tool-share-backend] [           main] o.s.jdbc.core.JdbcTemplate               : Executing prepared SQL update
2026-05-27T00:18:41.099+08:00 DEBUG 56753 --- [tool-share-backend] [           main] o.s.jdbc.core.JdbcTemplate               : Executing prepared SQL statement [INSERT INTO operation_logs (operation, module, user_id, success, message)
VALUES (?, 'TOOL', ?, TRUE, ?)
]
2026-05-27T00:18:41.099+08:00 DEBUG 56753 --- [tool-share-backend] [           main] o.s.jdbc.core.JdbcTemplate               : Executing prepared SQL update
2026-05-27T00:18:41.099+08:00 DEBUG 56753 --- [tool-share-backend] [           main] o.s.jdbc.core.JdbcTemplate               : Executing prepared SQL statement [INSERT INTO operation_logs (operation, module, user_id, success, message)
VALUES (?, 'TOOL', ?, TRUE, ?)
]
2026-05-27T00:18:41.099+08:00 DEBUG 56753 --- [tool-share-backend] [           main] o.s.jdbc.core.JdbcTemplate               : Executing prepared SQL update
2026-05-27T00:18:41.099+08:00 DEBUG 56753 --- [tool-share-backend] [           main] o.s.jdbc.core.JdbcTemplate               : Executing prepared SQL statement [INSERT INTO operation_logs (operation, module, user_id, success, message)
VALUES (?, 'TOOL', ?, TRUE, ?)
]
2026-05-27T00:18:41.099+08:00 DEBUG 56753 --- [tool-share-backend] [           main] o.s.jdbc.core.JdbcTemplate               : Executing prepared SQL update
2026-05-27T00:18:41.099+08:00 DEBUG 56753 --- [tool-share-backend] [           main] o.s.jdbc.core.JdbcTemplate               : Executing prepared SQL statement [INSERT INTO operation_logs (operation, module, user_id, success, message)
VALUES (?, 'TOOL', ?, TRUE, ?)
]
2026-05-27T00:18:41.099+08:00 DEBUG 56753 --- [tool-share-backend] [           main] o.s.jdbc.core.JdbcTemplate               : Executing prepared SQL update
2026-05-27T00:18:41.099+08:00 DEBUG 56753 --- [tool-share-backend] [           main] o.s.jdbc.core.JdbcTemplate               : Executing prepared SQL statement [INSERT INTO operation_logs (operation, module, user_id, success, message)
VALUES (?, 'TOOL', ?, TRUE, ?)
]
2026-05-27T00:18:41.100+08:00 DEBUG 56753 --- [tool-share-backend] [           main] o.s.jdbc.core.JdbcTemplate               : Executing prepared SQL update
2026-05-27T00:18:41.100+08:00 DEBUG 56753 --- [tool-share-backend] [           main] o.s.jdbc.core.JdbcTemplate               : Executing prepared SQL statement [INSERT INTO operation_logs (operation, module, user_id, success, message)
VALUES (?, 'TOOL', ?, TRUE, ?)
]
2026-05-27T00:18:41.100+08:00 DEBUG 56753 --- [tool-share-backend] [           main] o.s.jdbc.core.JdbcTemplate               : Executing prepared SQL update
2026-05-27T00:18:41.100+08:00 DEBUG 56753 --- [tool-share-backend] [           main] o.s.jdbc.core.JdbcTemplate               : Executing prepared SQL statement [INSERT INTO operation_logs (operation, module, user_id, success, message)
VALUES (?, 'TOOL', ?, TRUE, ?)
]
2026-05-27T00:18:41.100+08:00 DEBUG 56753 --- [tool-share-backend] [           main] o.s.jdbc.core.JdbcTemplate               : Executing prepared SQL update
2026-05-27T00:18:41.100+08:00 DEBUG 56753 --- [tool-share-backend] [           main] o.s.jdbc.core.JdbcTemplate               : Executing prepared SQL statement [INSERT INTO operation_logs (operation, module, user_id, success, message)
VALUES (?, 'TOOL', ?, TRUE, ?)
]
2026-05-27T00:18:41.100+08:00 DEBUG 56753 --- [tool-share-backend] [           main] o.s.jdbc.core.JdbcTemplate               : Executing prepared SQL update
2026-05-27T00:18:41.100+08:00 DEBUG 56753 --- [tool-share-backend] [           main] o.s.jdbc.core.JdbcTemplate               : Executing prepared SQL statement [INSERT INTO operation_logs (operation, module, user_id, success, message)
VALUES (?, 'TOOL', ?, TRUE, ?)
]
2026-05-27T00:18:41.100+08:00 DEBUG 56753 --- [tool-share-backend] [           main] o.s.jdbc.core.JdbcTemplate               : Executing prepared SQL update
2026-05-27T00:18:41.100+08:00 DEBUG 56753 --- [tool-share-backend] [           main] o.s.jdbc.core.JdbcTemplate               : Executing prepared SQL statement [INSERT INTO operation_logs (operation, module, user_id, success, message)
VALUES (?, 'TOOL', ?, TRUE, ?)
]
2026-05-27T00:18:41.100+08:00 DEBUG 56753 --- [tool-share-backend] [           main] o.s.jdbc.core.JdbcTemplate               : Executing prepared SQL update
2026-05-27T00:18:41.100+08:00 DEBUG 56753 --- [tool-share-backend] [           main] o.s.jdbc.core.JdbcTemplate               : Executing prepared SQL statement [INSERT INTO operation_logs (operation, module, user_id, success, message)
VALUES (?, 'TOOL', ?, TRUE, ?)
]
2026-05-27T00:18:41.100+08:00 DEBUG 56753 --- [tool-share-backend] [           main] o.s.jdbc.core.JdbcTemplate               : Executing prepared SQL update
2026-05-27T00:18:41.100+08:00 DEBUG 56753 --- [tool-share-backend] [           main] o.s.jdbc.core.JdbcTemplate               : Executing prepared SQL statement [INSERT INTO operation_logs (operation, module, user_id, success, message)
VALUES (?, 'TOOL', ?, TRUE, ?)
]
2026-05-27T00:18:41.101+08:00 DEBUG 56753 --- [tool-share-backend] [           main] s.w.s.m.m.a.RequestMappingHandlerMapping : Mapped to com.toolshare.workflow.web.AdminWorkflowController#createWorkflow(WorkflowUpsertRequest)
2026-05-27T00:18:41.101+08:00 DEBUG 56753 --- [tool-share-backend] [           main] o.s.jdbc.core.JdbcTemplate               : Executing prepared SQL query
2026-05-27T00:18:41.101+08:00 DEBUG 56753 --- [tool-share-backend] [           main] o.s.jdbc.core.JdbcTemplate               : Executing prepared SQL statement [SELECT id, user_code, username, email, real_name, nickname, status, password_hash, login_fail_count, last_login_at, login_locked_until, deleted, created_at, updated_at
FROM users
WHERE id = ?
  AND deleted = FALSE
]
2026-05-27T00:18:41.101+08:00 DEBUG 56753 --- [tool-share-backend] [           main] o.s.jdbc.core.JdbcTemplate               : Executing prepared SQL query
2026-05-27T00:18:41.101+08:00 DEBUG 56753 --- [tool-share-backend] [           main] o.s.jdbc.core.JdbcTemplate               : Executing prepared SQL statement [SELECT ur.user_id, ur.role_id, r.code AS role_code, r.name AS role_name
FROM user_roles ur
JOIN roles r ON r.id = ur.role_id
WHERE ur.user_id IN (?)
  AND r.deleted = FALSE
ORDER BY ur.user_id, ur.role_id
]
2026-05-27T00:18:41.102+08:00 DEBUG 56753 --- [tool-share-backend] [           main] m.m.a.RequestResponseBodyMethodProcessor : Read "application/json;charset=UTF-8" to [WorkflowUpsertRequest[name=日志保留工作流, scenario=日志测试, description=用于触发日志裁剪, steps=创建后检查操作日志数量。, feature (truncated)...]
2026-05-27T00:18:41.102+08:00 DEBUG 56753 --- [tool-share-backend] [           main] .m.m.a.ExceptionHandlerExceptionResolver : Using @ExceptionHandler com.toolshare.config.GlobalExceptionHandler#handleBadRequest(BadRequestException, HttpServletRequest)
2026-05-27T00:18:41.102+08:00  WARN 56753 --- [tool-share-backend] [           main] c.t.config.GlobalExceptionHandler        : bad request: method=POST, path=/api/admin/workflows, user=admin#1, 至少关联一个工具
2026-05-27T00:18:41.102+08:00 DEBUG 56753 --- [tool-share-backend] [           main] o.s.w.s.m.m.a.HttpEntityMethodProcessor  : Using 'application/json', given [*/*] and supported [application/json, application/*+json]
2026-05-27T00:18:41.102+08:00 DEBUG 56753 --- [tool-share-backend] [           main] o.s.w.s.m.m.a.HttpEntityMethodProcessor  : Writing [ApiResponse[status=error, data=null, message=至少关联一个工具]]
2026-05-27T00:18:41.102+08:00 DEBUG 56753 --- [tool-share-backend] [           main] .m.m.a.ExceptionHandlerExceptionResolver : Resolved [com.toolshare.exception.BadRequestException: 至少关联一个工具]
2026-05-27T00:18:41.102+08:00 DEBUG 56753 --- [tool-share-backend] [           main] o.s.jdbc.core.JdbcTemplate               : Executing prepared SQL update
2026-05-27T00:18:41.103+08:00 DEBUG 56753 --- [tool-share-backend] [           main] o.s.jdbc.core.JdbcTemplate               : Executing prepared SQL statement [INSERT INTO operation_logs (operation, module, user_id, success, message)
VALUES (?, ?, ?, ?, ?)
]
2026-05-27T00:18:41.103+08:00 DEBUG 56753 --- [tool-share-backend] [           main] o.s.jdbc.core.JdbcTemplate               : Executing SQL update [DELETE FROM operation_logs
WHERE id IN (
    SELECT id
    FROM operation_logs
    ORDER BY created_at DESC, id DESC
    OFFSET 200
)
]

MockHttpServletRequest:
      HTTP Method = POST
      Request URI = /api/admin/workflows
       Parameters = {}
          Headers = [Content-Type:"application/json;charset=UTF-8", X-User-Id:"1", Content-Length:"196"]
             Body = {
  "name":"日志保留工作流",
  "scenario":"日志测试",
  "description":"用于触发日志裁剪",
  "steps":"创建后检查操作日志数量。",
  "featured":false,
  "toolIds":[]
}

    Session Attrs = {}

Handler:
             Type = com.toolshare.workflow.web.AdminWorkflowController
           Method = com.toolshare.workflow.web.AdminWorkflowController#createWorkflow(WorkflowUpsertRequest)

Async:
    Async started = false
     Async result = null

Resolved Exception:
             Type = com.toolshare.exception.BadRequestException

ModelAndView:
        View name = null
             View = null
            Model = null

FlashMap:
       Attributes = null

MockHttpServletResponse:
           Status = 400
    Error message = null
          Headers = [Vary:"Origin", "Access-Control-Request-Method", "Access-Control-Request-Headers", Content-Type:"application/json"]
     Content type = application/json
             Body = {"status":"error","data":null,"message":"至少关联一个工具"}
    Forwarded URL = null
   Redirected URL = null
          Cookies = []
]]></system-out>
  </testcase>
</testsuite>