<?xml version="1.0" encoding="UTF-8"?>
<testsuite xmlns:xsi="http://www.w3.org/2001/XMLSchema-instance" xsi:noNamespaceSchemaLocation="https://maven.apache.org/surefire/maven-surefire-plugin/xsd/surefire-test-report-3.0.xsd" version="3.0" name="com.toolshare.engagement.web.ToolEngagementControllerTests" time="0.691" tests="3" errors="0" skipped="0" failures="0">
  <properties>
[...]
</properties>
  <testcase name="onlyAuthorOrAdminShouldDeleteComment" classname="com.toolshare.engagement.web.ToolEngagementControllerTests" time="0.406">
    <system-out><![CDATA[2026-05-27T00:18:39.017+08:00 DEBUG 56753 --- [tool-share-backend] [           main] .b.t.c.SpringBootTestContextBootstrapper : Neither @ContextConfiguration nor @ContextHierarchy found for test class [ToolEngagementControllerTests]: using SpringBootContextLoader
2026-05-27T00:18:39.017+08:00  INFO 56753 --- [tool-share-backend] [           main] t.c.s.AnnotationConfigContextLoaderUtils : Could not detect default configuration classes for test class [com.toolshare.engagement.web.ToolEngagementControllerTests]: ToolEngagementControllerTests does not declare any static, non-private, non-final, nested classes annotated with @Configuration.
2026-05-27T00:18:39.018+08:00 DEBUG 56753 --- [tool-share-backend] [           main] .b.t.c.SpringBootTestContextBootstrapper : Using ContextCustomizerFactory implementations for test class [ToolEngagementControllerTests]: [ImportsContextCustomizerFactory, ExcludeFilterContextCustomizerFactory, HttpGraphQlTesterContextCustomizerFactory, DuplicateJsonObjectContextCustomizerFactory, MockitoContextCustomizerFactory, TestRestTemplateContextCustomizerFactory, WebTestClientContextCustomizerFactory, DisableReactorResourceFactoryGlobalResourcesContextCustomizerFactory, OverrideAutoConfigurationContextCustomizerFactory, ObservabilityContextCustomizerFactory, TypeExcludeFiltersContextCustomizerFactory, PropertyMappingContextCustomizerFactory, WebDriverContextCustomizerFactory, MockServerContainerContextCustomizerFactory, DynamicPropertiesContextCustomizerFactory]
2026-05-27T00:18:39.020+08:00 DEBUG 56753 --- [tool-share-backend] [           main] .b.t.c.SpringBootTestContextBootstrapper : Using ContextCustomizers for test class [ToolEngagementControllerTests]: [ImportsContextCustomizer, ExcludeFilterContextCustomizer, DuplicateJsonObjectContextCustomizer, MockitoContextCustomizer, TestRestTemplateContextCustomizer, DisableReactorResourceFactoryGlobalResourcesContextCustomizerCustomizer, DisableObservabilityContextCustomizer, PropertyMappingContextCustomizer, WebDriverContextCustomizer]
2026-05-27T00:18:39.037+08:00  INFO 56753 --- [tool-share-backend] [           main] .b.t.c.SpringBootTestContextBootstrapper : Found @SpringBootConfiguration com.toolshare.ToolShareApplication for test class com.toolshare.engagement.web.ToolEngagementControllerTests
2026-05-27T00:18:39.039+08:00 DEBUG 56753 --- [tool-share-backend] [           main] .b.t.c.SpringBootTestContextBootstrapper : Using TestExecutionListeners for test class [ToolEngagementControllerTests]: [ServletTestExecutionListener, DirtiesContextBeforeModesTestExecutionListener, ApplicationEventsTestExecutionListener, MockitoTestExecutionListener, DependencyInjectionTestExecutionListener, DirtiesContextTestExecutionListener, TransactionalTestExecutionListener, SqlScriptsTestExecutionListener, EventPublishingTestExecutionListener, ResetMocksTestExecutionListener, RestDocsTestExecutionListener, MockRestServiceServerResetTestExecutionListener, MockMvcPrintOnlyOnFailureTestExecutionListener, WebDriverTestExecutionListener, MockWebServiceServerTestExecutionListener]
2026-05-27T00:18:39.044+08:00 DEBUG 56753 --- [tool-share-backend] [           main] o.s.jdbc.core.JdbcTemplate               : Executing SQL query [SELECT id FROM users WHERE username = 'admin']
2026-05-27T00:18:39.045+08:00 DEBUG 56753 --- [tool-share-backend] [           main] o.s.jdbc.core.JdbcTemplate               : Executing prepared SQL query
2026-05-27T00:18:39.045+08:00 DEBUG 56753 --- [tool-share-backend] [           main] o.s.jdbc.core.JdbcTemplate               : Executing prepared SQL statement [SELECT id FROM roles WHERE code = ?]
2026-05-27T00:18:39.263+08:00 DEBUG 56753 --- [tool-share-backend] [           main] o.s.jdbc.core.JdbcTemplate               : Executing prepared SQL update
2026-05-27T00:18:39.263+08:00 DEBUG 56753 --- [tool-share-backend] [           main] o.s.jdbc.core.JdbcTemplate               : Executing prepared SQL statement [INSERT INTO users (username, email, password_hash, real_name, nickname, status, user_code, created_by, updated_by)
VALUES (?, ?, ?, ?, ?, ?, ?, ?, ?)
]
2026-05-27T00:18:39.264+08:00 DEBUG 56753 --- [tool-share-backend] [           main] o.s.jdbc.core.JdbcTemplate               : Executing prepared SQL query
2026-05-27T00:18:39.264+08:00 DEBUG 56753 --- [tool-share-backend] [           main] o.s.jdbc.core.JdbcTemplate               : Executing prepared SQL statement [SELECT id FROM users WHERE username = ?]
2026-05-27T00:18:39.264+08:00 DEBUG 56753 --- [tool-share-backend] [           main] o.s.jdbc.core.JdbcTemplate               : Executing prepared SQL update
2026-05-27T00:18:39.264+08:00 DEBUG 56753 --- [tool-share-backend] [           main] o.s.jdbc.core.JdbcTemplate               : Executing prepared SQL statement [INSERT INTO user_roles (user_id, role_id) VALUES (?, ?)]
2026-05-27T00:18:39.265+08:00 DEBUG 56753 --- [tool-share-backend] [           main] o.s.jdbc.core.JdbcTemplate               : Executing prepared SQL query
2026-05-27T00:18:39.265+08:00 DEBUG 56753 --- [tool-share-backend] [           main] o.s.jdbc.core.JdbcTemplate               : Executing prepared SQL statement [SELECT id FROM roles WHERE code = ?]
2026-05-27T00:18:39.375+08:00 DEBUG 56753 --- [tool-share-backend] [           main] o.s.jdbc.core.JdbcTemplate               : Executing prepared SQL update
2026-05-27T00:18:39.375+08:00 DEBUG 56753 --- [tool-share-backend] [           main] o.s.jdbc.core.JdbcTemplate               : Executing prepared SQL statement [INSERT INTO users (username, email, password_hash, real_name, nickname, status, user_code, created_by, updated_by)
VALUES (?, ?, ?, ?, ?, ?, ?, ?, ?)
]
2026-05-27T00:18:39.375+08:00 DEBUG 56753 --- [tool-share-backend] [           main] o.s.jdbc.core.JdbcTemplate               : Executing prepared SQL query
2026-05-27T00:18:39.376+08:00 DEBUG 56753 --- [tool-share-backend] [           main] o.s.jdbc.core.JdbcTemplate               : Executing prepared SQL statement [SELECT id FROM users WHERE username = ?]
2026-05-27T00:18:39.376+08:00 DEBUG 56753 --- [tool-share-backend] [           main] o.s.jdbc.core.JdbcTemplate               : Executing prepared SQL update
2026-05-27T00:18:39.376+08:00 DEBUG 56753 --- [tool-share-backend] [           main] o.s.jdbc.core.JdbcTemplate               : Executing prepared SQL statement [INSERT INTO user_roles (user_id, role_id) VALUES (?, ?)]
2026-05-27T00:18:39.376+08:00 DEBUG 56753 --- [tool-share-backend] [           main] o.s.jdbc.core.JdbcTemplate               : Executing prepared SQL update
2026-05-27T00:18:39.376+08:00 DEBUG 56753 --- [tool-share-backend] [           main] o.s.jdbc.core.JdbcTemplate               : Executing prepared SQL statement [INSERT INTO tools (name, summary, description, url, usage_guide, recommender_id, status, star_count, favorite_count, comment_count, created_by, updated_by)
VALUES (?, ?, ?, ?, ?, ?, 'APPROVED', 0, 0, 0, ?, ?)
]
2026-05-27T00:18:39.376+08:00 DEBUG 56753 --- [tool-share-backend] [           main] o.s.jdbc.core.JdbcTemplate               : Executing prepared SQL query
2026-05-27T00:18:39.376+08:00 DEBUG 56753 --- [tool-share-backend] [           main] o.s.jdbc.core.JdbcTemplate               : Executing prepared SQL statement [SELECT id FROM tools WHERE name = ?]
2026-05-27T00:18:39.387+08:00 DEBUG 56753 --- [tool-share-backend] [           main] s.w.s.m.m.a.RequestMappingHandlerMapping : Mapped to com.toolshare.engagement.web.ToolEngagementController#createComment(Long, CommentCreateRequest)
2026-05-27T00:18:39.387+08:00 DEBUG 56753 --- [tool-share-backend] [           main] o.s.jdbc.core.JdbcTemplate               : Executing prepared SQL query
2026-05-27T00:18:39.388+08:00 DEBUG 56753 --- [tool-share-backend] [           main] o.s.jdbc.core.JdbcTemplate               : Executing prepared SQL statement [SELECT id, user_code, username, email, real_name, nickname, status, password_hash, login_fail_count, last_login_at, login_locked_until, deleted, created_at, updated_at
FROM users
WHERE id = ?
  AND deleted = FALSE
]
2026-05-27T00:18:39.389+08:00 DEBUG 56753 --- [tool-share-backend] [           main] o.s.jdbc.core.JdbcTemplate               : Executing prepared SQL query
2026-05-27T00:18:39.389+08:00 DEBUG 56753 --- [tool-share-backend] [           main] o.s.jdbc.core.JdbcTemplate               : Executing prepared SQL statement [SELECT ur.user_id, ur.role_id, r.code AS role_code, r.name AS role_name
FROM user_roles ur
JOIN roles r ON r.id = ur.role_id
WHERE ur.user_id IN (?)
  AND r.deleted = FALSE
ORDER BY ur.user_id, ur.role_id
]
2026-05-27T00:18:39.393+08:00 DEBUG 56753 --- [tool-share-backend] [           main] m.m.a.RequestResponseBodyMethodProcessor : Read "application/json;charset=UTF-8" to [CommentCreateRequest[content=评论待删除]]
2026-05-27T00:18:39.399+08:00 DEBUG 56753 --- [tool-share-backend] [           main] o.s.jdbc.core.JdbcTemplate               : Executing prepared SQL query
2026-05-27T00:18:39.399+08:00 DEBUG 56753 --- [tool-share-backend] [           main] o.s.jdbc.core.JdbcTemplate               : Executing prepared SQL statement [SELECT t.id,
       t.name,
       t.summary,
       t.description,
       t.url,
       t.usage_guide,
       t.recommender_id,
       u.real_name AS recommender_name,
       t.status,
       t.star_count,
       t.favorite_count,
       t.comment_count,
       t.deleted,
       t.created_at,
       t.updated_at
FROM tools t
JOIN users u ON u.id = t.recommender_id
WHERE t.id = ?
  AND t.deleted = FALSE
]
2026-05-27T00:18:39.406+08:00 DEBUG 56753 --- [tool-share-backend] [           main] o.s.jdbc.core.JdbcTemplate               : Executing SQL update and returning generated keys
2026-05-27T00:18:39.406+08:00 DEBUG 56753 --- [tool-share-backend] [           main] o.s.jdbc.core.JdbcTemplate               : Executing prepared SQL statement
2026-05-27T00:18:39.408+08:00 DEBUG 56753 --- [tool-share-backend] [           main] o.s.jdbc.core.JdbcTemplate               : Executing prepared SQL update
2026-05-27T00:18:39.408+08:00 DEBUG 56753 --- [tool-share-backend] [           main] o.s.jdbc.core.JdbcTemplate               : Executing prepared SQL statement [UPDATE tools
SET comment_count = comment_count + 1, updated_at = NOW()
WHERE id = ?
  AND deleted = FALSE
]
2026-05-27T00:18:39.410+08:00 DEBUG 56753 --- [tool-share-backend] [           main] o.s.jdbc.core.JdbcTemplate               : Executing prepared SQL query
2026-05-27T00:18:39.410+08:00 DEBUG 56753 --- [tool-share-backend] [           main] o.s.jdbc.core.JdbcTemplate               : Executing prepared SQL statement [SELECT tc.id,
       tc.tool_id,
       tc.user_id,
       u.real_name AS author_name,
       tc.content,
       tc.status,
       tc.deleted,
       tc.created_at,
       tc.updated_at
FROM tool_comments tc
JOIN users u ON u.id = tc.user_id
WHERE tc.id = ?
  AND tc.deleted = FALSE
]
2026-05-27T00:18:39.412+08:00 DEBUG 56753 --- [tool-share-backend] [           main] m.m.a.RequestResponseBodyMethodProcessor : Using 'application/json', given [*/*] and supported [application/json, application/*+json]
2026-05-27T00:18:39.429+08:00 DEBUG 56753 --- [tool-share-backend] [           main] m.m.a.RequestResponseBodyMethodProcessor : Writing [ApiResponse[status=ok, data=ToolCommentResponse[id=1, toolId=3, userId=9, authorName=Comment Author, (truncated)...]
2026-05-27T00:18:39.432+08:00 DEBUG 56753 --- [tool-share-backend] [           main] s.w.s.m.m.a.RequestMappingHandlerMapping : Mapped to com.toolshare.engagement.web.ToolEngagementController#deleteComment(Long, Long)
2026-05-27T00:18:39.433+08:00 DEBUG 56753 --- [tool-share-backend] [           main] o.s.jdbc.core.JdbcTemplate               : Executing prepared SQL query
2026-05-27T00:18:39.433+08:00 DEBUG 56753 --- [tool-share-backend] [           main] o.s.jdbc.core.JdbcTemplate               : Executing prepared SQL statement [SELECT id, user_code, username, email, real_name, nickname, status, password_hash, login_fail_count, last_login_at, login_locked_until, deleted, created_at, updated_at
FROM users
WHERE id = ?
  AND deleted = FALSE
]
2026-05-27T00:18:39.434+08:00 DEBUG 56753 --- [tool-share-backend] [           main] o.s.jdbc.core.JdbcTemplate               : Executing prepared SQL query
2026-05-27T00:18:39.434+08:00 DEBUG 56753 --- [tool-share-backend] [           main] o.s.jdbc.core.JdbcTemplate               : Executing prepared SQL statement [SELECT ur.user_id, ur.role_id, r.code AS role_code, r.name AS role_name
FROM user_roles ur
JOIN roles r ON r.id = ur.role_id
WHERE ur.user_id IN (?)
  AND r.deleted = FALSE
ORDER BY ur.user_id, ur.role_id
]
2026-05-27T00:18:39.435+08:00 DEBUG 56753 --- [tool-share-backend] [           main] o.s.jdbc.core.JdbcTemplate               : Executing prepared SQL query
2026-05-27T00:18:39.436+08:00 DEBUG 56753 --- [tool-share-backend] [           main] o.s.jdbc.core.JdbcTemplate               : Executing prepared SQL statement [SELECT t.id,
       t.name,
       t.summary,
       t.description,
       t.url,
       t.usage_guide,
       t.recommender_id,
       u.real_name AS recommender_name,
       t.status,
       t.star_count,
       t.favorite_count,
       t.comment_count,
       t.deleted,
       t.created_at,
       t.updated_at
FROM tools t
JOIN users u ON u.id = t.recommender_id
WHERE t.id = ?
  AND t.deleted = FALSE
]
2026-05-27T00:18:39.436+08:00 DEBUG 56753 --- [tool-share-backend] [           main] o.s.jdbc.core.JdbcTemplate               : Executing prepared SQL query
2026-05-27T00:18:39.436+08:00 DEBUG 56753 --- [tool-share-backend] [           main] o.s.jdbc.core.JdbcTemplate               : Executing prepared SQL statement [SELECT tc.id,
       tc.tool_id,
       tc.user_id,
       u.real_name AS author_name,
       tc.content,
       tc.status,
       tc.deleted,
       tc.created_at,
       tc.updated_at
FROM tool_comments tc
JOIN users u ON u.id = tc.user_id
WHERE tc.id = ?
  AND tc.deleted = FALSE
]
2026-05-27T00:18:39.437+08:00 DEBUG 56753 --- [tool-share-backend] [           main] .m.m.a.ExceptionHandlerExceptionResolver : Using @ExceptionHandler com.toolshare.config.GlobalExceptionHandler#handleForbidden(ForbiddenException, HttpServletRequest)
2026-05-27T00:18:39.437+08:00  WARN 56753 --- [tool-share-backend] [           main] c.t.config.GlobalExceptionHandler        : forbidden request: method=DELETE, path=/api/tools/3/comments/1, user=comment-other#10, 当前账号无权删除该评论
2026-05-27T00:18:39.437+08:00 DEBUG 56753 --- [tool-share-backend] [           main] o.s.w.s.m.m.a.HttpEntityMethodProcessor  : Using 'application/json', given [*/*] and supported [application/json, application/*+json]
2026-05-27T00:18:39.437+08:00 DEBUG 56753 --- [tool-share-backend] [           main] o.s.w.s.m.m.a.HttpEntityMethodProcessor  : Writing [ApiResponse[status=error, data=null, message=当前账号无权删除该评论]]
2026-05-27T00:18:39.438+08:00 DEBUG 56753 --- [tool-share-backend] [           main] .m.m.a.ExceptionHandlerExceptionResolver : Resolved [com.toolshare.exception.ForbiddenException: 当前账号无权删除该评论]
2026-05-27T00:18:39.438+08:00 DEBUG 56753 --- [tool-share-backend] [           main] s.w.s.m.m.a.RequestMappingHandlerMapping : Mapped to com.toolshare.engagement.web.ToolEngagementController#deleteComment(Long, Long)
2026-05-27T00:18:39.439+08:00 DEBUG 56753 --- [tool-share-backend] [           main] o.s.jdbc.core.JdbcTemplate               : Executing prepared SQL query
2026-05-27T00:18:39.439+08:00 DEBUG 56753 --- [tool-share-backend] [           main] o.s.jdbc.core.JdbcTemplate               : Executing prepared SQL statement [SELECT id, user_code, username, email, real_name, nickname, status, password_hash, login_fail_count, last_login_at, login_locked_until, deleted, created_at, updated_at
FROM users
WHERE id = ?
  AND deleted = FALSE
]
2026-05-27T00:18:39.439+08:00 DEBUG 56753 --- [tool-share-backend] [           main] o.s.jdbc.core.JdbcTemplate               : Executing prepared SQL query
2026-05-27T00:18:39.440+08:00 DEBUG 56753 --- [tool-share-backend] [           main] o.s.jdbc.core.JdbcTemplate               : Executing prepared SQL statement [SELECT ur.user_id, ur.role_id, r.code AS role_code, r.name AS role_name
FROM user_roles ur
JOIN roles r ON r.id = ur.role_id
WHERE ur.user_id IN (?)
  AND r.deleted = FALSE
ORDER BY ur.user_id, ur.role_id
]
2026-05-27T00:18:39.440+08:00 DEBUG 56753 --- [tool-share-backend] [           main] o.s.jdbc.core.JdbcTemplate               : Executing prepared SQL query
2026-05-27T00:18:39.440+08:00 DEBUG 56753 --- [tool-share-backend] [           main] o.s.jdbc.core.JdbcTemplate               : Executing prepared SQL statement [SELECT t.id,
       t.name,
       t.summary,
       t.description,
       t.url,
       t.usage_guide,
       t.recommender_id,
       u.real_name AS recommender_name,
       t.status,
       t.star_count,
       t.favorite_count,
       t.comment_count,
       t.deleted,
       t.created_at,
       t.updated_at
FROM tools t
JOIN users u ON u.id = t.recommender_id
WHERE t.id = ?
  AND t.deleted = FALSE
]
2026-05-27T00:18:39.441+08:00 DEBUG 56753 --- [tool-share-backend] [           main] o.s.jdbc.core.JdbcTemplate               : Executing prepared SQL query
2026-05-27T00:18:39.441+08:00 DEBUG 56753 --- [tool-share-backend] [           main] o.s.jdbc.core.JdbcTemplate               : Executing prepared SQL statement [SELECT tc.id,
       tc.tool_id,
       tc.user_id,
       u.real_name AS author_name,
       tc.content,
       tc.status,
       tc.deleted,
       tc.created_at,
       tc.updated_at
FROM tool_comments tc
JOIN users u ON u.id = tc.user_id
WHERE tc.id = ?
  AND tc.deleted = FALSE
]
2026-05-27T00:18:39.441+08:00 DEBUG 56753 --- [tool-share-backend] [           main] o.s.jdbc.core.JdbcTemplate               : Executing prepared SQL update
2026-05-27T00:18:39.441+08:00 DEBUG 56753 --- [tool-share-backend] [           main] o.s.jdbc.core.JdbcTemplate               : Executing prepared SQL statement [UPDATE tool_comments
SET deleted = TRUE, status = 'DELETED', updated_by = ?, updated_at = NOW()
WHERE id = ?
  AND deleted = FALSE
]
2026-05-27T00:18:39.442+08:00 DEBUG 56753 --- [tool-share-backend] [           main] o.s.jdbc.core.JdbcTemplate               : Executing prepared SQL update
2026-05-27T00:18:39.442+08:00 DEBUG 56753 --- [tool-share-backend] [           main] o.s.jdbc.core.JdbcTemplate               : Executing prepared SQL statement [UPDATE tools
SET comment_count = CASE WHEN comment_count > 0 THEN comment_count - 1 ELSE 0 END, updated_at = NOW()
WHERE id = ?
  AND deleted = FALSE
]
2026-05-27T00:18:39.443+08:00 DEBUG 56753 --- [tool-share-backend] [           main] o.s.jdbc.core.JdbcTemplate               : Executing prepared SQL update
2026-05-27T00:18:39.443+08:00 DEBUG 56753 --- [tool-share-backend] [           main] o.s.jdbc.core.JdbcTemplate               : Executing prepared SQL statement [INSERT INTO audit_logs (action, object_type, object_id, operator_id, operator_name, detail)
VALUES (?, ?, ?, ?, ?, ?)
]
2026-05-27T00:18:39.443+08:00 DEBUG 56753 --- [tool-share-backend] [           main] m.m.a.RequestResponseBodyMethodProcessor : Using 'application/json', given [*/*] and supported [application/json, application/*+json]
2026-05-27T00:18:39.443+08:00 DEBUG 56753 --- [tool-share-backend] [           main] m.m.a.RequestResponseBodyMethodProcessor : Writing [ApiResponse[status=ok, data=null, message=success]]
2026-05-27T00:18:39.444+08:00 DEBUG 56753 --- [tool-share-backend] [           main] o.s.jdbc.core.JdbcTemplate               : Executing prepared SQL query
2026-05-27T00:18:39.444+08:00 DEBUG 56753 --- [tool-share-backend] [           main] o.s.jdbc.core.JdbcTemplate               : Executing prepared SQL statement [SELECT comment_count FROM tools WHERE id = ?]
2026-05-27T00:18:39.444+08:00 DEBUG 56753 --- [tool-share-backend] [           main] o.s.jdbc.core.JdbcTemplate               : Executing prepared SQL query
2026-05-27T00:18:39.444+08:00 DEBUG 56753 --- [tool-share-backend] [           main] o.s.jdbc.core.JdbcTemplate               : Executing prepared SQL statement [SELECT CASE WHEN deleted THEN 1 ELSE 0 END FROM tool_comments WHERE id = ?]
2026-05-27T00:18:39.444+08:00 DEBUG 56753 --- [tool-share-backend] [           main] o.s.jdbc.core.JdbcTemplate               : Executing prepared SQL query
2026-05-27T00:18:39.444+08:00 DEBUG 56753 --- [tool-share-backend] [           main] o.s.jdbc.core.JdbcTemplate               : Executing prepared SQL statement [SELECT COUNT(*)
FROM audit_logs
WHERE object_type = 'COMMENT'
  AND object_id = ?
]
]]></system-out>
  </testcase>
  <testcase name="userShouldStarFavoriteAndCommentTool" classname="com.toolshare.engagement.web.ToolEngagementControllerTests" time="0.141">
    <system-out><![CDATA[2026-05-27T00:18:39.452+08:00 DEBUG 56753 --- [tool-share-backend] [           main] o.s.jdbc.core.JdbcTemplate               : Executing SQL query [SELECT id FROM users WHERE username = 'admin']
2026-05-27T00:18:39.453+08:00 DEBUG 56753 --- [tool-share-backend] [           main] o.s.jdbc.core.JdbcTemplate               : Executing prepared SQL query
2026-05-27T00:18:39.453+08:00 DEBUG 56753 --- [tool-share-backend] [           main] o.s.jdbc.core.JdbcTemplate               : Executing prepared SQL statement [SELECT id FROM roles WHERE code = ?]
2026-05-27T00:18:39.534+08:00 DEBUG 56753 --- [tool-share-backend] [           main] o.s.jdbc.core.JdbcTemplate               : Executing prepared SQL update
2026-05-27T00:18:39.534+08:00 DEBUG 56753 --- [tool-share-backend] [           main] o.s.jdbc.core.JdbcTemplate               : Executing prepared SQL statement [INSERT INTO users (username, email, password_hash, real_name, nickname, status, user_code, created_by, updated_by)
VALUES (?, ?, ?, ?, ?, ?, ?, ?, ?)
]
2026-05-27T00:18:39.535+08:00 DEBUG 56753 --- [tool-share-backend] [           main] o.s.jdbc.core.JdbcTemplate               : Executing prepared SQL query
2026-05-27T00:18:39.535+08:00 DEBUG 56753 --- [tool-share-backend] [           main] o.s.jdbc.core.JdbcTemplate               : Executing prepared SQL statement [SELECT id FROM users WHERE username = ?]
2026-05-27T00:18:39.535+08:00 DEBUG 56753 --- [tool-share-backend] [           main] o.s.jdbc.core.JdbcTemplate               : Executing prepared SQL update
2026-05-27T00:18:39.535+08:00 DEBUG 56753 --- [tool-share-backend] [           main] o.s.jdbc.core.JdbcTemplate               : Executing prepared SQL statement [INSERT INTO user_roles (user_id, role_id) VALUES (?, ?)]
2026-05-27T00:18:39.535+08:00 DEBUG 56753 --- [tool-share-backend] [           main] o.s.jdbc.core.JdbcTemplate               : Executing prepared SQL update
2026-05-27T00:18:39.535+08:00 DEBUG 56753 --- [tool-share-backend] [           main] o.s.jdbc.core.JdbcTemplate               : Executing prepared SQL statement [INSERT INTO tools (name, summary, description, url, usage_guide, recommender_id, status, star_count, favorite_count, comment_count, created_by, updated_by)
VALUES (?, ?, ?, ?, ?, ?, 'APPROVED', 0, 0, 0, ?, ?)
]
2026-05-27T00:18:39.535+08:00 DEBUG 56753 --- [tool-share-backend] [           main] o.s.jdbc.core.JdbcTemplate               : Executing prepared SQL query
2026-05-27T00:18:39.535+08:00 DEBUG 56753 --- [tool-share-backend] [           main] o.s.jdbc.core.JdbcTemplate               : Executing prepared SQL statement [SELECT id FROM tools WHERE name = ?]
2026-05-27T00:18:39.536+08:00 DEBUG 56753 --- [tool-share-backend] [           main] s.w.s.m.m.a.RequestMappingHandlerMapping : Mapped to com.toolshare.engagement.web.ToolEngagementController#starTool(Long)
2026-05-27T00:18:39.536+08:00 DEBUG 56753 --- [tool-share-backend] [           main] o.s.jdbc.core.JdbcTemplate               : Executing prepared SQL query
2026-05-27T00:18:39.536+08:00 DEBUG 56753 --- [tool-share-backend] [           main] o.s.jdbc.core.JdbcTemplate               : Executing prepared SQL statement [SELECT id, user_code, username, email, real_name, nickname, status, password_hash, login_fail_count, last_login_at, login_locked_until, deleted, created_at, updated_at
FROM users
WHERE id = ?
  AND deleted = FALSE
]
2026-05-27T00:18:39.536+08:00 DEBUG 56753 --- [tool-share-backend] [           main] o.s.jdbc.core.JdbcTemplate               : Executing prepared SQL query
2026-05-27T00:18:39.536+08:00 DEBUG 56753 --- [tool-share-backend] [           main] o.s.jdbc.core.JdbcTemplate               : Executing prepared SQL statement [SELECT ur.user_id, ur.role_id, r.code AS role_code, r.name AS role_name
FROM user_roles ur
JOIN roles r ON r.id = ur.role_id
WHERE ur.user_id IN (?)
  AND r.deleted = FALSE
ORDER BY ur.user_id, ur.role_id
]
2026-05-27T00:18:39.537+08:00 DEBUG 56753 --- [tool-share-backend] [           main] o.s.jdbc.core.JdbcTemplate               : Executing prepared SQL query
2026-05-27T00:18:39.537+08:00 DEBUG 56753 --- [tool-share-backend] [           main] o.s.jdbc.core.JdbcTemplate               : Executing prepared SQL statement [SELECT t.id,
       t.name,
       t.summary,
       t.description,
       t.url,
       t.usage_guide,
       t.recommender_id,
       u.real_name AS recommender_name,
       t.status,
       t.star_count,
       t.favorite_count,
       t.comment_count,
       t.deleted,
       t.created_at,
       t.updated_at
FROM tools t
JOIN users u ON u.id = t.recommender_id
WHERE t.id = ?
  AND t.deleted = FALSE
]
2026-05-27T00:18:39.538+08:00 DEBUG 56753 --- [tool-share-backend] [           main] o.s.jdbc.core.JdbcTemplate               : Executing prepared SQL query
2026-05-27T00:18:39.538+08:00 DEBUG 56753 --- [tool-share-backend] [           main] o.s.jdbc.core.JdbcTemplate               : Executing prepared SQL statement [SELECT COUNT(*)
FROM tool_stars
WHERE tool_id = ?
  AND user_id = ?
]
2026-05-27T00:18:39.539+08:00 DEBUG 56753 --- [tool-share-backend] [           main] o.s.jdbc.core.JdbcTemplate               : Executing prepared SQL update
2026-05-27T00:18:39.539+08:00 DEBUG 56753 --- [tool-share-backend] [           main] o.s.jdbc.core.JdbcTemplate               : Executing prepared SQL statement [INSERT INTO tool_stars (tool_id, user_id)
VALUES (?, ?)
]
2026-05-27T00:18:39.539+08:00 DEBUG 56753 --- [tool-share-backend] [           main] o.s.jdbc.core.JdbcTemplate               : Executing prepared SQL update
2026-05-27T00:18:39.539+08:00 DEBUG 56753 --- [tool-share-backend] [           main] o.s.jdbc.core.JdbcTemplate               : Executing prepared SQL statement [UPDATE tools
SET star_count = star_count + 1, updated_at = NOW()
WHERE id = ?
  AND deleted = FALSE
]
2026-05-27T00:18:39.540+08:00 DEBUG 56753 --- [tool-share-backend] [           main] m.m.a.RequestResponseBodyMethodProcessor : Using 'application/json', given [*/*] and supported [application/json, application/*+json]
2026-05-27T00:18:39.540+08:00 DEBUG 56753 --- [tool-share-backend] [           main] m.m.a.RequestResponseBodyMethodProcessor : Writing [ApiResponse[status=ok, data=null, message=success]]
2026-05-27T00:18:39.541+08:00 DEBUG 56753 --- [tool-share-backend] [           main] s.w.s.m.m.a.RequestMappingHandlerMapping : Mapped to com.toolshare.engagement.web.ToolEngagementController#favoriteTool(Long)
2026-05-27T00:18:39.541+08:00 DEBUG 56753 --- [tool-share-backend] [           main] o.s.jdbc.core.JdbcTemplate               : Executing prepared SQL query
2026-05-27T00:18:39.541+08:00 DEBUG 56753 --- [tool-share-backend] [           main] o.s.jdbc.core.JdbcTemplate               : Executing prepared SQL statement [SELECT id, user_code, username, email, real_name, nickname, status, password_hash, login_fail_count, last_login_at, login_locked_until, deleted, created_at, updated_at
FROM users
WHERE id = ?
  AND deleted = FALSE
]
2026-05-27T00:18:39.541+08:00 DEBUG 56753 --- [tool-share-backend] [           main] o.s.jdbc.core.JdbcTemplate               : Executing prepared SQL query
2026-05-27T00:18:39.541+08:00 DEBUG 56753 --- [tool-share-backend] [           main] o.s.jdbc.core.JdbcTemplate               : Executing prepared SQL statement [SELECT ur.user_id, ur.role_id, r.code AS role_code, r.name AS role_name
FROM user_roles ur
JOIN roles r ON r.id = ur.role_id
WHERE ur.user_id IN (?)
  AND r.deleted = FALSE
ORDER BY ur.user_id, ur.role_id
]
2026-05-27T00:18:39.542+08:00 DEBUG 56753 --- [tool-share-backend] [           main] o.s.jdbc.core.JdbcTemplate               : Executing prepared SQL query
2026-05-27T00:18:39.542+08:00 DEBUG 56753 --- [tool-share-backend] [           main] o.s.jdbc.core.JdbcTemplate               : Executing prepared SQL statement [SELECT t.id,
       t.name,
       t.summary,
       t.description,
       t.url,
       t.usage_guide,
       t.recommender_id,
       u.real_name AS recommender_name,
       t.status,
       t.star_count,
       t.favorite_count,
       t.comment_count,
       t.deleted,
       t.created_at,
       t.updated_at
FROM tools t
JOIN users u ON u.id = t.recommender_id
WHERE t.id = ?
  AND t.deleted = FALSE
]
2026-05-27T00:18:39.542+08:00 DEBUG 56753 --- [tool-share-backend] [           main] o.s.jdbc.core.JdbcTemplate               : Executing prepared SQL query
2026-05-27T00:18:39.542+08:00 DEBUG 56753 --- [tool-share-backend] [           main] o.s.jdbc.core.JdbcTemplate               : Executing prepared SQL statement [SELECT COUNT(*)
FROM tool_favorites
WHERE tool_id = ?
  AND user_id = ?
]
2026-05-27T00:18:39.542+08:00 DEBUG 56753 --- [tool-share-backend] [           main] o.s.jdbc.core.JdbcTemplate               : Executing prepared SQL update
2026-05-27T00:18:39.542+08:00 DEBUG 56753 --- [tool-share-backend] [           main] o.s.jdbc.core.JdbcTemplate               : Executing prepared SQL statement [INSERT INTO tool_favorites (tool_id, user_id)
VALUES (?, ?)
]
2026-05-27T00:18:39.543+08:00 DEBUG 56753 --- [tool-share-backend] [           main] o.s.jdbc.core.JdbcTemplate               : Executing prepared SQL update
2026-05-27T00:18:39.543+08:00 DEBUG 56753 --- [tool-share-backend] [           main] o.s.jdbc.core.JdbcTemplate               : Executing prepared SQL statement [UPDATE tools
SET favorite_count = favorite_count + 1, updated_at = NOW()
WHERE id = ?
  AND deleted = FALSE
]
2026-05-27T00:18:39.543+08:00 DEBUG 56753 --- [tool-share-backend] [           main] m.m.a.RequestResponseBodyMethodProcessor : Using 'application/json', given [*/*] and supported [application/json, application/*+json]
2026-05-27T00:18:39.544+08:00 DEBUG 56753 --- [tool-share-backend] [           main] m.m.a.RequestResponseBodyMethodProcessor : Writing [ApiResponse[status=ok, data=null, message=success]]
2026-05-27T00:18:39.545+08:00 DEBUG 56753 --- [tool-share-backend] [           main] s.w.s.m.m.a.RequestMappingHandlerMapping : Mapped to com.toolshare.engagement.web.ToolEngagementController#createComment(Long, CommentCreateRequest)
2026-05-27T00:18:39.545+08:00 DEBUG 56753 --- [tool-share-backend] [           main] o.s.jdbc.core.JdbcTemplate               : Executing prepared SQL query
2026-05-27T00:18:39.545+08:00 DEBUG 56753 --- [tool-share-backend] [           main] o.s.jdbc.core.JdbcTemplate               : Executing prepared SQL statement [SELECT id, user_code, username, email, real_name, nickname, status, password_hash, login_fail_count, last_login_at, login_locked_until, deleted, created_at, updated_at
FROM users
WHERE id = ?
  AND deleted = FALSE
]
2026-05-27T00:18:39.545+08:00 DEBUG 56753 --- [tool-share-backend] [           main] o.s.jdbc.core.JdbcTemplate               : Executing prepared SQL query
2026-05-27T00:18:39.545+08:00 DEBUG 56753 --- [tool-share-backend] [           main] o.s.jdbc.core.JdbcTemplate               : Executing prepared SQL statement [SELECT ur.user_id, ur.role_id, r.code AS role_code, r.name AS role_name
FROM user_roles ur
JOIN roles r ON r.id = ur.role_id
WHERE ur.user_id IN (?)
  AND r.deleted = FALSE
ORDER BY ur.user_id, ur.role_id
]
2026-05-27T00:18:39.545+08:00 DEBUG 56753 --- [tool-share-backend] [           main] m.m.a.RequestResponseBodyMethodProcessor : Read "application/json;charset=UTF-8" to [CommentCreateRequest[content=<b>很实用</b>]]
2026-05-27T00:18:39.546+08:00 DEBUG 56753 --- [tool-share-backend] [           main] o.s.jdbc.core.JdbcTemplate               : Executing prepared SQL query
2026-05-27T00:18:39.546+08:00 DEBUG 56753 --- [tool-share-backend] [           main] o.s.jdbc.core.JdbcTemplate               : Executing prepared SQL statement [SELECT t.id,
       t.name,
       t.summary,
       t.description,
       t.url,
       t.usage_guide,
       t.recommender_id,
       u.real_name AS recommender_name,
       t.status,
       t.star_count,
       t.favorite_count,
       t.comment_count,
       t.deleted,
       t.created_at,
       t.updated_at
FROM tools t
JOIN users u ON u.id = t.recommender_id
WHERE t.id = ?
  AND t.deleted = FALSE
]
2026-05-27T00:18:39.546+08:00 DEBUG 56753 --- [tool-share-backend] [           main] o.s.jdbc.core.JdbcTemplate               : Executing SQL update and returning generated keys
2026-05-27T00:18:39.546+08:00 DEBUG 56753 --- [tool-share-backend] [           main] o.s.jdbc.core.JdbcTemplate               : Executing prepared SQL statement
2026-05-27T00:18:39.546+08:00 DEBUG 56753 --- [tool-share-backend] [           main] o.s.jdbc.core.JdbcTemplate               : Executing prepared SQL update
2026-05-27T00:18:39.546+08:00 DEBUG 56753 --- [tool-share-backend] [           main] o.s.jdbc.core.JdbcTemplate               : Executing prepared SQL statement [UPDATE tools
SET comment_count = comment_count + 1, updated_at = NOW()
WHERE id = ?
  AND deleted = FALSE
]
2026-05-27T00:18:39.547+08:00 DEBUG 56753 --- [tool-share-backend] [           main] o.s.jdbc.core.JdbcTemplate               : Executing prepared SQL query
2026-05-27T00:18:39.547+08:00 DEBUG 56753 --- [tool-share-backend] [           main] o.s.jdbc.core.JdbcTemplate               : Executing prepared SQL statement [SELECT tc.id,
       tc.tool_id,
       tc.user_id,
       u.real_name AS author_name,
       tc.content,
       tc.status,
       tc.deleted,
       tc.created_at,
       tc.updated_at
FROM tool_comments tc
JOIN users u ON u.id = tc.user_id
WHERE tc.id = ?
  AND tc.deleted = FALSE
]
2026-05-27T00:18:39.547+08:00 DEBUG 56753 --- [tool-share-backend] [           main] m.m.a.RequestResponseBodyMethodProcessor : Using 'application/json', given [*/*] and supported [application/json, application/*+json]
2026-05-27T00:18:39.548+08:00 DEBUG 56753 --- [tool-share-backend] [           main] m.m.a.RequestResponseBodyMethodProcessor : Writing [ApiResponse[status=ok, data=ToolCommentResponse[id=2, toolId=4, userId=11, authorName=Engaged User,  (truncated)...]
2026-05-27T00:18:39.549+08:00 DEBUG 56753 --- [tool-share-backend] [           main] s.w.s.m.m.a.RequestMappingHandlerMapping : Mapped to com.toolshare.tool.web.ToolController#getTool(Long)
2026-05-27T00:18:39.549+08:00 DEBUG 56753 --- [tool-share-backend] [           main] o.s.jdbc.core.JdbcTemplate               : Executing prepared SQL query
2026-05-27T00:18:39.549+08:00 DEBUG 56753 --- [tool-share-backend] [           main] o.s.jdbc.core.JdbcTemplate               : Executing prepared SQL statement [SELECT id, user_code, username, email, real_name, nickname, status, password_hash, login_fail_count, last_login_at, login_locked_until, deleted, created_at, updated_at
FROM users
WHERE id = ?
  AND deleted = FALSE
]
2026-05-27T00:18:39.550+08:00 DEBUG 56753 --- [tool-share-backend] [           main] o.s.jdbc.core.JdbcTemplate               : Executing prepared SQL query
2026-05-27T00:18:39.550+08:00 DEBUG 56753 --- [tool-share-backend] [           main] o.s.jdbc.core.JdbcTemplate               : Executing prepared SQL statement [SELECT ur.user_id, ur.role_id, r.code AS role_code, r.name AS role_name
FROM user_roles ur
JOIN roles r ON r.id = ur.role_id
WHERE ur.user_id IN (?)
  AND r.deleted = FALSE
ORDER BY ur.user_id, ur.role_id
]
2026-05-27T00:18:39.550+08:00 DEBUG 56753 --- [tool-share-backend] [           main] o.s.jdbc.core.JdbcTemplate               : Executing prepared SQL query
2026-05-27T00:18:39.550+08:00 DEBUG 56753 --- [tool-share-backend] [           main] o.s.jdbc.core.JdbcTemplate               : Executing prepared SQL statement [SELECT t.id,
       t.name,
       t.summary,
       t.description,
       t.url,
       t.usage_guide,
       t.recommender_id,
       u.real_name AS recommender_name,
       t.status,
       t.star_count,
       t.favorite_count,
       t.comment_count,
       t.deleted,
       t.created_at,
       t.updated_at
FROM tools t
JOIN users u ON u.id = t.recommender_id
WHERE t.id = ?
  AND t.deleted = FALSE
]
2026-05-27T00:18:39.551+08:00 DEBUG 56753 --- [tool-share-backend] [           main] o.s.jdbc.core.JdbcTemplate               : Executing prepared SQL query
2026-05-27T00:18:39.551+08:00 DEBUG 56753 --- [tool-share-backend] [           main] o.s.jdbc.core.JdbcTemplate               : Executing prepared SQL statement [SELECT ts.id,
       ts.tool_id,
       ts.submitter_id,
       u.real_name AS submitter_name,
       ts.status,
       ts.remark,
       ts.deleted,
       ts.created_at,
       ts.updated_at
FROM tool_submissions ts
JOIN users u ON u.id = ts.submitter_id
WHERE ts.tool_id = ?
  AND ts.deleted = FALSE
ORDER BY ts.created_at DESC, ts.id DESC
LIMIT 1
]
2026-05-27T00:18:39.552+08:00 DEBUG 56753 --- [tool-share-backend] [           main] o.s.jdbc.core.JdbcTemplate               : Executing prepared SQL query
2026-05-27T00:18:39.552+08:00 DEBUG 56753 --- [tool-share-backend] [           main] o.s.jdbc.core.JdbcTemplate               : Executing prepared SQL statement [SELECT tt.tool_id, t.id, t.name, t.description, t.deleted, t.created_at, t.updated_at
FROM tool_tags tt
JOIN tags t ON t.id = tt.tag_id
WHERE tt.tool_id IN (?)
  AND t.deleted = FALSE
ORDER BY tt.tool_id ASC, t.name ASC, t.id ASC
]
2026-05-27T00:18:39.552+08:00 DEBUG 56753 --- [tool-share-backend] [           main] o.s.jdbc.core.JdbcTemplate               : Executing prepared SQL query
2026-05-27T00:18:39.552+08:00 DEBUG 56753 --- [tool-share-backend] [           main] o.s.jdbc.core.JdbcTemplate               : Executing prepared SQL statement [SELECT COUNT(*)
FROM tool_stars
WHERE tool_id = ?
  AND user_id = ?
]
2026-05-27T00:18:39.553+08:00 DEBUG 56753 --- [tool-share-backend] [           main] o.s.jdbc.core.JdbcTemplate               : Executing prepared SQL query
2026-05-27T00:18:39.553+08:00 DEBUG 56753 --- [tool-share-backend] [           main] o.s.jdbc.core.JdbcTemplate               : Executing prepared SQL statement [SELECT COUNT(*)
FROM tool_favorites
WHERE tool_id = ?
  AND user_id = ?
]
2026-05-27T00:18:39.553+08:00 DEBUG 56753 --- [tool-share-backend] [           main] m.m.a.RequestResponseBodyMethodProcessor : Using 'application/json', given [*/*] and supported [application/json, application/*+json]
2026-05-27T00:18:39.563+08:00 DEBUG 56753 --- [tool-share-backend] [           main] m.m.a.RequestResponseBodyMethodProcessor : Writing [ApiResponse[status=ok, data=ToolDetailResponse[id=4, name=Commentable Tool, summary=Commentable Tool (truncated)...]
2026-05-27T00:18:39.568+08:00 DEBUG 56753 --- [tool-share-backend] [           main] s.w.s.m.m.a.RequestMappingHandlerMapping : Mapped to com.toolshare.engagement.web.ToolEngagementController#listComments(Long)
2026-05-27T00:18:39.569+08:00 DEBUG 56753 --- [tool-share-backend] [           main] o.s.jdbc.core.JdbcTemplate               : Executing prepared SQL query
2026-05-27T00:18:39.569+08:00 DEBUG 56753 --- [tool-share-backend] [           main] o.s.jdbc.core.JdbcTemplate               : Executing prepared SQL statement [SELECT id, user_code, username, email, real_name, nickname, status, password_hash, login_fail_count, last_login_at, login_locked_until, deleted, created_at, updated_at
FROM users
WHERE id = ?
  AND deleted = FALSE
]
2026-05-27T00:18:39.569+08:00 DEBUG 56753 --- [tool-share-backend] [           main] o.s.jdbc.core.JdbcTemplate               : Executing prepared SQL query
2026-05-27T00:18:39.569+08:00 DEBUG 56753 --- [tool-share-backend] [           main] o.s.jdbc.core.JdbcTemplate               : Executing prepared SQL statement [SELECT ur.user_id, ur.role_id, r.code AS role_code, r.name AS role_name
FROM user_roles ur
JOIN roles r ON r.id = ur.role_id
WHERE ur.user_id IN (?)
  AND r.deleted = FALSE
ORDER BY ur.user_id, ur.role_id
]
2026-05-27T00:18:39.569+08:00 DEBUG 56753 --- [tool-share-backend] [           main] o.s.jdbc.core.JdbcTemplate               : Executing prepared SQL query
2026-05-27T00:18:39.570+08:00 DEBUG 56753 --- [tool-share-backend] [           main] o.s.jdbc.core.JdbcTemplate               : Executing prepared SQL statement [SELECT t.id,
       t.name,
       t.summary,
       t.description,
       t.url,
       t.usage_guide,
       t.recommender_id,
       u.real_name AS recommender_name,
       t.status,
       t.star_count,
       t.favorite_count,
       t.comment_count,
       t.deleted,
       t.created_at,
       t.updated_at
FROM tools t
JOIN users u ON u.id = t.recommender_id
WHERE t.id = ?
  AND t.deleted = FALSE
]
2026-05-27T00:18:39.570+08:00 DEBUG 56753 --- [tool-share-backend] [           main] o.s.jdbc.core.JdbcTemplate               : Executing prepared SQL query
2026-05-27T00:18:39.570+08:00 DEBUG 56753 --- [tool-share-backend] [           main] o.s.jdbc.core.JdbcTemplate               : Executing prepared SQL statement [SELECT tc.id,
       tc.tool_id,
       tc.user_id,
       u.real_name AS author_name,
       tc.content,
       tc.status,
       tc.deleted,
       tc.created_at,
       tc.updated_at
FROM tool_comments tc
JOIN users u ON u.id = tc.user_id
WHERE tc.tool_id = ?
  AND tc.deleted = FALSE
  AND tc.status = 'VISIBLE'
ORDER BY tc.created_at ASC, tc.id ASC
]
2026-05-27T00:18:39.571+08:00 DEBUG 56753 --- [tool-share-backend] [           main] m.m.a.RequestResponseBodyMethodProcessor : Using 'application/json', given [*/*] and supported [application/json, application/*+json]
2026-05-27T00:18:39.571+08:00 DEBUG 56753 --- [tool-share-backend] [           main] m.m.a.RequestResponseBodyMethodProcessor : Writing [ApiResponse[status=ok, data=[ToolCommentResponse[id=2, toolId=4, userId=11, authorName=Engaged User, (truncated)...]
2026-05-27T00:18:39.577+08:00 DEBUG 56753 --- [tool-share-backend] [           main] s.w.s.m.m.a.RequestMappingHandlerMapping : Mapped to com.toolshare.tool.web.ToolController#listFavorites()
2026-05-27T00:18:39.577+08:00 DEBUG 56753 --- [tool-share-backend] [           main] o.s.jdbc.core.JdbcTemplate               : Executing prepared SQL query
2026-05-27T00:18:39.577+08:00 DEBUG 56753 --- [tool-share-backend] [           main] o.s.jdbc.core.JdbcTemplate               : Executing prepared SQL statement [SELECT id, user_code, username, email, real_name, nickname, status, password_hash, login_fail_count, last_login_at, login_locked_until, deleted, created_at, updated_at
FROM users
WHERE id = ?
  AND deleted = FALSE
]
2026-05-27T00:18:39.577+08:00 DEBUG 56753 --- [tool-share-backend] [           main] o.s.jdbc.core.JdbcTemplate               : Executing prepared SQL query
2026-05-27T00:18:39.577+08:00 DEBUG 56753 --- [tool-share-backend] [           main] o.s.jdbc.core.JdbcTemplate               : Executing prepared SQL statement [SELECT ur.user_id, ur.role_id, r.code AS role_code, r.name AS role_name
FROM user_roles ur
JOIN roles r ON r.id = ur.role_id
WHERE ur.user_id IN (?)
  AND r.deleted = FALSE
ORDER BY ur.user_id, ur.role_id
]
2026-05-27T00:18:39.578+08:00 DEBUG 56753 --- [tool-share-backend] [           main] o.s.jdbc.core.JdbcTemplate               : Executing prepared SQL query
2026-05-27T00:18:39.578+08:00 DEBUG 56753 --- [tool-share-backend] [           main] o.s.jdbc.core.JdbcTemplate               : Executing prepared SQL statement [SELECT tool_id
FROM tool_favorites
WHERE user_id = ?
ORDER BY created_at DESC, id DESC
]
2026-05-27T00:18:39.579+08:00 DEBUG 56753 --- [tool-share-backend] [           main] o.s.jdbc.core.JdbcTemplate               : Executing prepared SQL query
2026-05-27T00:18:39.579+08:00 DEBUG 56753 --- [tool-share-backend] [           main] o.s.jdbc.core.JdbcTemplate               : Executing prepared SQL statement [SELECT t.id,
       t.name,
       t.summary,
       t.description,
       t.url,
       t.usage_guide,
       t.recommender_id,
       u.real_name AS recommender_name,
       t.status,
       t.star_count,
       t.favorite_count,
       t.comment_count,
       t.deleted,
       t.created_at,
       t.updated_at
FROM tools t
JOIN users u ON u.id = t.recommender_id
WHERE t.deleted = FALSE
  AND t.id IN (?)
ORDER BY t.updated_at DESC, t.id DESC
]
2026-05-27T00:18:39.579+08:00 DEBUG 56753 --- [tool-share-backend] [           main] o.s.jdbc.core.JdbcTemplate               : Executing prepared SQL query
2026-05-27T00:18:39.580+08:00 DEBUG 56753 --- [tool-share-backend] [           main] o.s.jdbc.core.JdbcTemplate               : Executing prepared SQL statement [SELECT tt.tool_id, t.id, t.name, t.description, t.deleted, t.created_at, t.updated_at
FROM tool_tags tt
JOIN tags t ON t.id = tt.tag_id
WHERE tt.tool_id IN (?)
  AND t.deleted = FALSE
ORDER BY tt.tool_id ASC, t.name ASC, t.id ASC
]
2026-05-27T00:18:39.581+08:00 DEBUG 56753 --- [tool-share-backend] [           main] m.m.a.RequestResponseBodyMethodProcessor : Using 'application/json', given [*/*] and supported [application/json, application/*+json]
2026-05-27T00:18:39.586+08:00 DEBUG 56753 --- [tool-share-backend] [           main] m.m.a.RequestResponseBodyMethodProcessor : Writing [ApiResponse[status=ok, data=[ToolListItemResponse[id=4, name=Commentable Tool, summary=Commentable T (truncated)...]
2026-05-27T00:18:39.588+08:00 DEBUG 56753 --- [tool-share-backend] [           main] o.s.jdbc.core.JdbcTemplate               : Executing prepared SQL query
2026-05-27T00:18:39.588+08:00 DEBUG 56753 --- [tool-share-backend] [           main] o.s.jdbc.core.JdbcTemplate               : Executing prepared SQL statement [SELECT star_count FROM tools WHERE id = ?]
2026-05-27T00:18:39.589+08:00 DEBUG 56753 --- [tool-share-backend] [           main] o.s.jdbc.core.JdbcTemplate               : Executing prepared SQL query
2026-05-27T00:18:39.589+08:00 DEBUG 56753 --- [tool-share-backend] [           main] o.s.jdbc.core.JdbcTemplate               : Executing prepared SQL statement [SELECT favorite_count FROM tools WHERE id = ?]
2026-05-27T00:18:39.589+08:00 DEBUG 56753 --- [tool-share-backend] [           main] o.s.jdbc.core.JdbcTemplate               : Executing prepared SQL query
2026-05-27T00:18:39.589+08:00 DEBUG 56753 --- [tool-share-backend] [           main] o.s.jdbc.core.JdbcTemplate               : Executing prepared SQL statement [SELECT comment_count FROM tools WHERE id = ?]
]]></system-out>
  </testcase>
  <testcase name="duplicateStarShouldBeRejectedAndUnlikeShouldWork" classname="com.toolshare.engagement.web.ToolEngagementControllerTests" time="0.114">
    <system-out><![CDATA[2026-05-27T00:18:39.595+08:00 DEBUG 56753 --- [tool-share-backend] [           main] o.s.jdbc.core.JdbcTemplate               : Executing SQL query [SELECT id FROM users WHERE username = 'admin']
2026-05-27T00:18:39.596+08:00 DEBUG 56753 --- [tool-share-backend] [           main] o.s.jdbc.core.JdbcTemplate               : Executing prepared SQL query
2026-05-27T00:18:39.596+08:00 DEBUG 56753 --- [tool-share-backend] [           main] o.s.jdbc.core.JdbcTemplate               : Executing prepared SQL statement [SELECT id FROM roles WHERE code = ?]
2026-05-27T00:18:39.686+08:00 DEBUG 56753 --- [tool-share-backend] [           main] o.s.jdbc.core.JdbcTemplate               : Executing prepared SQL update
2026-05-27T00:18:39.686+08:00 DEBUG 56753 --- [tool-share-backend] [           main] o.s.jdbc.core.JdbcTemplate               : Executing prepared SQL statement [INSERT INTO users (username, email, password_hash, real_name, nickname, status, user_code, created_by, updated_by)
VALUES (?, ?, ?, ?, ?, ?, ?, ?, ?)
]
2026-05-27T00:18:39.687+08:00 DEBUG 56753 --- [tool-share-backend] [           main] o.s.jdbc.core.JdbcTemplate               : Executing prepared SQL query
2026-05-27T00:18:39.687+08:00 DEBUG 56753 --- [tool-share-backend] [           main] o.s.jdbc.core.JdbcTemplate               : Executing prepared SQL statement [SELECT id FROM users WHERE username = ?]
2026-05-27T00:18:39.687+08:00 DEBUG 56753 --- [tool-share-backend] [           main] o.s.jdbc.core.JdbcTemplate               : Executing prepared SQL update
2026-05-27T00:18:39.687+08:00 DEBUG 56753 --- [tool-share-backend] [           main] o.s.jdbc.core.JdbcTemplate               : Executing prepared SQL statement [INSERT INTO user_roles (user_id, role_id) VALUES (?, ?)]
2026-05-27T00:18:39.688+08:00 DEBUG 56753 --- [tool-share-backend] [           main] o.s.jdbc.core.JdbcTemplate               : Executing prepared SQL update
2026-05-27T00:18:39.688+08:00 DEBUG 56753 --- [tool-share-backend] [           main] o.s.jdbc.core.JdbcTemplate               : Executing prepared SQL statement [INSERT INTO tools (name, summary, description, url, usage_guide, recommender_id, status, star_count, favorite_count, comment_count, created_by, updated_by)
VALUES (?, ?, ?, ?, ?, ?, 'APPROVED', 0, 0, 0, ?, ?)
]
2026-05-27T00:18:39.688+08:00 DEBUG 56753 --- [tool-share-backend] [           main] o.s.jdbc.core.JdbcTemplate               : Executing prepared SQL query
2026-05-27T00:18:39.688+08:00 DEBUG 56753 --- [tool-share-backend] [           main] o.s.jdbc.core.JdbcTemplate               : Executing prepared SQL statement [SELECT id FROM tools WHERE name = ?]
2026-05-27T00:18:39.689+08:00 DEBUG 56753 --- [tool-share-backend] [           main] s.w.s.m.m.a.RequestMappingHandlerMapping : Mapped to com.toolshare.engagement.web.ToolEngagementController#starTool(Long)
2026-05-27T00:18:39.689+08:00 DEBUG 56753 --- [tool-share-backend] [           main] o.s.jdbc.core.JdbcTemplate               : Executing prepared SQL query
2026-05-27T00:18:39.689+08:00 DEBUG 56753 --- [tool-share-backend] [           main] o.s.jdbc.core.JdbcTemplate               : Executing prepared SQL statement [SELECT id, user_code, username, email, real_name, nickname, status, password_hash, login_fail_count, last_login_at, login_locked_until, deleted, created_at, updated_at
FROM users
WHERE id = ?
  AND deleted = FALSE
]
2026-05-27T00:18:39.690+08:00 DEBUG 56753 --- [tool-share-backend] [           main] o.s.jdbc.core.JdbcTemplate               : Executing prepared SQL query
2026-05-27T00:18:39.690+08:00 DEBUG 56753 --- [tool-share-backend] [           main] o.s.jdbc.core.JdbcTemplate               : Executing prepared SQL statement [SELECT ur.user_id, ur.role_id, r.code AS role_code, r.name AS role_name
FROM user_roles ur
JOIN roles r ON r.id = ur.role_id
WHERE ur.user_id IN (?)
  AND r.deleted = FALSE
ORDER BY ur.user_id, ur.role_id
]
2026-05-27T00:18:39.691+08:00 DEBUG 56753 --- [tool-share-backend] [           main] o.s.jdbc.core.JdbcTemplate               : Executing prepared SQL query
2026-05-27T00:18:39.691+08:00 DEBUG 56753 --- [tool-share-backend] [           main] o.s.jdbc.core.JdbcTemplate               : Executing prepared SQL statement [SELECT t.id,
       t.name,
       t.summary,
       t.description,
       t.url,
       t.usage_guide,
       t.recommender_id,
       u.real_name AS recommender_name,
       t.status,
       t.star_count,
       t.favorite_count,
       t.comment_count,
       t.deleted,
       t.created_at,
       t.updated_at
FROM tools t
JOIN users u ON u.id = t.recommender_id
WHERE t.id = ?
  AND t.deleted = FALSE
]
2026-05-27T00:18:39.691+08:00 DEBUG 56753 --- [tool-share-backend] [           main] o.s.jdbc.core.JdbcTemplate               : Executing prepared SQL query
2026-05-27T00:18:39.691+08:00 DEBUG 56753 --- [tool-share-backend] [           main] o.s.jdbc.core.JdbcTemplate               : Executing prepared SQL statement [SELECT COUNT(*)
FROM tool_stars
WHERE tool_id = ?
  AND user_id = ?
]
2026-05-27T00:18:39.692+08:00 DEBUG 56753 --- [tool-share-backend] [           main] o.s.jdbc.core.JdbcTemplate               : Executing prepared SQL update
2026-05-27T00:18:39.692+08:00 DEBUG 56753 --- [tool-share-backend] [           main] o.s.jdbc.core.JdbcTemplate               : Executing prepared SQL statement [INSERT INTO tool_stars (tool_id, user_id)
VALUES (?, ?)
]
2026-05-27T00:18:39.692+08:00 DEBUG 56753 --- [tool-share-backend] [           main] o.s.jdbc.core.JdbcTemplate               : Executing prepared SQL update
2026-05-27T00:18:39.692+08:00 DEBUG 56753 --- [tool-share-backend] [           main] o.s.jdbc.core.JdbcTemplate               : Executing prepared SQL statement [UPDATE tools
SET star_count = star_count + 1, updated_at = NOW()
WHERE id = ?
  AND deleted = FALSE
]
2026-05-27T00:18:39.692+08:00 DEBUG 56753 --- [tool-share-backend] [           main] m.m.a.RequestResponseBodyMethodProcessor : Using 'application/json', given [*/*] and supported [application/json, application/*+json]
2026-05-27T00:18:39.693+08:00 DEBUG 56753 --- [tool-share-backend] [           main] m.m.a.RequestResponseBodyMethodProcessor : Writing [ApiResponse[status=ok, data=null, message=success]]
2026-05-27T00:18:39.693+08:00 DEBUG 56753 --- [tool-share-backend] [           main] s.w.s.m.m.a.RequestMappingHandlerMapping : Mapped to com.toolshare.engagement.web.ToolEngagementController#starTool(Long)
2026-05-27T00:18:39.694+08:00 DEBUG 56753 --- [tool-share-backend] [           main] o.s.jdbc.core.JdbcTemplate               : Executing prepared SQL query
2026-05-27T00:18:39.694+08:00 DEBUG 56753 --- [tool-share-backend] [           main] o.s.jdbc.core.JdbcTemplate               : Executing prepared SQL statement [SELECT id, user_code, username, email, real_name, nickname, status, password_hash, login_fail_count, last_login_at, login_locked_until, deleted, created_at, updated_at
FROM users
WHERE id = ?
  AND deleted = FALSE
]
2026-05-27T00:18:39.694+08:00 DEBUG 56753 --- [tool-share-backend] [           main] o.s.jdbc.core.JdbcTemplate               : Executing prepared SQL query
2026-05-27T00:18:39.694+08:00 DEBUG 56753 --- [tool-share-backend] [           main] o.s.jdbc.core.JdbcTemplate               : Executing prepared SQL statement [SELECT ur.user_id, ur.role_id, r.code AS role_code, r.name AS role_name
FROM user_roles ur
JOIN roles r ON r.id = ur.role_id
WHERE ur.user_id IN (?)
  AND r.deleted = FALSE
ORDER BY ur.user_id, ur.role_id
]
2026-05-27T00:18:39.695+08:00 DEBUG 56753 --- [tool-share-backend] [           main] o.s.jdbc.core.JdbcTemplate               : Executing prepared SQL query
2026-05-27T00:18:39.695+08:00 DEBUG 56753 --- [tool-share-backend] [           main] o.s.jdbc.core.JdbcTemplate               : Executing prepared SQL statement [SELECT t.id,
       t.name,
       t.summary,
       t.description,
       t.url,
       t.usage_guide,
       t.recommender_id,
       u.real_name AS recommender_name,
       t.status,
       t.star_count,
       t.favorite_count,
       t.comment_count,
       t.deleted,
       t.created_at,
       t.updated_at
FROM tools t
JOIN users u ON u.id = t.recommender_id
WHERE t.id = ?
  AND t.deleted = FALSE
]
2026-05-27T00:18:39.695+08:00 DEBUG 56753 --- [tool-share-backend] [           main] o.s.jdbc.core.JdbcTemplate               : Executing prepared SQL query
2026-05-27T00:18:39.695+08:00 DEBUG 56753 --- [tool-share-backend] [           main] o.s.jdbc.core.JdbcTemplate               : Executing prepared SQL statement [SELECT COUNT(*)
FROM tool_stars
WHERE tool_id = ?
  AND user_id = ?
]
2026-05-27T00:18:39.695+08:00 DEBUG 56753 --- [tool-share-backend] [           main] .m.m.a.ExceptionHandlerExceptionResolver : Using @ExceptionHandler com.toolshare.config.GlobalExceptionHandler#handleBadRequest(BadRequestException, HttpServletRequest)
2026-05-27T00:18:39.695+08:00  WARN 56753 --- [tool-share-backend] [           main] c.t.config.GlobalExceptionHandler        : bad request: method=POST, path=/api/tools/5/stars, user=star-user#12, 当前工具已点赞，请勿重复操作
2026-05-27T00:18:39.696+08:00 DEBUG 56753 --- [tool-share-backend] [           main] o.s.w.s.m.m.a.HttpEntityMethodProcessor  : Using 'application/json', given [*/*] and supported [application/json, application/*+json]
2026-05-27T00:18:39.696+08:00 DEBUG 56753 --- [tool-share-backend] [           main] o.s.w.s.m.m.a.HttpEntityMethodProcessor  : Writing [ApiResponse[status=error, data=null, message=当前工具已点赞，请勿重复操作]]
2026-05-27T00:18:39.696+08:00 DEBUG 56753 --- [tool-share-backend] [           main] .m.m.a.ExceptionHandlerExceptionResolver : Resolved [com.toolshare.exception.BadRequestException: 当前工具已点赞，请勿重复操作]
2026-05-27T00:18:39.698+08:00 DEBUG 56753 --- [tool-share-backend] [           main] s.w.s.m.m.a.RequestMappingHandlerMapping : Mapped to com.toolshare.engagement.web.ToolEngagementController#unstarTool(Long)
2026-05-27T00:18:39.698+08:00 DEBUG 56753 --- [tool-share-backend] [           main] o.s.jdbc.core.JdbcTemplate               : Executing prepared SQL query
2026-05-27T00:18:39.698+08:00 DEBUG 56753 --- [tool-share-backend] [           main] o.s.jdbc.core.JdbcTemplate               : Executing prepared SQL statement [SELECT id, user_code, username, email, real_name, nickname, status, password_hash, login_fail_count, last_login_at, login_locked_until, deleted, created_at, updated_at
FROM users
WHERE id = ?
  AND deleted = FALSE
]
2026-05-27T00:18:39.700+08:00 DEBUG 56753 --- [tool-share-backend] [           main] o.s.jdbc.core.JdbcTemplate               : Executing prepared SQL query
2026-05-27T00:18:39.701+08:00 DEBUG 56753 --- [tool-share-backend] [           main] o.s.jdbc.core.JdbcTemplate               : Executing prepared SQL statement [SELECT ur.user_id, ur.role_id, r.code AS role_code, r.name AS role_name
FROM user_roles ur
JOIN roles r ON r.id = ur.role_id
WHERE ur.user_id IN (?)
  AND r.deleted = FALSE
ORDER BY ur.user_id, ur.role_id
]
2026-05-27T00:18:39.702+08:00 DEBUG 56753 --- [tool-share-backend] [           main] o.s.jdbc.core.JdbcTemplate               : Executing prepared SQL query
2026-05-27T00:18:39.702+08:00 DEBUG 56753 --- [tool-share-backend] [           main] o.s.jdbc.core.JdbcTemplate               : Executing prepared SQL statement [SELECT t.id,
       t.name,
       t.summary,
       t.description,
       t.url,
       t.usage_guide,
       t.recommender_id,
       u.real_name AS recommender_name,
       t.status,
       t.star_count,
       t.favorite_count,
       t.comment_count,
       t.deleted,
       t.created_at,
       t.updated_at
FROM tools t
JOIN users u ON u.id = t.recommender_id
WHERE t.id = ?
  AND t.deleted = FALSE
]
2026-05-27T00:18:39.703+08:00 DEBUG 56753 --- [tool-share-backend] [           main] o.s.jdbc.core.JdbcTemplate               : Executing prepared SQL query
2026-05-27T00:18:39.703+08:00 DEBUG 56753 --- [tool-share-backend] [           main] o.s.jdbc.core.JdbcTemplate               : Executing prepared SQL statement [SELECT COUNT(*)
FROM tool_stars
WHERE tool_id = ?
  AND user_id = ?
]
2026-05-27T00:18:39.703+08:00 DEBUG 56753 --- [tool-share-backend] [           main] o.s.jdbc.core.JdbcTemplate               : Executing prepared SQL update
2026-05-27T00:18:39.703+08:00 DEBUG 56753 --- [tool-share-backend] [           main] o.s.jdbc.core.JdbcTemplate               : Executing prepared SQL statement [DELETE FROM tool_stars
WHERE tool_id = ?
  AND user_id = ?
]
2026-05-27T00:18:39.703+08:00 DEBUG 56753 --- [tool-share-backend] [           main] o.s.jdbc.core.JdbcTemplate               : Executing prepared SQL update
2026-05-27T00:18:39.703+08:00 DEBUG 56753 --- [tool-share-backend] [           main] o.s.jdbc.core.JdbcTemplate               : Executing prepared SQL statement [UPDATE tools
SET star_count = CASE WHEN star_count > 0 THEN star_count - 1 ELSE 0 END, updated_at = NOW()
WHERE id = ?
  AND deleted = FALSE
]
2026-05-27T00:18:39.704+08:00 DEBUG 56753 --- [tool-share-backend] [           main] m.m.a.RequestResponseBodyMethodProcessor : Using 'application/json', given [*/*] and supported [application/json, application/*+json]
2026-05-27T00:18:39.704+08:00 DEBUG 56753 --- [tool-share-backend] [           main] m.m.a.RequestResponseBodyMethodProcessor : Writing [ApiResponse[status=ok, data=null, message=success]]
2026-05-27T00:18:39.705+08:00 DEBUG 56753 --- [tool-share-backend] [           main] o.s.jdbc.core.JdbcTemplate               : Executing prepared SQL query
2026-05-27T00:18:39.705+08:00 DEBUG 56753 --- [tool-share-backend] [           main] o.s.jdbc.core.JdbcTemplate               : Executing prepared SQL statement [SELECT star_count FROM tools WHERE id = ?]
]]></system-out>
  </testcase>
</testsuite>